[2.245s] Invoking command in '/home/shumy/ros2_ws/src/mypkg': PYTHONPATH=/home/shumy/ros2_ws/build/mypkg/prefix_override:/home/shumy/ros2_ws/install/mypkg/lib/python3.8/site-packages:${PYTHONPATH} /usr/bin/python3 setup.py egg_info --egg-base ../../build/mypkg build --build-base /home/shumy/ros2_ws/build/mypkg/build install --record /home/shumy/ros2_ws/build/mypkg/install.log --install-scripts $base/lib/mypkg --single-version-externally-managed
[2.573s] running egg_info
[2.576s] writing ../../build/mypkg/mypkg.egg-info/PKG-INFO
[2.591s] writing dependency_links to ../../build/mypkg/mypkg.egg-info/dependency_links.txt
[2.592s] writing entry points to ../../build/mypkg/mypkg.egg-info/entry_points.txt
[2.592s] writing requirements to ../../build/mypkg/mypkg.egg-info/requires.txt
[2.603s] writing top-level names to ../../build/mypkg/mypkg.egg-info/top_level.txt
[2.633s] reading manifest file '../../build/mypkg/mypkg.egg-info/SOURCES.txt'
[2.634s] writing manifest file '../../build/mypkg/mypkg.egg-info/SOURCES.txt'
[2.635s] running build
[2.636s] running build_py
[2.642s] running install
[2.643s] running install_lib
[2.643s] running install_data
[2.643s] running install_egg_info
[2.645s] removing '/home/shumy/ros2_ws/install/mypkg/lib/python3.8/site-packages/mypkg-0.0.0-py3.8.egg-info' (and everything under it)
[2.645s] Copying ../../build/mypkg/mypkg.egg-info to /home/shumy/ros2_ws/install/mypkg/lib/python3.8/site-packages/mypkg-0.0.0-py3.8.egg-info
[2.646s] running install_scripts
[2.671s] Installing listener script to /home/shumy/ros2_ws/install/mypkg/lib/mypkg
[2.671s] Installing talker script to /home/shumy/ros2_ws/install/mypkg/lib/mypkg
[2.672s] writing list of installed files to '/home/shumy/ros2_ws/build/mypkg/install.log'
[2.701s] Invoked command in '/home/shumy/ros2_ws/src/mypkg' returned '0': PYTHONPATH=/home/shumy/ros2_ws/build/mypkg/prefix_override:/home/shumy/ros2_ws/install/mypkg/lib/python3.8/site-packages:${PYTHONPATH} /usr/bin/python3 setup.py egg_info --egg-base ../../build/mypkg build --build-base /home/shumy/ros2_ws/build/mypkg/build install --record /home/shumy/ros2_ws/build/mypkg/install.log --install-scripts $base/lib/mypkg --single-version-externally-managed
