[0.438s] Invoking command in '/home/shumy/ros2_ws/src/mypkg': PYTHONPATH=/home/shumy/ros2_ws/build/mypkg/prefix_override:/home/shumy/ros2_ws/install/mypkg/lib/python3.8/site-packages:${PYTHONPATH} /usr/bin/python3 setup.py egg_info --egg-base ../../build/mypkg build --build-base /home/shumy/ros2_ws/build/mypkg/build install --record /home/shumy/ros2_ws/build/mypkg/install.log --install-scripts $base/lib/mypkg --single-version-externally-managed
[0.556s] running egg_info
[0.556s] writing ../../build/mypkg/mypkg.egg-info/PKG-INFO
[0.557s] writing dependency_links to ../../build/mypkg/mypkg.egg-info/dependency_links.txt
[0.557s] writing entry points to ../../build/mypkg/mypkg.egg-info/entry_points.txt
[0.557s] writing requirements to ../../build/mypkg/mypkg.egg-info/requires.txt
[0.557s] writing top-level names to ../../build/mypkg/mypkg.egg-info/top_level.txt
[0.578s] reading manifest file '../../build/mypkg/mypkg.egg-info/SOURCES.txt'
[0.578s] writing manifest file '../../build/mypkg/mypkg.egg-info/SOURCES.txt'
[0.579s] running build
[0.579s] running build_py
[0.579s] running install
[0.579s] running install_lib
[0.580s] running install_data
[0.580s] copying launch/talk_listen.launch.py -> /home/shumy/ros2_ws/install/mypkg/share/mypkg
[0.581s] running install_egg_info
[0.581s] removing '/home/shumy/ros2_ws/install/mypkg/lib/python3.8/site-packages/mypkg-0.0.0-py3.8.egg-info' (and everything under it)
[0.582s] Copying ../../build/mypkg/mypkg.egg-info to /home/shumy/ros2_ws/install/mypkg/lib/python3.8/site-packages/mypkg-0.0.0-py3.8.egg-info
[0.582s] running install_scripts
[0.593s] Installing listener script to /home/shumy/ros2_ws/install/mypkg/lib/mypkg
[0.593s] Installing talker script to /home/shumy/ros2_ws/install/mypkg/lib/mypkg
[0.593s] writing list of installed files to '/home/shumy/ros2_ws/build/mypkg/install.log'
[0.609s] Invoked command in '/home/shumy/ros2_ws/src/mypkg' returned '0': PYTHONPATH=/home/shumy/ros2_ws/build/mypkg/prefix_override:/home/shumy/ros2_ws/install/mypkg/lib/python3.8/site-packages:${PYTHONPATH} /usr/bin/python3 setup.py egg_info --egg-base ../../build/mypkg build --build-base /home/shumy/ros2_ws/build/mypkg/build install --record /home/shumy/ros2_ws/build/mypkg/install.log --install-scripts $base/lib/mypkg --single-version-externally-managed
