[1.606s] Invoking command in '/home/shumy/ros2_ws/src/mypkg': PYTHONPATH=/home/shumy/ros2_ws/build/mypkg/prefix_override:/home/shumy/ros2_ws/install/mypkg/lib/python3.8/site-packages:${PYTHONPATH} /usr/bin/python3 setup.py egg_info --egg-base ../../build/mypkg build --build-base /home/shumy/ros2_ws/build/mypkg/build install --record /home/shumy/ros2_ws/build/mypkg/install.log --install-scripts $base/lib/mypkg --single-version-externally-managed
[1.936s] running egg_info
[1.936s] writing ../../build/mypkg/mypkg.egg-info/PKG-INFO
[1.937s] writing dependency_links to ../../build/mypkg/mypkg.egg-info/dependency_links.txt
[1.938s] writing entry points to ../../build/mypkg/mypkg.egg-info/entry_points.txt
[1.938s] writing requirements to ../../build/mypkg/mypkg.egg-info/requires.txt
[1.938s] writing top-level names to ../../build/mypkg/mypkg.egg-info/top_level.txt
[1.990s] reading manifest file '../../build/mypkg/mypkg.egg-info/SOURCES.txt'
[1.992s] writing manifest file '../../build/mypkg/mypkg.egg-info/SOURCES.txt'
[1.992s] running build
[1.992s] running build_py
[1.993s] copying mypkg/talker.py -> /home/shumy/ros2_ws/build/mypkg/build/lib/mypkg
[1.993s] running install
[1.995s] running install_lib
[1.996s] copying /home/shumy/ros2_ws/build/mypkg/build/lib/mypkg/talker.py -> /home/shumy/ros2_ws/install/mypkg/lib/python3.8/site-packages/mypkg
[1.997s] byte-compiling /home/shumy/ros2_ws/install/mypkg/lib/python3.8/site-packages/mypkg/talker.py to talker.cpython-38.pyc
[1.999s] running install_data
[2.000s] copying package.xml -> /home/shumy/ros2_ws/install/mypkg/share/mypkg
[2.001s] running install_egg_info
[2.003s] removing '/home/shumy/ros2_ws/install/mypkg/lib/python3.8/site-packages/mypkg-0.0.0-py3.8.egg-info' (and everything under it)
[2.004s] Copying ../../build/mypkg/mypkg.egg-info to /home/shumy/ros2_ws/install/mypkg/lib/python3.8/site-packages/mypkg-0.0.0-py3.8.egg-info
[2.007s] running install_scripts
[2.032s] Installing talker script to /home/shumy/ros2_ws/install/mypkg/lib/mypkg
[2.033s] writing list of installed files to '/home/shumy/ros2_ws/build/mypkg/install.log'
[2.072s] Invoked command in '/home/shumy/ros2_ws/src/mypkg' returned '0': PYTHONPATH=/home/shumy/ros2_ws/build/mypkg/prefix_override:/home/shumy/ros2_ws/install/mypkg/lib/python3.8/site-packages:${PYTHONPATH} /usr/bin/python3 setup.py egg_info --egg-base ../../build/mypkg build --build-base /home/shumy/ros2_ws/build/mypkg/build install --record /home/shumy/ros2_ws/build/mypkg/install.log --install-scripts $base/lib/mypkg --single-version-externally-managed
