[0.646s] Invoking command in '/home/shumy/ros2_ws/src/mypkg': PYTHONPATH=/home/shumy/ros2_ws/src/build/mypkg/prefix_override:/home/shumy/ros2_ws/src/install/mypkg/lib/python3.8/site-packages:${PYTHONPATH} /usr/bin/python3 setup.py egg_info --egg-base ../build/mypkg build --build-base /home/shumy/ros2_ws/src/build/mypkg/build install --record /home/shumy/ros2_ws/src/build/mypkg/install.log --install-scripts $base/lib/mypkg --single-version-externally-managed
[0.770s] running egg_info
[0.770s] writing ../build/mypkg/mypkg.egg-info/PKG-INFO
[0.771s] writing dependency_links to ../build/mypkg/mypkg.egg-info/dependency_links.txt
[0.771s] writing entry points to ../build/mypkg/mypkg.egg-info/entry_points.txt
[0.771s] writing requirements to ../build/mypkg/mypkg.egg-info/requires.txt
[0.771s] writing top-level names to ../build/mypkg/mypkg.egg-info/top_level.txt
[0.793s] reading manifest file '../build/mypkg/mypkg.egg-info/SOURCES.txt'
[0.794s] writing manifest file '../build/mypkg/mypkg.egg-info/SOURCES.txt'
[0.794s] running build
[0.794s] running build_py
[0.794s] copying mypkg/talker.py -> /home/shumy/ros2_ws/src/build/mypkg/build/lib/mypkg
[0.794s] copying mypkg/listener.py -> /home/shumy/ros2_ws/src/build/mypkg/build/lib/mypkg
[0.794s] running install
[0.795s] running install_lib
[0.796s] copying /home/shumy/ros2_ws/src/build/mypkg/build/lib/mypkg/talker.py -> /home/shumy/ros2_ws/src/install/mypkg/lib/python3.8/site-packages/mypkg
[0.796s] copying /home/shumy/ros2_ws/src/build/mypkg/build/lib/mypkg/listener.py -> /home/shumy/ros2_ws/src/install/mypkg/lib/python3.8/site-packages/mypkg
[0.796s] byte-compiling /home/shumy/ros2_ws/src/install/mypkg/lib/python3.8/site-packages/mypkg/talker.py to talker.cpython-38.pyc
[0.797s] byte-compiling /home/shumy/ros2_ws/src/install/mypkg/lib/python3.8/site-packages/mypkg/listener.py to listener.cpython-38.pyc
[0.797s] running install_data
[0.798s] copying package.xml -> /home/shumy/ros2_ws/src/install/mypkg/share/mypkg
[0.798s] copying launch/talk_listen.launch.py -> /home/shumy/ros2_ws/src/install/mypkg/share/mypkg
[0.798s] running install_egg_info
[0.799s] removing '/home/shumy/ros2_ws/src/install/mypkg/lib/python3.8/site-packages/mypkg-0.0.0-py3.8.egg-info' (and everything under it)
[0.799s] Copying ../build/mypkg/mypkg.egg-info to /home/shumy/ros2_ws/src/install/mypkg/lib/python3.8/site-packages/mypkg-0.0.0-py3.8.egg-info
[0.800s] running install_scripts
[0.812s] Installing listener script to /home/shumy/ros2_ws/src/install/mypkg/lib/mypkg
[0.813s] Installing talker script to /home/shumy/ros2_ws/src/install/mypkg/lib/mypkg
[0.813s] writing list of installed files to '/home/shumy/ros2_ws/src/build/mypkg/install.log'
[0.833s] Invoked command in '/home/shumy/ros2_ws/src/mypkg' returned '0': PYTHONPATH=/home/shumy/ros2_ws/src/build/mypkg/prefix_override:/home/shumy/ros2_ws/src/install/mypkg/lib/python3.8/site-packages:${PYTHONPATH} /usr/bin/python3 setup.py egg_info --egg-base ../build/mypkg build --build-base /home/shumy/ros2_ws/src/build/mypkg/build install --record /home/shumy/ros2_ws/src/build/mypkg/install.log --install-scripts $base/lib/mypkg --single-version-externally-managed
