[1.829s] Invoking command in '/home/shumy/ros2_ws/src/mypkg': PYTHONPATH=/home/shumy/ros2_ws/build/mypkg/prefix_override:/home/shumy/ros2_ws/install/mypkg/lib/python3.8/site-packages:${PYTHONPATH} /usr/bin/python3 setup.py egg_info --egg-base ../../build/mypkg build --build-base /home/shumy/ros2_ws/build/mypkg/build install --record /home/shumy/ros2_ws/build/mypkg/install.log --install-scripts $base/lib/mypkg --single-version-externally-managed
[2.168s] running egg_info
[2.169s] writing ../../build/mypkg/mypkg.egg-info/PKG-INFO
[2.169s] writing dependency_links to ../../build/mypkg/mypkg.egg-info/dependency_links.txt
[2.171s] writing entry points to ../../build/mypkg/mypkg.egg-info/entry_points.txt
[2.172s] writing requirements to ../../build/mypkg/mypkg.egg-info/requires.txt
[2.172s] writing top-level names to ../../build/mypkg/mypkg.egg-info/top_level.txt
[2.231s] reading manifest file '../../build/mypkg/mypkg.egg-info/SOURCES.txt'
[2.233s] writing manifest file '../../build/mypkg/mypkg.egg-info/SOURCES.txt'
[2.233s] running build
[2.234s] running build_py
[2.234s] copying mypkg/talker.py -> /home/shumy/ros2_ws/build/mypkg/build/lib/mypkg
[2.235s] running install
[2.236s] running install_lib
[2.236s] copying /home/shumy/ros2_ws/build/mypkg/build/lib/mypkg/talker.py -> /home/shumy/ros2_ws/install/mypkg/lib/python3.8/site-packages/mypkg
[2.237s] byte-compiling /home/shumy/ros2_ws/install/mypkg/lib/python3.8/site-packages/mypkg/talker.py to talker.cpython-38.pyc
[2.244s] running install_data
[2.250s] running install_egg_info
[2.252s] removing '/home/shumy/ros2_ws/install/mypkg/lib/python3.8/site-packages/mypkg-0.0.0-py3.8.egg-info' (and everything under it)
[2.253s] Copying ../../build/mypkg/mypkg.egg-info to /home/shumy/ros2_ws/install/mypkg/lib/python3.8/site-packages/mypkg-0.0.0-py3.8.egg-info
[2.253s] running install_scripts
[2.274s] Installing listener script to /home/shumy/ros2_ws/install/mypkg/lib/mypkg
[2.275s] Installing talker script to /home/shumy/ros2_ws/install/mypkg/lib/mypkg
[2.275s] writing list of installed files to '/home/shumy/ros2_ws/build/mypkg/install.log'
[2.308s] Invoked command in '/home/shumy/ros2_ws/src/mypkg' returned '0': PYTHONPATH=/home/shumy/ros2_ws/build/mypkg/prefix_override:/home/shumy/ros2_ws/install/mypkg/lib/python3.8/site-packages:${PYTHONPATH} /usr/bin/python3 setup.py egg_info --egg-base ../../build/mypkg build --build-base /home/shumy/ros2_ws/build/mypkg/build install --record /home/shumy/ros2_ws/build/mypkg/install.log --install-scripts $base/lib/mypkg --single-version-externally-managed
