[2.048s] Invoking command in '/home/shumy/ros2_ws/src/mypkg': PYTHONPATH=/home/shumy/ros2_ws/src/build/mypkg/prefix_override:/home/shumy/ros2_ws/src/install/mypkg/lib/python3.8/site-packages:${PYTHONPATH} /usr/bin/python3 setup.py egg_info --egg-base ../build/mypkg build --build-base /home/shumy/ros2_ws/src/build/mypkg/build install --record /home/shumy/ros2_ws/src/build/mypkg/install.log --install-scripts $base/lib/mypkg --single-version-externally-managed
[2.401s] running egg_info
[2.401s] writing ../build/mypkg/mypkg.egg-info/PKG-INFO
[2.404s] writing dependency_links to ../build/mypkg/mypkg.egg-info/dependency_links.txt
[2.405s] writing entry points to ../build/mypkg/mypkg.egg-info/entry_points.txt
[2.405s] writing requirements to ../build/mypkg/mypkg.egg-info/requires.txt
[2.405s] writing top-level names to ../build/mypkg/mypkg.egg-info/top_level.txt
[2.468s] reading manifest file '../build/mypkg/mypkg.egg-info/SOURCES.txt'
[2.473s] writing manifest file '../build/mypkg/mypkg.egg-info/SOURCES.txt'
[2.473s] running build
[2.473s] running build_py
[2.474s] copying mypkg/talker.py -> /home/shumy/ros2_ws/src/build/mypkg/build/lib/mypkg
[2.474s] running install
[2.477s] running install_lib
[2.480s] copying /home/shumy/ros2_ws/src/build/mypkg/build/lib/mypkg/talker.py -> /home/shumy/ros2_ws/src/install/mypkg/lib/python3.8/site-packages/mypkg
[2.480s] byte-compiling /home/shumy/ros2_ws/src/install/mypkg/lib/python3.8/site-packages/mypkg/talker.py to talker.cpython-38.pyc
[2.481s] running install_data
[2.483s] running install_egg_info
[2.489s] removing '/home/shumy/ros2_ws/src/install/mypkg/lib/python3.8/site-packages/mypkg-0.0.0-py3.8.egg-info' (and everything under it)
[2.489s] Copying ../build/mypkg/mypkg.egg-info to /home/shumy/ros2_ws/src/install/mypkg/lib/python3.8/site-packages/mypkg-0.0.0-py3.8.egg-info
[2.490s] running install_scripts
[2.520s] Installing listener script to /home/shumy/ros2_ws/src/install/mypkg/lib/mypkg
[2.520s] Installing talker script to /home/shumy/ros2_ws/src/install/mypkg/lib/mypkg
[2.520s] writing list of installed files to '/home/shumy/ros2_ws/src/build/mypkg/install.log'
[2.550s] Invoked command in '/home/shumy/ros2_ws/src/mypkg' returned '0': PYTHONPATH=/home/shumy/ros2_ws/src/build/mypkg/prefix_override:/home/shumy/ros2_ws/src/install/mypkg/lib/python3.8/site-packages:${PYTHONPATH} /usr/bin/python3 setup.py egg_info --egg-base ../build/mypkg build --build-base /home/shumy/ros2_ws/src/build/mypkg/build install --record /home/shumy/ros2_ws/src/build/mypkg/install.log --install-scripts $base/lib/mypkg --single-version-externally-managed
