[0.567s] Invoking command in '/home/shumy/ros2_ws/src/mypkg': PYTHONPATH=/home/shumy/ros2_ws/src/build/mypkg/prefix_override:/home/shumy/ros2_ws/src/install/mypkg/lib/python3.8/site-packages:${PYTHONPATH} /usr/bin/python3 setup.py egg_info --egg-base ../build/mypkg build --build-base /home/shumy/ros2_ws/src/build/mypkg/build install --record /home/shumy/ros2_ws/src/build/mypkg/install.log --install-scripts $base/lib/mypkg --single-version-externally-managed
[0.687s] running egg_info
[0.687s] creating ../build/mypkg/mypkg.egg-info
[0.687s] writing ../build/mypkg/mypkg.egg-info/PKG-INFO
[0.688s] writing dependency_links to ../build/mypkg/mypkg.egg-info/dependency_links.txt
[0.688s] writing entry points to ../build/mypkg/mypkg.egg-info/entry_points.txt
[0.688s] writing requirements to ../build/mypkg/mypkg.egg-info/requires.txt
[0.688s] writing top-level names to ../build/mypkg/mypkg.egg-info/top_level.txt
[0.690s] writing manifest file '../build/mypkg/mypkg.egg-info/SOURCES.txt'
[0.710s] reading manifest file '../build/mypkg/mypkg.egg-info/SOURCES.txt'
[0.710s] writing manifest file '../build/mypkg/mypkg.egg-info/SOURCES.txt'
[0.711s] running build
[0.711s] running build_py
[0.711s] creating /home/shumy/ros2_ws/src/build/mypkg/build
[0.711s] creating /home/shumy/ros2_ws/src/build/mypkg/build/lib
[0.711s] creating /home/shumy/ros2_ws/src/build/mypkg/build/lib/mypkg
[0.711s] copying mypkg/talker.py -> /home/shumy/ros2_ws/src/build/mypkg/build/lib/mypkg
[0.711s] copying mypkg/__init__.py -> /home/shumy/ros2_ws/src/build/mypkg/build/lib/mypkg
[0.712s] running install
[0.712s] running install_lib
[0.713s] creating /home/shumy/ros2_ws/src/install/mypkg/lib/python3.8/site-packages/mypkg
[0.713s] copying /home/shumy/ros2_ws/src/build/mypkg/build/lib/mypkg/talker.py -> /home/shumy/ros2_ws/src/install/mypkg/lib/python3.8/site-packages/mypkg
[0.713s] copying /home/shumy/ros2_ws/src/build/mypkg/build/lib/mypkg/__init__.py -> /home/shumy/ros2_ws/src/install/mypkg/lib/python3.8/site-packages/mypkg
[0.713s] byte-compiling /home/shumy/ros2_ws/src/install/mypkg/lib/python3.8/site-packages/mypkg/talker.py to talker.cpython-38.pyc
[0.714s] byte-compiling /home/shumy/ros2_ws/src/install/mypkg/lib/python3.8/site-packages/mypkg/__init__.py to __init__.cpython-38.pyc
[0.715s] running install_data
[0.715s] creating /home/shumy/ros2_ws/src/install/mypkg/share/ament_index
[0.715s] creating /home/shumy/ros2_ws/src/install/mypkg/share/ament_index/resource_index
[0.715s] creating /home/shumy/ros2_ws/src/install/mypkg/share/ament_index/resource_index/packages
[0.715s] copying resource/mypkg -> /home/shumy/ros2_ws/src/install/mypkg/share/ament_index/resource_index/packages
[0.716s] copying package.xml -> /home/shumy/ros2_ws/src/install/mypkg/share/mypkg
[0.716s] running install_egg_info
[0.717s] Copying ../build/mypkg/mypkg.egg-info to /home/shumy/ros2_ws/src/install/mypkg/lib/python3.8/site-packages/mypkg-0.0.0-py3.8.egg-info
[0.718s] running install_scripts
[0.729s] Installing talker script to /home/shumy/ros2_ws/src/install/mypkg/lib/mypkg
[0.729s] writing list of installed files to '/home/shumy/ros2_ws/src/build/mypkg/install.log'
[0.745s] Invoked command in '/home/shumy/ros2_ws/src/mypkg' returned '0': PYTHONPATH=/home/shumy/ros2_ws/src/build/mypkg/prefix_override:/home/shumy/ros2_ws/src/install/mypkg/lib/python3.8/site-packages:${PYTHONPATH} /usr/bin/python3 setup.py egg_info --egg-base ../build/mypkg build --build-base /home/shumy/ros2_ws/src/build/mypkg/build install --record /home/shumy/ros2_ws/src/build/mypkg/install.log --install-scripts $base/lib/mypkg --single-version-externally-managed
