[0.659s] Invoking command in '/home/shumy/ros2_ws/src/mypkg': PYTHONPATH=/home/shumy/ros2_ws/build/mypkg/prefix_override:/home/shumy/ros2_ws/install/mypkg/lib/python3.8/site-packages:${PYTHONPATH} /usr/bin/python3 setup.py egg_info --egg-base ../../build/mypkg build --build-base /home/shumy/ros2_ws/build/mypkg/build install --record /home/shumy/ros2_ws/build/mypkg/install.log --install-scripts $base/lib/mypkg --single-version-externally-managed
[0.784s] running egg_info
[0.784s] writing ../../build/mypkg/mypkg.egg-info/PKG-INFO
[0.785s] writing dependency_links to ../../build/mypkg/mypkg.egg-info/dependency_links.txt
[0.785s] writing entry points to ../../build/mypkg/mypkg.egg-info/entry_points.txt
[0.785s] writing requirements to ../../build/mypkg/mypkg.egg-info/requires.txt
[0.785s] writing top-level names to ../../build/mypkg/mypkg.egg-info/top_level.txt
[0.807s] reading manifest file '../../build/mypkg/mypkg.egg-info/SOURCES.txt'
[0.808s] writing manifest file '../../build/mypkg/mypkg.egg-info/SOURCES.txt'
[0.808s] running build
[0.808s] running build_py
[0.808s] running install
[0.809s] running install_lib
[0.810s] running install_data
[0.810s] running install_egg_info
[0.811s] removing '/home/shumy/ros2_ws/install/mypkg/lib/python3.8/site-packages/mypkg-0.0.0-py3.8.egg-info' (and everything under it)
[0.811s] Copying ../../build/mypkg/mypkg.egg-info to /home/shumy/ros2_ws/install/mypkg/lib/python3.8/site-packages/mypkg-0.0.0-py3.8.egg-info
[0.812s] running install_scripts
[0.823s] Installing listener script to /home/shumy/ros2_ws/install/mypkg/lib/mypkg
[0.824s] Installing talker script to /home/shumy/ros2_ws/install/mypkg/lib/mypkg
[0.824s] writing list of installed files to '/home/shumy/ros2_ws/build/mypkg/install.log'
[0.841s] Invoked command in '/home/shumy/ros2_ws/src/mypkg' returned '0': PYTHONPATH=/home/shumy/ros2_ws/build/mypkg/prefix_override:/home/shumy/ros2_ws/install/mypkg/lib/python3.8/site-packages:${PYTHONPATH} /usr/bin/python3 setup.py egg_info --egg-base ../../build/mypkg build --build-base /home/shumy/ros2_ws/build/mypkg/build install --record /home/shumy/ros2_ws/build/mypkg/install.log --install-scripts $base/lib/mypkg --single-version-externally-managed
