[0.602s] Invoking command in '/home/shumy/ros2_ws/src/mypkg': PYTHONPATH=/home/shumy/ros2_ws/build/mypkg/prefix_override:/home/shumy/ros2_ws/install/mypkg/lib/python3.8/site-packages:${PYTHONPATH} /usr/bin/python3 setup.py egg_info --egg-base ../../build/mypkg build --build-base /home/shumy/ros2_ws/build/mypkg/build install --record /home/shumy/ros2_ws/build/mypkg/install.log --install-scripts $base/lib/mypkg --single-version-externally-managed
[0.718s] running egg_info
[0.718s] writing ../../build/mypkg/mypkg.egg-info/PKG-INFO
[0.718s] writing dependency_links to ../../build/mypkg/mypkg.egg-info/dependency_links.txt
[0.719s] writing entry points to ../../build/mypkg/mypkg.egg-info/entry_points.txt
[0.719s] writing requirements to ../../build/mypkg/mypkg.egg-info/requires.txt
[0.719s] writing top-level names to ../../build/mypkg/mypkg.egg-info/top_level.txt
[0.741s] reading manifest file '../../build/mypkg/mypkg.egg-info/SOURCES.txt'
[0.742s] writing manifest file '../../build/mypkg/mypkg.egg-info/SOURCES.txt'
[0.742s] running build
[0.743s] running build_py
[0.743s] running install
[0.743s] running install_lib
[0.744s] running install_data
[0.744s] running install_egg_info
[0.745s] removing '/home/shumy/ros2_ws/install/mypkg/lib/python3.8/site-packages/mypkg-0.0.0-py3.8.egg-info' (and everything under it)
[0.745s] Copying ../../build/mypkg/mypkg.egg-info to /home/shumy/ros2_ws/install/mypkg/lib/python3.8/site-packages/mypkg-0.0.0-py3.8.egg-info
[0.746s] running install_scripts
[0.757s] Installing listener script to /home/shumy/ros2_ws/install/mypkg/lib/mypkg
[0.757s] Installing talker script to /home/shumy/ros2_ws/install/mypkg/lib/mypkg
[0.757s] writing list of installed files to '/home/shumy/ros2_ws/build/mypkg/install.log'
[0.771s] Invoked command in '/home/shumy/ros2_ws/src/mypkg' returned '0': PYTHONPATH=/home/shumy/ros2_ws/build/mypkg/prefix_override:/home/shumy/ros2_ws/install/mypkg/lib/python3.8/site-packages:${PYTHONPATH} /usr/bin/python3 setup.py egg_info --egg-base ../../build/mypkg build --build-base /home/shumy/ros2_ws/build/mypkg/build install --record /home/shumy/ros2_ws/build/mypkg/install.log --install-scripts $base/lib/mypkg --single-version-externally-managed
