[0.303s] Invoking command in '/home/shumy/ros2_ws/build/person_msgs': CMAKE_PREFIX_PATH=/home/shumy/ros2_ws/install/mypkg:/opt/ros/foxy /usr/bin/cmake /home/shumy/ros2_ws/src/person_msgs -DCMAKE_INSTALL_PREFIX=/home/shumy/ros2_ws/install/person_msgs
[0.557s] -- The C compiler identification is GNU 9.4.0
[0.837s] -- The CXX compiler identification is GNU 9.4.0
[0.950s] -- Check for working C compiler: /usr/bin/cc
[1.068s] -- Check for working C compiler: /usr/bin/cc -- works
[1.070s] -- Detecting C compiler ABI info
[1.184s] -- Detecting C compiler ABI info - done
[1.192s] -- Detecting C compile features
[1.193s] -- Detecting C compile features - done
[1.195s] -- Check for working CXX compiler: /usr/bin/c++
[1.313s] -- Check for working CXX compiler: /usr/bin/c++ -- works
[1.313s] -- Detecting CXX compiler ABI info
[1.439s] -- Detecting CXX compiler ABI info - done
[1.446s] -- Detecting CXX compile features
[1.446s] -- Detecting CXX compile features - done
[1.451s] -- Found ament_cmake: 0.9.12 (/opt/ros/foxy/share/ament_cmake/cmake)
[1.472s] -- Found PythonInterp: /usr/bin/python3 (found suitable version "3.8.10", minimum required is "3") 
[1.472s] -- Using PYTHON_EXECUTABLE: /usr/bin/python3
[1.608s] -- Found rosidl_default_generators: 1.0.1 (/opt/ros/foxy/share/rosidl_default_generators/cmake)
[1.613s] -- Using all available rosidl_typesupport_c: rosidl_typesupport_fastrtps_c;rosidl_typesupport_introspection_c
[1.621s] -- Found rosidl_adapter: 1.3.1 (/opt/ros/foxy/share/rosidl_adapter/cmake)
[2.669s] -- Found OpenSSL: /usr/lib/x86_64-linux-gnu/libcrypto.so (found version "1.1.1f")  
[3.582s] -- Found FastRTPS: /opt/ros/foxy/include  
[5.243s] -- Using all available rosidl_typesupport_cpp: rosidl_typesupport_fastrtps_cpp;rosidl_typesupport_introspection_cpp
[5.282s] -- Found PythonInterp: /usr/bin/python3 (found version "3.8.10") 
[5.359s] -- Found ament_cmake_ros: 0.9.2 (/opt/ros/foxy/share/ament_cmake_ros/cmake)
[8.738s] -- Using all available rosidl_typesupport_c: rosidl_typesupport_fastrtps_c;rosidl_typesupport_introspection_c
[8.746s] -- Using all available rosidl_typesupport_cpp: rosidl_typesupport_fastrtps_cpp;rosidl_typesupport_introspection_cpp
[8.761s] -- Found PythonInterp: /usr/bin/python3 (found suitable version "3.8.10", minimum required is "3.5") 
[8.763s] -- Found python_cmake_module: 0.8.1 (/opt/ros/foxy/share/python_cmake_module/cmake)
[9.098s] -- Found PythonLibs: /usr/lib/x86_64-linux-gnu/libpython3.8.so (found suitable version "3.8.10", minimum required is "3.5") 
[9.098s] -- Using PYTHON_EXECUTABLE: /usr/bin/python3
[9.098s] -- Using PYTHON_INCLUDE_DIRS: /usr/include/python3.8
[9.098s] -- Using PYTHON_LIBRARIES: /usr/lib/x86_64-linux-gnu/libpython3.8.so
[9.112s] -- Found PythonExtra: .so  
[9.174s] -- Found ament_lint_auto: 0.9.8 (/opt/ros/foxy/share/ament_lint_auto/cmake)
[9.202s] -- Added test 'copyright' to check source files copyright and LICENSE
[9.204s] -- Added test 'lint_cmake' to check CMake code style
[9.205s] -- Added test 'xmllint' to check XML markup files
[9.209s] -- Configuring done
[9.229s] -- Generating done
[9.230s] -- Build files have been written to: /home/shumy/ros2_ws/build/person_msgs
[9.236s] Invoked command in '/home/shumy/ros2_ws/build/person_msgs' returned '0': CMAKE_PREFIX_PATH=/home/shumy/ros2_ws/install/mypkg:/opt/ros/foxy /usr/bin/cmake /home/shumy/ros2_ws/src/person_msgs -DCMAKE_INSTALL_PREFIX=/home/shumy/ros2_ws/install/person_msgs
[9.239s] Invoking command in '/home/shumy/ros2_ws/build/person_msgs': CMAKE_PREFIX_PATH=/home/shumy/ros2_ws/install/mypkg:/opt/ros/foxy /usr/bin/cmake --build /home/shumy/ros2_ws/build/person_msgs -- -j16 -l16
[9.262s] [35m[1mScanning dependencies of target person_msgs__cpp[0m
[9.262s] [  3%] [34m[1mGenerating C code for ROS interfaces[0m
[9.268s] [  6%] [34m[1mGenerating C++ code for ROS interfaces[0m
[9.406s] [35m[1mScanning dependencies of target person_msgs__rosidl_generator_c[0m
[9.409s] [  6%] Built target person_msgs__cpp
[9.415s] [ 16%] [34m[1mGenerating C++ type support dispatch for ROS interfaces[0m
[9.415s] [ 16%] [34m[1mGenerating C++ type support for eProsima Fast-RTPS[0m
[9.415s] [ 16%] [34m[1mGenerating C++ introspection for ROS interfaces[0m
[9.416s] [ 19%] [32mBuilding C object CMakeFiles/person_msgs__rosidl_generator_c.dir/rosidl_generator_c/person_msgs/msg/detail/person__functions.c.o[0m
[9.467s] [ 22%] [32m[1mLinking C shared library libperson_msgs__rosidl_generator_c.so[0m
[9.548s] [35m[1mScanning dependencies of target person_msgs__rosidl_typesupport_cpp[0m
[9.557s] [35m[1mScanning dependencies of target person_msgs__rosidl_typesupport_introspection_cpp[0m
[9.558s] [ 25%] [32mBuilding CXX object CMakeFiles/person_msgs__rosidl_typesupport_cpp.dir/rosidl_typesupport_cpp/person_msgs/msg/person__type_support.cpp.o[0m
[9.563s] [ 25%] Built target person_msgs__rosidl_generator_c
[9.563s] [35m[1mScanning dependencies of target person_msgs__rosidl_typesupport_fastrtps_cpp[0m
[9.568s] [ 29%] [32mBuilding CXX object CMakeFiles/person_msgs__rosidl_typesupport_introspection_cpp.dir/rosidl_typesupport_introspection_cpp/person_msgs/msg/detail/person__type_support.cpp.o[0m
[9.569s] [ 35%] [34m[1mGenerating C type support dispatch for ROS interfaces[0m
[9.569s] [ 35%] [34m[1mGenerating C introspection for ROS interfaces[0m
[9.576s] [ 38%] [32mBuilding CXX object CMakeFiles/person_msgs__rosidl_typesupport_fastrtps_cpp.dir/rosidl_typesupport_fastrtps_cpp/person_msgs/msg/detail/dds_fastrtps/person__type_support.cpp.o[0m
[9.697s] [35m[1mScanning dependencies of target person_msgs__rosidl_typesupport_c[0m
[9.706s] [ 41%] [32mBuilding CXX object CMakeFiles/person_msgs__rosidl_typesupport_c.dir/rosidl_typesupport_c/person_msgs/msg/person__type_support.cpp.o[0m
[9.725s] [35m[1mScanning dependencies of target person_msgs__rosidl_typesupport_introspection_c[0m
[9.729s] [ 45%] [32m[1mLinking CXX shared library libperson_msgs__rosidl_typesupport_c.so[0m
[9.734s] [ 48%] [32mBuilding C object CMakeFiles/person_msgs__rosidl_typesupport_introspection_c.dir/rosidl_typesupport_introspection_c/person_msgs/msg/detail/person__type_support.c.o[0m
[9.757s] [ 51%] [32m[1mLinking C shared library libperson_msgs__rosidl_typesupport_introspection_c.so[0m
[9.802s] [ 58%] [32m[1mLinking CXX shared library libperson_msgs__rosidl_typesupport_introspection_cpp.so[0m
[9.802s] [ 58%] [32m[1mLinking CXX shared library libperson_msgs__rosidl_typesupport_cpp.so[0m
[9.844s] [ 58%] Built target person_msgs__rosidl_typesupport_c
[9.855s] [ 58%] Built target person_msgs__rosidl_typesupport_introspection_c
[9.882s] [ 58%] Built target person_msgs__rosidl_typesupport_cpp
[9.897s] [ 58%] Built target person_msgs__rosidl_typesupport_introspection_cpp
[9.923s] [ 61%] [32m[1mLinking CXX shared library libperson_msgs__rosidl_typesupport_fastrtps_cpp.so[0m
[10.036s] [ 61%] Built target person_msgs__rosidl_typesupport_fastrtps_cpp
[10.042s] [ 64%] [34m[1mGenerating C type support for eProsima Fast-RTPS[0m
[10.177s] [35m[1mScanning dependencies of target person_msgs__rosidl_typesupport_fastrtps_c[0m
[10.188s] [ 67%] [32mBuilding CXX object CMakeFiles/person_msgs__rosidl_typesupport_fastrtps_c.dir/rosidl_typesupport_fastrtps_c/person_msgs/msg/detail/person__type_support_c.cpp.o[0m
[10.417s] [ 70%] [32m[1mLinking CXX shared library libperson_msgs__rosidl_typesupport_fastrtps_c.so[0m
[10.530s] [ 70%] Built target person_msgs__rosidl_typesupport_fastrtps_c
[10.536s] [35m[1mScanning dependencies of target person_msgs[0m
[10.541s] [ 70%] Built target person_msgs
[10.547s] [35m[1mScanning dependencies of target person_msgs__py[0m
[10.553s] [ 74%] [34m[1mGenerating Python code for ROS interfaces[0m
[10.844s] [ 74%] Built target person_msgs__py
[10.850s] [35m[1mScanning dependencies of target person_msgs__python[0m
[10.885s] [ 77%] [32mBuilding C object CMakeFiles/person_msgs__python.dir/rosidl_generator_py/person_msgs/msg/_person_s.c.o[0m
[10.953s] [ 80%] [32m[1mLinking C shared library rosidl_generator_py/person_msgs/libperson_msgs__python.so[0m
[11.044s] [ 80%] Built target person_msgs__python
[11.050s] [35m[1mScanning dependencies of target person_msgs__rosidl_typesupport_c__pyext[0m
[11.050s] [35m[1mScanning dependencies of target person_msgs__rosidl_typesupport_introspection_c__pyext[0m
[11.050s] [35m[1mScanning dependencies of target person_msgs__rosidl_typesupport_fastrtps_c__pyext[0m
[11.062s] [ 90%] [32mBuilding C object CMakeFiles/person_msgs__rosidl_typesupport_fastrtps_c__pyext.dir/rosidl_generator_py/person_msgs/_person_msgs_s.ep.rosidl_typesupport_fastrtps_c.c.o[0m
[11.062s] [ 90%] [32mBuilding C object CMakeFiles/person_msgs__rosidl_typesupport_c__pyext.dir/rosidl_generator_py/person_msgs/_person_msgs_s.ep.rosidl_typesupport_c.c.o[0m
[11.062s] [ 90%] [32mBuilding C object CMakeFiles/person_msgs__rosidl_typesupport_introspection_c__pyext.dir/rosidl_generator_py/person_msgs/_person_msgs_s.ep.rosidl_typesupport_introspection_c.c.o[0m
[11.113s] [100%] [32m[1mLinking CXX shared library rosidl_generator_py/person_msgs/person_msgs_s__rosidl_typesupport_fastrtps_c.cpython-38-x86_64-linux-gnu.so[0m
[11.113s] [100%] [32m[1mLinking C shared library rosidl_generator_py/person_msgs/person_msgs_s__rosidl_typesupport_introspection_c.cpython-38-x86_64-linux-gnu.so[0m
[11.113s] [100%] [32m[1mLinking C shared library rosidl_generator_py/person_msgs/person_msgs_s__rosidl_typesupport_c.cpython-38-x86_64-linux-gnu.so[0m
[11.182s] [100%] Built target person_msgs__rosidl_typesupport_c__pyext
[11.182s] [100%] Built target person_msgs__rosidl_typesupport_introspection_c__pyext
[11.199s] [100%] Built target person_msgs__rosidl_typesupport_fastrtps_c__pyext
[11.206s] Invoked command in '/home/shumy/ros2_ws/build/person_msgs' returned '0': CMAKE_PREFIX_PATH=/home/shumy/ros2_ws/install/mypkg:/opt/ros/foxy /usr/bin/cmake --build /home/shumy/ros2_ws/build/person_msgs -- -j16 -l16
[11.242s] Invoking command in '/home/shumy/ros2_ws/build/person_msgs': CMAKE_PREFIX_PATH=/home/shumy/ros2_ws/install/mypkg:/opt/ros/foxy /usr/bin/cmake --install /home/shumy/ros2_ws/build/person_msgs
[11.247s] -- Install configuration: ""
[11.247s] -- Installing: /home/shumy/ros2_ws/install/person_msgs/share/ament_index/resource_index/rosidl_interfaces/person_msgs
[11.248s] -- Installing: /home/shumy/ros2_ws/install/person_msgs/include/person_msgs
[11.248s] -- Installing: /home/shumy/ros2_ws/install/person_msgs/include/person_msgs/msg
[11.248s] -- Installing: /home/shumy/ros2_ws/install/person_msgs/include/person_msgs/msg/person.h
[11.248s] -- Installing: /home/shumy/ros2_ws/install/person_msgs/include/person_msgs/msg/rosidl_generator_c__visibility_control.h
[11.248s] -- Installing: /home/shumy/ros2_ws/install/person_msgs/include/person_msgs/msg/detail
[11.248s] -- Installing: /home/shumy/ros2_ws/install/person_msgs/include/person_msgs/msg/detail/person__functions.c
[11.249s] -- Installing: /home/shumy/ros2_ws/install/person_msgs/include/person_msgs/msg/detail/person__type_support.h
[11.249s] -- Installing: /home/shumy/ros2_ws/install/person_msgs/include/person_msgs/msg/detail/person__functions.h
[11.249s] -- Installing: /home/shumy/ros2_ws/install/person_msgs/include/person_msgs/msg/detail/person__struct.h
[11.249s] -- Installing: /home/shumy/ros2_ws/install/person_msgs/share/person_msgs/environment/library_path.sh
[11.249s] -- Installing: /home/shumy/ros2_ws/install/person_msgs/share/person_msgs/environment/library_path.dsv
[11.249s] -- Installing: /home/shumy/ros2_ws/install/person_msgs/lib/libperson_msgs__rosidl_generator_c.so
[11.249s] -- Set runtime path of "/home/shumy/ros2_ws/install/person_msgs/lib/libperson_msgs__rosidl_generator_c.so" to ""
[11.249s] -- Up-to-date: /home/shumy/ros2_ws/install/person_msgs/include/person_msgs
[11.249s] -- Up-to-date: /home/shumy/ros2_ws/install/person_msgs/include/person_msgs/msg
[11.249s] -- Installing: /home/shumy/ros2_ws/install/person_msgs/include/person_msgs/msg/rosidl_typesupport_fastrtps_c__visibility_control.h
[11.250s] -- Up-to-date: /home/shumy/ros2_ws/install/person_msgs/include/person_msgs/msg/detail
[11.250s] -- Installing: /home/shumy/ros2_ws/install/person_msgs/include/person_msgs/msg/detail/person__rosidl_typesupport_fastrtps_c.h
[11.250s] -- Installing: /home/shumy/ros2_ws/install/person_msgs/lib/libperson_msgs__rosidl_typesupport_fastrtps_c.so
[11.250s] -- Set runtime path of "/home/shumy/ros2_ws/install/person_msgs/lib/libperson_msgs__rosidl_typesupport_fastrtps_c.so" to ""
[11.250s] -- Up-to-date: /home/shumy/ros2_ws/install/person_msgs/include/person_msgs
[11.250s] -- Up-to-date: /home/shumy/ros2_ws/install/person_msgs/include/person_msgs/msg
[11.251s] -- Installing: /home/shumy/ros2_ws/install/person_msgs/include/person_msgs/msg/rosidl_typesupport_fastrtps_cpp__visibility_control.h
[11.251s] -- Up-to-date: /home/shumy/ros2_ws/install/person_msgs/include/person_msgs/msg/detail
[11.251s] -- Installing: /home/shumy/ros2_ws/install/person_msgs/include/person_msgs/msg/detail/dds_fastrtps
[11.251s] -- Installing: /home/shumy/ros2_ws/install/person_msgs/include/person_msgs/msg/detail/person__rosidl_typesupport_fastrtps_cpp.hpp
[11.251s] -- Installing: /home/shumy/ros2_ws/install/person_msgs/lib/libperson_msgs__rosidl_typesupport_fastrtps_cpp.so
[11.251s] -- Set runtime path of "/home/shumy/ros2_ws/install/person_msgs/lib/libperson_msgs__rosidl_typesupport_fastrtps_cpp.so" to ""
[11.251s] -- Up-to-date: /home/shumy/ros2_ws/install/person_msgs/include/person_msgs
[11.251s] -- Up-to-date: /home/shumy/ros2_ws/install/person_msgs/include/person_msgs/msg
[11.251s] -- Installing: /home/shumy/ros2_ws/install/person_msgs/include/person_msgs/msg/rosidl_typesupport_introspection_c__visibility_control.h
[11.252s] -- Up-to-date: /home/shumy/ros2_ws/install/person_msgs/include/person_msgs/msg/detail
[11.252s] -- Installing: /home/shumy/ros2_ws/install/person_msgs/include/person_msgs/msg/detail/person__type_support.c
[11.252s] -- Installing: /home/shumy/ros2_ws/install/person_msgs/include/person_msgs/msg/detail/person__rosidl_typesupport_introspection_c.h
[11.252s] -- Installing: /home/shumy/ros2_ws/install/person_msgs/lib/libperson_msgs__rosidl_typesupport_introspection_c.so
[11.252s] -- Set runtime path of "/home/shumy/ros2_ws/install/person_msgs/lib/libperson_msgs__rosidl_typesupport_introspection_c.so" to ""
[11.252s] -- Installing: /home/shumy/ros2_ws/install/person_msgs/lib/libperson_msgs__rosidl_typesupport_c.so
[11.252s] -- Set runtime path of "/home/shumy/ros2_ws/install/person_msgs/lib/libperson_msgs__rosidl_typesupport_c.so" to ""
[11.252s] -- Up-to-date: /home/shumy/ros2_ws/install/person_msgs/include/person_msgs
[11.253s] -- Up-to-date: /home/shumy/ros2_ws/install/person_msgs/include/person_msgs/msg
[11.253s] -- Installing: /home/shumy/ros2_ws/install/person_msgs/include/person_msgs/msg/person.hpp
[11.253s] -- Installing: /home/shumy/ros2_ws/install/person_msgs/include/person_msgs/msg/rosidl_generator_cpp__visibility_control.hpp
[11.253s] -- Up-to-date: /home/shumy/ros2_ws/install/person_msgs/include/person_msgs/msg/detail
[11.253s] -- Installing: /home/shumy/ros2_ws/install/person_msgs/include/person_msgs/msg/detail/person__builder.hpp
[11.253s] -- Installing: /home/shumy/ros2_ws/install/person_msgs/include/person_msgs/msg/detail/person__type_support.hpp
[11.253s] -- Installing: /home/shumy/ros2_ws/install/person_msgs/include/person_msgs/msg/detail/person__traits.hpp
[11.253s] -- Installing: /home/shumy/ros2_ws/install/person_msgs/include/person_msgs/msg/detail/person__struct.hpp
[11.253s] -- Up-to-date: /home/shumy/ros2_ws/install/person_msgs/include/person_msgs
[11.253s] -- Up-to-date: /home/shumy/ros2_ws/install/person_msgs/include/person_msgs/msg
[11.253s] -- Up-to-date: /home/shumy/ros2_ws/install/person_msgs/include/person_msgs/msg/detail
[11.253s] -- Installing: /home/shumy/ros2_ws/install/person_msgs/include/person_msgs/msg/detail/person__rosidl_typesupport_introspection_cpp.hpp
[11.253s] -- Installing: /home/shumy/ros2_ws/install/person_msgs/include/person_msgs/msg/detail/person__type_support.cpp
[11.253s] -- Installing: /home/shumy/ros2_ws/install/person_msgs/lib/libperson_msgs__rosidl_typesupport_introspection_cpp.so
[11.254s] -- Set runtime path of "/home/shumy/ros2_ws/install/person_msgs/lib/libperson_msgs__rosidl_typesupport_introspection_cpp.so" to ""
[11.254s] -- Installing: /home/shumy/ros2_ws/install/person_msgs/lib/libperson_msgs__rosidl_typesupport_cpp.so
[11.254s] -- Set runtime path of "/home/shumy/ros2_ws/install/person_msgs/lib/libperson_msgs__rosidl_typesupport_cpp.so" to ""
[11.254s] -- Installing: /home/shumy/ros2_ws/install/person_msgs/share/person_msgs/environment/pythonpath.sh
[11.254s] -- Installing: /home/shumy/ros2_ws/install/person_msgs/share/person_msgs/environment/pythonpath.dsv
[11.254s] -- Installing: /home/shumy/ros2_ws/install/person_msgs/lib/python3.8/site-packages/person_msgs/__init__.py
[11.273s] Compiling '/home/shumy/ros2_ws/install/person_msgs/lib/python3.8/site-packages/person_msgs/__init__.py'...
[11.275s] -- Installing: /home/shumy/ros2_ws/install/person_msgs/lib/python3.8/site-packages/person_msgs/msg
[11.275s] -- Installing: /home/shumy/ros2_ws/install/person_msgs/lib/python3.8/site-packages/person_msgs/msg/_person.py
[11.276s] -- Installing: /home/shumy/ros2_ws/install/person_msgs/lib/python3.8/site-packages/person_msgs/msg/_person_s.c
[11.276s] -- Installing: /home/shumy/ros2_ws/install/person_msgs/lib/python3.8/site-packages/person_msgs/msg/__init__.py
[11.276s] -- Installing: /home/shumy/ros2_ws/install/person_msgs/lib/python3.8/site-packages/person_msgs/person_msgs_s__rosidl_typesupport_fastrtps_c.cpython-38-x86_64-linux-gnu.so
[11.276s] -- Set runtime path of "/home/shumy/ros2_ws/install/person_msgs/lib/python3.8/site-packages/person_msgs/person_msgs_s__rosidl_typesupport_fastrtps_c.cpython-38-x86_64-linux-gnu.so" to ""
[11.276s] -- Installing: /home/shumy/ros2_ws/install/person_msgs/lib/python3.8/site-packages/person_msgs/person_msgs_s__rosidl_typesupport_introspection_c.cpython-38-x86_64-linux-gnu.so
[11.277s] -- Set runtime path of "/home/shumy/ros2_ws/install/person_msgs/lib/python3.8/site-packages/person_msgs/person_msgs_s__rosidl_typesupport_introspection_c.cpython-38-x86_64-linux-gnu.so" to ""
[11.277s] -- Installing: /home/shumy/ros2_ws/install/person_msgs/lib/python3.8/site-packages/person_msgs/person_msgs_s__rosidl_typesupport_c.cpython-38-x86_64-linux-gnu.so
[11.277s] -- Set runtime path of "/home/shumy/ros2_ws/install/person_msgs/lib/python3.8/site-packages/person_msgs/person_msgs_s__rosidl_typesupport_c.cpython-38-x86_64-linux-gnu.so" to ""
[11.277s] -- Installing: /home/shumy/ros2_ws/install/person_msgs/lib/libperson_msgs__python.so
[11.278s] -- Set runtime path of "/home/shumy/ros2_ws/install/person_msgs/lib/libperson_msgs__python.so" to ""
[11.278s] -- Installing: /home/shumy/ros2_ws/install/person_msgs/share/person_msgs/msg/Person.idl
[11.278s] -- Installing: /home/shumy/ros2_ws/install/person_msgs/share/person_msgs/msg/Person.msg
[11.278s] -- Installing: /home/shumy/ros2_ws/install/person_msgs/share/ament_index/resource_index/package_run_dependencies/person_msgs
[11.278s] -- Installing: /home/shumy/ros2_ws/install/person_msgs/share/ament_index/resource_index/parent_prefix_path/person_msgs
[11.279s] -- Installing: /home/shumy/ros2_ws/install/person_msgs/share/person_msgs/environment/ament_prefix_path.sh
[11.279s] -- Installing: /home/shumy/ros2_ws/install/person_msgs/share/person_msgs/environment/ament_prefix_path.dsv
[11.279s] -- Installing: /home/shumy/ros2_ws/install/person_msgs/share/person_msgs/environment/path.sh
[11.279s] -- Installing: /home/shumy/ros2_ws/install/person_msgs/share/person_msgs/environment/path.dsv
[11.279s] -- Installing: /home/shumy/ros2_ws/install/person_msgs/share/person_msgs/local_setup.bash
[11.279s] -- Installing: /home/shumy/ros2_ws/install/person_msgs/share/person_msgs/local_setup.sh
[11.279s] -- Installing: /home/shumy/ros2_ws/install/person_msgs/share/person_msgs/local_setup.zsh
[11.279s] -- Installing: /home/shumy/ros2_ws/install/person_msgs/share/person_msgs/local_setup.dsv
[11.280s] -- Installing: /home/shumy/ros2_ws/install/person_msgs/share/person_msgs/package.dsv
[11.280s] -- Installing: /home/shumy/ros2_ws/install/person_msgs/share/ament_index/resource_index/packages/person_msgs
[11.280s] -- Installing: /home/shumy/ros2_ws/install/person_msgs/share/person_msgs/cmake/person_msgs__rosidl_generator_cExport.cmake
[11.280s] -- Installing: /home/shumy/ros2_ws/install/person_msgs/share/person_msgs/cmake/person_msgs__rosidl_generator_cExport-noconfig.cmake
[11.280s] -- Installing: /home/shumy/ros2_ws/install/person_msgs/share/person_msgs/cmake/person_msgs__rosidl_typesupport_introspection_cExport.cmake
[11.280s] -- Installing: /home/shumy/ros2_ws/install/person_msgs/share/person_msgs/cmake/person_msgs__rosidl_typesupport_introspection_cExport-noconfig.cmake
[11.280s] -- Installing: /home/shumy/ros2_ws/install/person_msgs/share/person_msgs/cmake/person_msgs__rosidl_typesupport_cExport.cmake
[11.281s] -- Installing: /home/shumy/ros2_ws/install/person_msgs/share/person_msgs/cmake/person_msgs__rosidl_typesupport_cExport-noconfig.cmake
[11.281s] -- Installing: /home/shumy/ros2_ws/install/person_msgs/share/person_msgs/cmake/person_msgs__rosidl_generator_cppExport.cmake
[11.281s] -- Installing: /home/shumy/ros2_ws/install/person_msgs/share/person_msgs/cmake/person_msgs__rosidl_typesupport_introspection_cppExport.cmake
[11.281s] -- Installing: /home/shumy/ros2_ws/install/person_msgs/share/person_msgs/cmake/person_msgs__rosidl_typesupport_introspection_cppExport-noconfig.cmake
[11.281s] -- Installing: /home/shumy/ros2_ws/install/person_msgs/share/person_msgs/cmake/person_msgs__rosidl_typesupport_cppExport.cmake
[11.281s] -- Installing: /home/shumy/ros2_ws/install/person_msgs/share/person_msgs/cmake/person_msgs__rosidl_typesupport_cppExport-noconfig.cmake
[11.281s] -- Installing: /home/shumy/ros2_ws/install/person_msgs/share/person_msgs/cmake/rosidl_cmake-extras.cmake
[11.281s] -- Installing: /home/shumy/ros2_ws/install/person_msgs/share/person_msgs/cmake/ament_cmake_export_dependencies-extras.cmake
[11.281s] -- Installing: /home/shumy/ros2_ws/install/person_msgs/share/person_msgs/cmake/ament_cmake_export_libraries-extras.cmake
[11.282s] -- Installing: /home/shumy/ros2_ws/install/person_msgs/share/person_msgs/cmake/ament_cmake_export_targets-extras.cmake
[11.282s] -- Installing: /home/shumy/ros2_ws/install/person_msgs/share/person_msgs/cmake/ament_cmake_export_include_directories-extras.cmake
[11.282s] -- Installing: /home/shumy/ros2_ws/install/person_msgs/share/person_msgs/cmake/rosidl_cmake_export_typesupport_libraries-extras.cmake
[11.282s] -- Installing: /home/shumy/ros2_ws/install/person_msgs/share/person_msgs/cmake/rosidl_cmake_export_typesupport_targets-extras.cmake
[11.282s] -- Installing: /home/shumy/ros2_ws/install/person_msgs/share/person_msgs/cmake/person_msgsConfig.cmake
[11.282s] -- Installing: /home/shumy/ros2_ws/install/person_msgs/share/person_msgs/cmake/person_msgsConfig-version.cmake
[11.282s] -- Installing: /home/shumy/ros2_ws/install/person_msgs/share/person_msgs/package.xml
[11.284s] Invoked command in '/home/shumy/ros2_ws/build/person_msgs' returned '0': CMAKE_PREFIX_PATH=/home/shumy/ros2_ws/install/mypkg:/opt/ros/foxy /usr/bin/cmake --install /home/shumy/ros2_ws/build/person_msgs
