[0.945s] Invoking command in '/home/shumy/ros2_ws/src/build/person_msgs': CMAKE_PREFIX_PATH=${CMAKE_PREFIX_PATH}:/home/shumy/ros2_ws/install/mypkg:/opt/ros/foxy /usr/bin/cmake --build /home/shumy/ros2_ws/src/build/person_msgs -- -j16 -l16
[1.035s] [  3%] Built target person_msgs__cpp
[1.040s] [ 12%] Built target person_msgs__rosidl_generator_c
[1.082s] [ 32%] Built target person_msgs__rosidl_typesupport_introspection_cpp
[1.082s] [ 32%] Built target person_msgs__rosidl_typesupport_cpp
[1.084s] [ 41%] Built target person_msgs__rosidl_typesupport_c
[1.086s] [ 51%] Built target person_msgs__rosidl_typesupport_introspection_c
[1.087s] [ 61%] Built target person_msgs__rosidl_typesupport_fastrtps_cpp
[1.123s] [ 70%] Built target person_msgs__rosidl_typesupport_fastrtps_c
[1.151s] [ 70%] Built target person_msgs
[1.181s] [ 74%] Built target person_msgs__py
[1.218s] [ 80%] Built target person_msgs__python
[1.262s] [ 87%] Built target person_msgs__rosidl_typesupport_fastrtps_c__pyext
[1.264s] [ 93%] Built target person_msgs__rosidl_typesupport_c__pyext
[1.265s] [100%] Built target person_msgs__rosidl_typesupport_introspection_c__pyext
[1.281s] Invoked command in '/home/shumy/ros2_ws/src/build/person_msgs' returned '0': CMAKE_PREFIX_PATH=${CMAKE_PREFIX_PATH}:/home/shumy/ros2_ws/install/mypkg:/opt/ros/foxy /usr/bin/cmake --build /home/shumy/ros2_ws/src/build/person_msgs -- -j16 -l16
[1.371s] Invoking command in '/home/shumy/ros2_ws/src/build/person_msgs': CMAKE_PREFIX_PATH=${CMAKE_PREFIX_PATH}:/home/shumy/ros2_ws/install/mypkg:/opt/ros/foxy /usr/bin/cmake --install /home/shumy/ros2_ws/src/build/person_msgs
[1.385s] -- Install configuration: ""
[1.386s] -- Up-to-date: /home/shumy/ros2_ws/src/install/person_msgs/share/ament_index/resource_index/rosidl_interfaces/person_msgs
[1.387s] -- Up-to-date: /home/shumy/ros2_ws/src/install/person_msgs/include/person_msgs
[1.387s] -- Up-to-date: /home/shumy/ros2_ws/src/install/person_msgs/include/person_msgs/msg
[1.387s] -- Up-to-date: /home/shumy/ros2_ws/src/install/person_msgs/include/person_msgs/msg/person.h
[1.387s] -- Up-to-date: /home/shumy/ros2_ws/src/install/person_msgs/include/person_msgs/msg/rosidl_generator_c__visibility_control.h
[1.387s] -- Up-to-date: /home/shumy/ros2_ws/src/install/person_msgs/include/person_msgs/msg/detail
[1.388s] -- Up-to-date: /home/shumy/ros2_ws/src/install/person_msgs/include/person_msgs/msg/detail/person__functions.c
[1.388s] -- Up-to-date: /home/shumy/ros2_ws/src/install/person_msgs/include/person_msgs/msg/detail/person__type_support.h
[1.388s] -- Up-to-date: /home/shumy/ros2_ws/src/install/person_msgs/include/person_msgs/msg/detail/person__functions.h
[1.388s] -- Up-to-date: /home/shumy/ros2_ws/src/install/person_msgs/include/person_msgs/msg/detail/person__struct.h
[1.389s] -- Up-to-date: /home/shumy/ros2_ws/src/install/person_msgs/share/person_msgs/environment/library_path.sh
[1.389s] -- Up-to-date: /home/shumy/ros2_ws/src/install/person_msgs/share/person_msgs/environment/library_path.dsv
[1.390s] -- Up-to-date: /home/shumy/ros2_ws/src/install/person_msgs/lib/libperson_msgs__rosidl_generator_c.so
[1.390s] -- Up-to-date: /home/shumy/ros2_ws/src/install/person_msgs/include/person_msgs
[1.390s] -- Up-to-date: /home/shumy/ros2_ws/src/install/person_msgs/include/person_msgs/msg
[1.390s] -- Up-to-date: /home/shumy/ros2_ws/src/install/person_msgs/include/person_msgs/msg/rosidl_typesupport_fastrtps_c__visibility_control.h
[1.391s] -- Up-to-date: /home/shumy/ros2_ws/src/install/person_msgs/include/person_msgs/msg/detail
[1.391s] -- Up-to-date: /home/shumy/ros2_ws/src/install/person_msgs/include/person_msgs/msg/detail/person__rosidl_typesupport_fastrtps_c.h
[1.391s] -- Up-to-date: /home/shumy/ros2_ws/src/install/person_msgs/lib/libperson_msgs__rosidl_typesupport_fastrtps_c.so
[1.392s] -- Up-to-date: /home/shumy/ros2_ws/src/install/person_msgs/include/person_msgs
[1.393s] -- Up-to-date: /home/shumy/ros2_ws/src/install/person_msgs/include/person_msgs/msg
[1.393s] -- Up-to-date: /home/shumy/ros2_ws/src/install/person_msgs/include/person_msgs/msg/rosidl_typesupport_fastrtps_cpp__visibility_control.h
[1.393s] -- Up-to-date: /home/shumy/ros2_ws/src/install/person_msgs/include/person_msgs/msg/detail
[1.393s] -- Up-to-date: /home/shumy/ros2_ws/src/install/person_msgs/include/person_msgs/msg/detail/dds_fastrtps
[1.393s] -- Up-to-date: /home/shumy/ros2_ws/src/install/person_msgs/include/person_msgs/msg/detail/person__rosidl_typesupport_fastrtps_cpp.hpp
[1.394s] -- Up-to-date: /home/shumy/ros2_ws/src/install/person_msgs/lib/libperson_msgs__rosidl_typesupport_fastrtps_cpp.so
[1.395s] -- Up-to-date: /home/shumy/ros2_ws/src/install/person_msgs/include/person_msgs
[1.396s] -- Up-to-date: /home/shumy/ros2_ws/src/install/person_msgs/include/person_msgs/msg
[1.396s] -- Up-to-date: /home/shumy/ros2_ws/src/install/person_msgs/include/person_msgs/msg/rosidl_typesupport_introspection_c__visibility_control.h
[1.396s] -- Up-to-date: /home/shumy/ros2_ws/src/install/person_msgs/include/person_msgs/msg/detail
[1.396s] -- Up-to-date: /home/shumy/ros2_ws/src/install/person_msgs/include/person_msgs/msg/detail/person__type_support.c
[1.396s] -- Up-to-date: /home/shumy/ros2_ws/src/install/person_msgs/include/person_msgs/msg/detail/person__rosidl_typesupport_introspection_c.h
[1.397s] -- Up-to-date: /home/shumy/ros2_ws/src/install/person_msgs/lib/libperson_msgs__rosidl_typesupport_introspection_c.so
[1.399s] -- Up-to-date: /home/shumy/ros2_ws/src/install/person_msgs/lib/libperson_msgs__rosidl_typesupport_c.so
[1.400s] -- Up-to-date: /home/shumy/ros2_ws/src/install/person_msgs/include/person_msgs
[1.400s] -- Up-to-date: /home/shumy/ros2_ws/src/install/person_msgs/include/person_msgs/msg
[1.400s] -- Up-to-date: /home/shumy/ros2_ws/src/install/person_msgs/include/person_msgs/msg/person.hpp
[1.401s] -- Up-to-date: /home/shumy/ros2_ws/src/install/person_msgs/include/person_msgs/msg/rosidl_generator_cpp__visibility_control.hpp
[1.401s] -- Up-to-date: /home/shumy/ros2_ws/src/install/person_msgs/include/person_msgs/msg/detail
[1.402s] -- Up-to-date: /home/shumy/ros2_ws/src/install/person_msgs/include/person_msgs/msg/detail/person__builder.hpp
[1.402s] -- Up-to-date: /home/shumy/ros2_ws/src/install/person_msgs/include/person_msgs/msg/detail/person__type_support.hpp
[1.402s] -- Up-to-date: /home/shumy/ros2_ws/src/install/person_msgs/include/person_msgs/msg/detail/person__traits.hpp
[1.402s] -- Up-to-date: /home/shumy/ros2_ws/src/install/person_msgs/include/person_msgs/msg/detail/person__struct.hpp
[1.403s] -- Up-to-date: /home/shumy/ros2_ws/src/install/person_msgs/include/person_msgs
[1.403s] -- Up-to-date: /home/shumy/ros2_ws/src/install/person_msgs/include/person_msgs/msg
[1.403s] -- Up-to-date: /home/shumy/ros2_ws/src/install/person_msgs/include/person_msgs/msg/detail
[1.403s] -- Up-to-date: /home/shumy/ros2_ws/src/install/person_msgs/include/person_msgs/msg/detail/person__rosidl_typesupport_introspection_cpp.hpp
[1.403s] -- Up-to-date: /home/shumy/ros2_ws/src/install/person_msgs/include/person_msgs/msg/detail/person__type_support.cpp
[1.403s] -- Up-to-date: /home/shumy/ros2_ws/src/install/person_msgs/lib/libperson_msgs__rosidl_typesupport_introspection_cpp.so
[1.404s] -- Up-to-date: /home/shumy/ros2_ws/src/install/person_msgs/lib/libperson_msgs__rosidl_typesupport_cpp.so
[1.405s] -- Up-to-date: /home/shumy/ros2_ws/src/install/person_msgs/share/person_msgs/environment/pythonpath.sh
[1.406s] -- Up-to-date: /home/shumy/ros2_ws/src/install/person_msgs/share/person_msgs/environment/pythonpath.dsv
[1.406s] -- Up-to-date: /home/shumy/ros2_ws/src/install/person_msgs/lib/python3.8/site-packages/person_msgs/__init__.py
[1.468s] -- Up-to-date: /home/shumy/ros2_ws/src/install/person_msgs/lib/python3.8/site-packages/person_msgs/msg
[1.468s] -- Up-to-date: /home/shumy/ros2_ws/src/install/person_msgs/lib/python3.8/site-packages/person_msgs/msg/_person.py
[1.468s] -- Up-to-date: /home/shumy/ros2_ws/src/install/person_msgs/lib/python3.8/site-packages/person_msgs/msg/_person_s.c
[1.468s] -- Up-to-date: /home/shumy/ros2_ws/src/install/person_msgs/lib/python3.8/site-packages/person_msgs/msg/__init__.py
[1.470s] -- Up-to-date: /home/shumy/ros2_ws/src/install/person_msgs/lib/python3.8/site-packages/person_msgs/person_msgs_s__rosidl_typesupport_fastrtps_c.cpython-38-x86_64-linux-gnu.so
[1.472s] -- Up-to-date: /home/shumy/ros2_ws/src/install/person_msgs/lib/python3.8/site-packages/person_msgs/person_msgs_s__rosidl_typesupport_introspection_c.cpython-38-x86_64-linux-gnu.so
[1.474s] -- Up-to-date: /home/shumy/ros2_ws/src/install/person_msgs/lib/python3.8/site-packages/person_msgs/person_msgs_s__rosidl_typesupport_c.cpython-38-x86_64-linux-gnu.so
[1.476s] -- Up-to-date: /home/shumy/ros2_ws/src/install/person_msgs/lib/libperson_msgs__python.so
[1.476s] -- Up-to-date: /home/shumy/ros2_ws/src/install/person_msgs/share/person_msgs/msg/Person.idl
[1.477s] -- Up-to-date: /home/shumy/ros2_ws/src/install/person_msgs/share/person_msgs/msg/Person.msg
[1.477s] -- Up-to-date: /home/shumy/ros2_ws/src/install/person_msgs/share/ament_index/resource_index/package_run_dependencies/person_msgs
[1.477s] -- Up-to-date: /home/shumy/ros2_ws/src/install/person_msgs/share/ament_index/resource_index/parent_prefix_path/person_msgs
[1.478s] -- Up-to-date: /home/shumy/ros2_ws/src/install/person_msgs/share/person_msgs/environment/ament_prefix_path.sh
[1.478s] -- Up-to-date: /home/shumy/ros2_ws/src/install/person_msgs/share/person_msgs/environment/ament_prefix_path.dsv
[1.478s] -- Up-to-date: /home/shumy/ros2_ws/src/install/person_msgs/share/person_msgs/environment/path.sh
[1.479s] -- Up-to-date: /home/shumy/ros2_ws/src/install/person_msgs/share/person_msgs/environment/path.dsv
[1.479s] -- Up-to-date: /home/shumy/ros2_ws/src/install/person_msgs/share/person_msgs/local_setup.bash
[1.480s] -- Up-to-date: /home/shumy/ros2_ws/src/install/person_msgs/share/person_msgs/local_setup.sh
[1.480s] -- Up-to-date: /home/shumy/ros2_ws/src/install/person_msgs/share/person_msgs/local_setup.zsh
[1.480s] -- Up-to-date: /home/shumy/ros2_ws/src/install/person_msgs/share/person_msgs/local_setup.dsv
[1.480s] -- Installing: /home/shumy/ros2_ws/src/install/person_msgs/share/person_msgs/package.dsv
[1.481s] -- Up-to-date: /home/shumy/ros2_ws/src/install/person_msgs/share/ament_index/resource_index/packages/person_msgs
[1.481s] -- Up-to-date: /home/shumy/ros2_ws/src/install/person_msgs/share/person_msgs/cmake/person_msgs__rosidl_generator_cExport.cmake
[1.481s] -- Up-to-date: /home/shumy/ros2_ws/src/install/person_msgs/share/person_msgs/cmake/person_msgs__rosidl_generator_cExport-noconfig.cmake
[1.483s] -- Up-to-date: /home/shumy/ros2_ws/src/install/person_msgs/share/person_msgs/cmake/person_msgs__rosidl_typesupport_introspection_cExport.cmake
[1.483s] -- Up-to-date: /home/shumy/ros2_ws/src/install/person_msgs/share/person_msgs/cmake/person_msgs__rosidl_typesupport_introspection_cExport-noconfig.cmake
[1.484s] -- Up-to-date: /home/shumy/ros2_ws/src/install/person_msgs/share/person_msgs/cmake/person_msgs__rosidl_typesupport_cExport.cmake
[1.485s] -- Up-to-date: /home/shumy/ros2_ws/src/install/person_msgs/share/person_msgs/cmake/person_msgs__rosidl_typesupport_cExport-noconfig.cmake
[1.486s] -- Up-to-date: /home/shumy/ros2_ws/src/install/person_msgs/share/person_msgs/cmake/person_msgs__rosidl_generator_cppExport.cmake
[1.487s] -- Up-to-date: /home/shumy/ros2_ws/src/install/person_msgs/share/person_msgs/cmake/person_msgs__rosidl_typesupport_introspection_cppExport.cmake
[1.487s] -- Up-to-date: /home/shumy/ros2_ws/src/install/person_msgs/share/person_msgs/cmake/person_msgs__rosidl_typesupport_introspection_cppExport-noconfig.cmake
[1.488s] -- Up-to-date: /home/shumy/ros2_ws/src/install/person_msgs/share/person_msgs/cmake/person_msgs__rosidl_typesupport_cppExport.cmake
[1.488s] -- Up-to-date: /home/shumy/ros2_ws/src/install/person_msgs/share/person_msgs/cmake/person_msgs__rosidl_typesupport_cppExport-noconfig.cmake
[1.489s] -- Up-to-date: /home/shumy/ros2_ws/src/install/person_msgs/share/person_msgs/cmake/rosidl_cmake-extras.cmake
[1.489s] -- Up-to-date: /home/shumy/ros2_ws/src/install/person_msgs/share/person_msgs/cmake/ament_cmake_export_dependencies-extras.cmake
[1.490s] -- Up-to-date: /home/shumy/ros2_ws/src/install/person_msgs/share/person_msgs/cmake/ament_cmake_export_libraries-extras.cmake
[1.490s] -- Up-to-date: /home/shumy/ros2_ws/src/install/person_msgs/share/person_msgs/cmake/ament_cmake_export_targets-extras.cmake
[1.490s] -- Up-to-date: /home/shumy/ros2_ws/src/install/person_msgs/share/person_msgs/cmake/ament_cmake_export_include_directories-extras.cmake
[1.490s] -- Up-to-date: /home/shumy/ros2_ws/src/install/person_msgs/share/person_msgs/cmake/rosidl_cmake_export_typesupport_libraries-extras.cmake
[1.490s] -- Up-to-date: /home/shumy/ros2_ws/src/install/person_msgs/share/person_msgs/cmake/rosidl_cmake_export_typesupport_targets-extras.cmake
[1.491s] -- Up-to-date: /home/shumy/ros2_ws/src/install/person_msgs/share/person_msgs/cmake/person_msgsConfig.cmake
[1.491s] -- Up-to-date: /home/shumy/ros2_ws/src/install/person_msgs/share/person_msgs/cmake/person_msgsConfig-version.cmake
[1.491s] -- Up-to-date: /home/shumy/ros2_ws/src/install/person_msgs/share/person_msgs/package.xml
[1.495s] Invoked command in '/home/shumy/ros2_ws/src/build/person_msgs' returned '0': CMAKE_PREFIX_PATH=${CMAKE_PREFIX_PATH}:/home/shumy/ros2_ws/install/mypkg:/opt/ros/foxy /usr/bin/cmake --install /home/shumy/ros2_ws/src/build/person_msgs
