[4.197s] DEBUG:colcon:Command line arguments: ['/usr/bin/colcon', 'build']
[4.197s] DEBUG:colcon:Parsed command line arguments: Namespace(allow_overriding=[], ament_cmake_args=None, base_paths=['.'], build_base='build', catkin_cmake_args=None, catkin_skip_building_tests=False, cmake_args=None, cmake_clean_cache=False, cmake_clean_first=False, cmake_force_configure=False, cmake_target=None, cmake_target_skip_unavailable=False, continue_on_error=False, event_handlers=None, executor='parallel', ignore_user_meta=False, install_base='install', log_base=None, log_level=None, main=<bound method BuildVerb.main of <colcon_core.verb.build.BuildVerb object at 0x7f189c153970>>, merge_install=False, metas=['./colcon.meta'], packages_above=None, packages_above_and_dependencies=None, packages_above_depth=None, packages_end=None, packages_ignore=None, packages_ignore_regex=None, packages_select=None, packages_select_build_failed=False, packages_select_by_dep=None, packages_select_regex=None, packages_select_test_failures=False, packages_skip=None, packages_skip_build_finished=False, packages_skip_by_dep=None, packages_skip_regex=None, packages_skip_test_passed=False, packages_skip_up_to=None, packages_start=None, packages_up_to=None, packages_up_to_regex=None, parallel_workers=16, paths=None, symlink_install=False, test_result_base=None, verb_extension=<colcon_core.verb.build.BuildVerb object at 0x7f189c153970>, verb_name='build', verb_parser=<colcon_defaults.argument_parser.defaults.DefaultArgumentsDecorator object at 0x7f189bde6be0>)
[4.476s] Level 1:colcon.colcon_core.package_discovery:discover_packages(colcon_meta) check parameters
[4.476s] Level 1:colcon.colcon_core.package_discovery:discover_packages(recursive) check parameters
[4.476s] Level 1:colcon.colcon_core.package_discovery:discover_packages(ignore) check parameters
[4.476s] Level 1:colcon.colcon_core.package_discovery:discover_packages(path) check parameters
[4.476s] Level 1:colcon.colcon_core.package_discovery:discover_packages(colcon_meta) discover
[4.476s] Level 1:colcon.colcon_core.package_discovery:discover_packages(recursive) discover
[4.476s] INFO:colcon.colcon_core.package_discovery:Crawling recursively for packages in '/home/shumy/ros2_ws/src'
[4.476s] Level 1:colcon.colcon_core.package_identification:_identify(.) by extensions ['ignore', 'ignore_ament_install']
[4.477s] Level 1:colcon.colcon_core.package_identification:_identify(.) by extension 'ignore'
[4.477s] Level 1:colcon.colcon_core.package_identification:_identify(.) by extension 'ignore_ament_install'
[4.477s] Level 1:colcon.colcon_core.package_identification:_identify(.) by extensions ['colcon_pkg']
[4.477s] Level 1:colcon.colcon_core.package_identification:_identify(.) by extension 'colcon_pkg'
[4.477s] Level 1:colcon.colcon_core.package_identification:_identify(.) by extensions ['colcon_meta']
[4.477s] Level 1:colcon.colcon_core.package_identification:_identify(.) by extension 'colcon_meta'
[4.477s] Level 1:colcon.colcon_core.package_identification:_identify(.) by extensions ['ros']
[4.477s] Level 1:colcon.colcon_core.package_identification:_identify(.) by extension 'ros'
[4.505s] Level 1:colcon.colcon_core.package_identification:_identify(.) by extensions ['cmake', 'python']
[4.505s] Level 1:colcon.colcon_core.package_identification:_identify(.) by extension 'cmake'
[4.505s] Level 1:colcon.colcon_core.package_identification:_identify(.) by extension 'python'
[4.505s] Level 1:colcon.colcon_core.package_identification:_identify(.) by extensions ['python_setup_py']
[4.505s] Level 1:colcon.colcon_core.package_identification:_identify(.) by extension 'python_setup_py'
[4.506s] Level 1:colcon.colcon_core.package_identification:_identify(build) by extensions ['ignore', 'ignore_ament_install']
[4.506s] Level 1:colcon.colcon_core.package_identification:_identify(build) by extension 'ignore'
[4.506s] Level 1:colcon.colcon_core.package_identification:_identify(build) ignored
[4.506s] Level 1:colcon.colcon_core.package_identification:_identify(install) by extensions ['ignore', 'ignore_ament_install']
[4.506s] Level 1:colcon.colcon_core.package_identification:_identify(install) by extension 'ignore'
[4.506s] Level 1:colcon.colcon_core.package_identification:_identify(install) ignored
[4.507s] Level 1:colcon.colcon_core.package_identification:_identify(log) by extensions ['ignore', 'ignore_ament_install']
[4.507s] Level 1:colcon.colcon_core.package_identification:_identify(log) by extension 'ignore'
[4.507s] Level 1:colcon.colcon_core.package_identification:_identify(log) ignored
[4.507s] Level 1:colcon.colcon_core.package_identification:_identify(mypkg) by extensions ['ignore', 'ignore_ament_install']
[4.507s] Level 1:colcon.colcon_core.package_identification:_identify(mypkg) by extension 'ignore'
[4.507s] Level 1:colcon.colcon_core.package_identification:_identify(mypkg) by extension 'ignore_ament_install'
[4.507s] Level 1:colcon.colcon_core.package_identification:_identify(mypkg) by extensions ['colcon_pkg']
[4.508s] Level 1:colcon.colcon_core.package_identification:_identify(mypkg) by extension 'colcon_pkg'
[4.508s] Level 1:colcon.colcon_core.package_identification:_identify(mypkg) by extensions ['colcon_meta']
[4.508s] Level 1:colcon.colcon_core.package_identification:_identify(mypkg) by extension 'colcon_meta'
[4.508s] Level 1:colcon.colcon_core.package_identification:_identify(mypkg) by extensions ['ros']
[4.508s] Level 1:colcon.colcon_core.package_identification:_identify(mypkg) by extension 'ros'
[4.516s] DEBUG:colcon.colcon_core.package_identification:Package 'mypkg' with type 'ros.ament_python' and name 'mypkg'
[4.516s] Level 1:colcon.colcon_core.package_identification:_identify(person_msgs) by extensions ['ignore', 'ignore_ament_install']
[4.516s] Level 1:colcon.colcon_core.package_identification:_identify(person_msgs) by extension 'ignore'
[4.517s] Level 1:colcon.colcon_core.package_identification:_identify(person_msgs) by extension 'ignore_ament_install'
[4.517s] Level 1:colcon.colcon_core.package_identification:_identify(person_msgs) by extensions ['colcon_pkg']
[4.517s] Level 1:colcon.colcon_core.package_identification:_identify(person_msgs) by extension 'colcon_pkg'
[4.517s] Level 1:colcon.colcon_core.package_identification:_identify(person_msgs) by extensions ['colcon_meta']
[4.517s] Level 1:colcon.colcon_core.package_identification:_identify(person_msgs) by extension 'colcon_meta'
[4.517s] Level 1:colcon.colcon_core.package_identification:_identify(person_msgs) by extensions ['ros']
[4.517s] Level 1:colcon.colcon_core.package_identification:_identify(person_msgs) by extension 'ros'
[4.519s] DEBUG:colcon.colcon_core.package_identification:Package 'person_msgs' with type 'ros.ament_cmake' and name 'person_msgs'
[4.519s] Level 1:colcon.colcon_core.package_discovery:discover_packages(recursive) using defaults
[4.519s] Level 1:colcon.colcon_core.package_discovery:discover_packages(ignore) discover
[4.519s] Level 1:colcon.colcon_core.package_discovery:discover_packages(ignore) using defaults
[4.519s] Level 1:colcon.colcon_core.package_discovery:discover_packages(path) discover
[4.519s] Level 1:colcon.colcon_core.package_discovery:discover_packages(path) using defaults
[4.861s] Level 1:colcon.colcon_core.package_discovery:discover_packages(prefix_path) check parameters
[4.861s] Level 1:colcon.colcon_core.package_discovery:discover_packages(prefix_path) discover
[4.973s] DEBUG:colcon.colcon_installed_package_information.package_discovery:Found 2 installed packages in /home/shumy/ros2_ws/install
[5.024s] DEBUG:colcon.colcon_installed_package_information.package_discovery:Found 256 installed packages in /opt/ros/foxy
[5.027s] Level 1:colcon.colcon_core.package_discovery:discover_packages(prefix_path) using defaults
[5.327s] Level 5:colcon.colcon_core.verb:set package 'mypkg' build argument 'cmake_args' from command line to 'None'
[5.327s] Level 5:colcon.colcon_core.verb:set package 'mypkg' build argument 'cmake_target' from command line to 'None'
[5.327s] Level 5:colcon.colcon_core.verb:set package 'mypkg' build argument 'cmake_target_skip_unavailable' from command line to 'False'
[5.327s] Level 5:colcon.colcon_core.verb:set package 'mypkg' build argument 'cmake_clean_cache' from command line to 'False'
[5.327s] Level 5:colcon.colcon_core.verb:set package 'mypkg' build argument 'cmake_clean_first' from command line to 'False'
[5.327s] Level 5:colcon.colcon_core.verb:set package 'mypkg' build argument 'cmake_force_configure' from command line to 'False'
[5.327s] Level 5:colcon.colcon_core.verb:set package 'mypkg' build argument 'ament_cmake_args' from command line to 'None'
[5.327s] Level 5:colcon.colcon_core.verb:set package 'mypkg' build argument 'catkin_cmake_args' from command line to 'None'
[5.327s] Level 5:colcon.colcon_core.verb:set package 'mypkg' build argument 'catkin_skip_building_tests' from command line to 'False'
[5.328s] DEBUG:colcon.colcon_core.verb:Building package 'mypkg' with the following arguments: {'ament_cmake_args': None, 'build_base': '/home/shumy/ros2_ws/src/build/mypkg', 'catkin_cmake_args': None, 'catkin_skip_building_tests': False, 'cmake_args': None, 'cmake_clean_cache': False, 'cmake_clean_first': False, 'cmake_force_configure': False, 'cmake_target': None, 'cmake_target_skip_unavailable': False, 'install_base': '/home/shumy/ros2_ws/src/install/mypkg', 'merge_install': False, 'path': '/home/shumy/ros2_ws/src/mypkg', 'symlink_install': False, 'test_result_base': None}
[5.377s] Level 5:colcon.colcon_core.verb:set package 'person_msgs' build argument 'cmake_args' from command line to 'None'
[5.377s] Level 5:colcon.colcon_core.verb:set package 'person_msgs' build argument 'cmake_target' from command line to 'None'
[5.377s] Level 5:colcon.colcon_core.verb:set package 'person_msgs' build argument 'cmake_target_skip_unavailable' from command line to 'False'
[5.377s] Level 5:colcon.colcon_core.verb:set package 'person_msgs' build argument 'cmake_clean_cache' from command line to 'False'
[5.377s] Level 5:colcon.colcon_core.verb:set package 'person_msgs' build argument 'cmake_clean_first' from command line to 'False'
[5.377s] Level 5:colcon.colcon_core.verb:set package 'person_msgs' build argument 'cmake_force_configure' from command line to 'False'
[5.377s] Level 5:colcon.colcon_core.verb:set package 'person_msgs' build argument 'ament_cmake_args' from command line to 'None'
[5.377s] Level 5:colcon.colcon_core.verb:set package 'person_msgs' build argument 'catkin_cmake_args' from command line to 'None'
[5.377s] Level 5:colcon.colcon_core.verb:set package 'person_msgs' build argument 'catkin_skip_building_tests' from command line to 'False'
[5.377s] DEBUG:colcon.colcon_core.verb:Building package 'person_msgs' with the following arguments: {'ament_cmake_args': None, 'build_base': '/home/shumy/ros2_ws/src/build/person_msgs', 'catkin_cmake_args': None, 'catkin_skip_building_tests': False, 'cmake_args': None, 'cmake_clean_cache': False, 'cmake_clean_first': False, 'cmake_force_configure': False, 'cmake_target': None, 'cmake_target_skip_unavailable': False, 'install_base': '/home/shumy/ros2_ws/src/install/person_msgs', 'merge_install': False, 'path': '/home/shumy/ros2_ws/src/person_msgs', 'symlink_install': False, 'test_result_base': None}
[5.426s] INFO:colcon.colcon_core.executor:Executing jobs using 'parallel' executor
[5.475s] DEBUG:colcon.colcon_parallel_executor.executor.parallel:run_until_complete
[5.475s] INFO:colcon.colcon_ros.task.ament_python.build:Building ROS package in '/home/shumy/ros2_ws/src/mypkg' with build type 'ament_python'
[5.476s] Level 1:colcon.colcon_core.shell:create_environment_hook('mypkg', 'ament_prefix_path')
[5.591s] INFO:colcon.colcon_core.plugin_system:Skipping extension 'colcon_core.shell.bat': Not used on non-Windows systems
[5.592s] INFO:colcon.colcon_core.shell:Creating environment hook '/home/shumy/ros2_ws/src/install/mypkg/share/mypkg/hook/ament_prefix_path.ps1'
[5.595s] INFO:colcon.colcon_core.shell:Creating environment descriptor '/home/shumy/ros2_ws/src/install/mypkg/share/mypkg/hook/ament_prefix_path.dsv'
[5.596s] INFO:colcon.colcon_core.shell:Creating environment hook '/home/shumy/ros2_ws/src/install/mypkg/share/mypkg/hook/ament_prefix_path.sh'
[5.652s] INFO:colcon.colcon_core.shell:Skip shell extension 'powershell' for command environment: Not usable outside of PowerShell
[5.653s] DEBUG:colcon.colcon_core.shell:Skip shell extension 'dsv' for command environment
[5.824s] INFO:colcon.colcon_ros.task.ament_cmake.build:Building ROS package in '/home/shumy/ros2_ws/src/person_msgs' with build type 'ament_cmake'
[5.824s] INFO:colcon.colcon_cmake.task.cmake.build:Building CMake package in '/home/shumy/ros2_ws/src/person_msgs'
[5.896s] INFO:colcon.colcon_core.shell:Skip shell extension 'powershell' for command environment: Not usable outside of PowerShell
[5.896s] DEBUG:colcon.colcon_core.shell:Skip shell extension 'dsv' for command environment
[6.474s] INFO:colcon.colcon_core.task.python.build:Building Python package in '/home/shumy/ros2_ws/src/mypkg'
[6.529s] INFO:colcon.colcon_core.shell:Skip shell extension 'powershell' for command environment: Not usable outside of PowerShell
[6.529s] DEBUG:colcon.colcon_core.shell:Skip shell extension 'dsv' for command environment
[6.744s] DEBUG:colcon.colcon_core.event_handler.log_command:Invoking command in '/home/shumy/ros2_ws/src/build/person_msgs': CMAKE_PREFIX_PATH=${CMAKE_PREFIX_PATH}:/home/shumy/ros2_ws/install/mypkg:/opt/ros/foxy /usr/bin/cmake --build /home/shumy/ros2_ws/src/build/person_msgs -- -j16 -l16
[7.310s] DEBUG:colcon.colcon_core.event_handler.log_command:Invoked command in '/home/shumy/ros2_ws/src/build/person_msgs' returned '0': CMAKE_PREFIX_PATH=${CMAKE_PREFIX_PATH}:/home/shumy/ros2_ws/install/mypkg:/opt/ros/foxy /usr/bin/cmake --build /home/shumy/ros2_ws/src/build/person_msgs -- -j16 -l16
[7.410s] DEBUG:colcon.colcon_core.event_handler.log_command:Invoking command in '/home/shumy/ros2_ws/src/build/person_msgs': CMAKE_PREFIX_PATH=${CMAKE_PREFIX_PATH}:/home/shumy/ros2_ws/install/mypkg:/opt/ros/foxy /usr/bin/cmake --install /home/shumy/ros2_ws/src/build/person_msgs
[7.519s] Level 1:colcon.colcon_core.environment:create_environment_scripts_only(person_msgs)
[7.520s] DEBUG:colcon.colcon_core.event_handler.log_command:Invoked command in '/home/shumy/ros2_ws/src/build/person_msgs' returned '0': CMAKE_PREFIX_PATH=${CMAKE_PREFIX_PATH}:/home/shumy/ros2_ws/install/mypkg:/opt/ros/foxy /usr/bin/cmake --install /home/shumy/ros2_ws/src/build/person_msgs
[7.605s] Level 1:colcon.colcon_core.environment:checking '/home/shumy/ros2_ws/src/install/person_msgs' for CMake module files
[7.606s] Level 1:colcon.colcon_core.environment:checking '/home/shumy/ros2_ws/src/install/person_msgs' for CMake config files
[7.606s] Level 1:colcon.colcon_core.shell:create_environment_hook('person_msgs', 'cmake_prefix_path')
[7.659s] INFO:colcon.colcon_core.shell:Creating environment hook '/home/shumy/ros2_ws/src/install/person_msgs/share/person_msgs/hook/cmake_prefix_path.ps1'
[7.660s] INFO:colcon.colcon_core.shell:Creating environment descriptor '/home/shumy/ros2_ws/src/install/person_msgs/share/person_msgs/hook/cmake_prefix_path.dsv'
[7.661s] INFO:colcon.colcon_core.shell:Creating environment hook '/home/shumy/ros2_ws/src/install/person_msgs/share/person_msgs/hook/cmake_prefix_path.sh'
[7.663s] Level 1:colcon.colcon_core.environment:checking '/home/shumy/ros2_ws/src/install/person_msgs/lib'
[7.663s] Level 1:colcon.colcon_core.shell:create_environment_hook('person_msgs', 'ld_library_path_lib')
[7.713s] INFO:colcon.colcon_core.shell:Creating environment hook '/home/shumy/ros2_ws/src/install/person_msgs/share/person_msgs/hook/ld_library_path_lib.ps1'
[7.714s] INFO:colcon.colcon_core.shell:Creating environment descriptor '/home/shumy/ros2_ws/src/install/person_msgs/share/person_msgs/hook/ld_library_path_lib.dsv'
[7.714s] INFO:colcon.colcon_core.shell:Creating environment hook '/home/shumy/ros2_ws/src/install/person_msgs/share/person_msgs/hook/ld_library_path_lib.sh'
[7.715s] Level 1:colcon.colcon_core.environment:checking '/home/shumy/ros2_ws/src/install/person_msgs/bin'
[7.715s] Level 1:colcon.colcon_core.environment:checking '/home/shumy/ros2_ws/src/install/person_msgs/lib/pkgconfig/person_msgs.pc'
[7.716s] Level 1:colcon.colcon_core.environment:checking '/home/shumy/ros2_ws/src/install/person_msgs/lib/python3.8/site-packages'
[7.716s] Level 1:colcon.colcon_core.shell:create_environment_hook('person_msgs', 'pythonpath')
[7.779s] INFO:colcon.colcon_core.shell:Creating environment hook '/home/shumy/ros2_ws/src/install/person_msgs/share/person_msgs/hook/pythonpath.ps1'
[7.780s] INFO:colcon.colcon_core.shell:Creating environment descriptor '/home/shumy/ros2_ws/src/install/person_msgs/share/person_msgs/hook/pythonpath.dsv'
[7.780s] INFO:colcon.colcon_core.shell:Creating environment hook '/home/shumy/ros2_ws/src/install/person_msgs/share/person_msgs/hook/pythonpath.sh'
[7.781s] Level 1:colcon.colcon_core.environment:checking '/home/shumy/ros2_ws/src/install/person_msgs/bin'
[7.834s] INFO:colcon.colcon_core.shell:Creating package script '/home/shumy/ros2_ws/src/install/person_msgs/share/person_msgs/package.ps1'
[7.836s] INFO:colcon.colcon_core.shell:Creating package descriptor '/home/shumy/ros2_ws/src/install/person_msgs/share/person_msgs/package.dsv'
[7.838s] INFO:colcon.colcon_core.shell:Creating package script '/home/shumy/ros2_ws/src/install/person_msgs/share/person_msgs/package.sh'
[7.840s] INFO:colcon.colcon_core.shell:Creating package script '/home/shumy/ros2_ws/src/install/person_msgs/share/person_msgs/package.bash'
[7.842s] INFO:colcon.colcon_core.shell:Creating package script '/home/shumy/ros2_ws/src/install/person_msgs/share/person_msgs/package.zsh'
[7.845s] Level 1:colcon.colcon_core.environment:create_file_with_runtime_dependencies(/home/shumy/ros2_ws/src/install/person_msgs/share/colcon-core/packages/person_msgs)
[7.857s] DEBUG:colcon.colcon_core.event_handler.log_command:Invoking command in '/home/shumy/ros2_ws/src/mypkg': PYTHONPATH=/home/shumy/ros2_ws/src/build/mypkg/prefix_override:/home/shumy/ros2_ws/src/install/mypkg/lib/python3.8/site-packages:${PYTHONPATH} /usr/bin/python3 setup.py egg_info --egg-base ../build/mypkg build --build-base /home/shumy/ros2_ws/src/build/mypkg/build install --record /home/shumy/ros2_ws/src/build/mypkg/install.log --install-scripts $base/lib/mypkg --single-version-externally-managed
[7.983s] Level 1:colcon.colcon_core.environment:create_environment_scripts_only(person_msgs)
[8.051s] Level 1:colcon.colcon_core.environment:checking '/home/shumy/ros2_ws/src/install/person_msgs' for CMake module files
[8.052s] Level 1:colcon.colcon_core.environment:checking '/home/shumy/ros2_ws/src/install/person_msgs' for CMake config files
[8.053s] Level 1:colcon.colcon_core.shell:create_environment_hook('person_msgs', 'cmake_prefix_path')
[8.104s] INFO:colcon.colcon_core.shell:Creating environment hook '/home/shumy/ros2_ws/src/install/person_msgs/share/person_msgs/hook/cmake_prefix_path.ps1'
[8.105s] INFO:colcon.colcon_core.shell:Creating environment descriptor '/home/shumy/ros2_ws/src/install/person_msgs/share/person_msgs/hook/cmake_prefix_path.dsv'
[8.105s] INFO:colcon.colcon_core.shell:Creating environment hook '/home/shumy/ros2_ws/src/install/person_msgs/share/person_msgs/hook/cmake_prefix_path.sh'
[8.106s] Level 1:colcon.colcon_core.environment:checking '/home/shumy/ros2_ws/src/install/person_msgs/lib'
[8.107s] Level 1:colcon.colcon_core.shell:create_environment_hook('person_msgs', 'ld_library_path_lib')
[8.175s] INFO:colcon.colcon_core.shell:Creating environment hook '/home/shumy/ros2_ws/src/install/person_msgs/share/person_msgs/hook/ld_library_path_lib.ps1'
[8.176s] INFO:colcon.colcon_core.shell:Creating environment descriptor '/home/shumy/ros2_ws/src/install/person_msgs/share/person_msgs/hook/ld_library_path_lib.dsv'
[8.177s] INFO:colcon.colcon_core.shell:Creating environment hook '/home/shumy/ros2_ws/src/install/person_msgs/share/person_msgs/hook/ld_library_path_lib.sh'
[8.178s] Level 1:colcon.colcon_core.environment:checking '/home/shumy/ros2_ws/src/install/person_msgs/bin'
[8.178s] Level 1:colcon.colcon_core.environment:checking '/home/shumy/ros2_ws/src/install/person_msgs/lib/pkgconfig/person_msgs.pc'
[8.179s] Level 1:colcon.colcon_core.environment:checking '/home/shumy/ros2_ws/src/install/person_msgs/lib/python3.8/site-packages'
[8.179s] Level 1:colcon.colcon_core.shell:create_environment_hook('person_msgs', 'pythonpath')
[8.244s] INFO:colcon.colcon_core.shell:Creating environment hook '/home/shumy/ros2_ws/src/install/person_msgs/share/person_msgs/hook/pythonpath.ps1'
[8.245s] INFO:colcon.colcon_core.shell:Creating environment descriptor '/home/shumy/ros2_ws/src/install/person_msgs/share/person_msgs/hook/pythonpath.dsv'
[8.246s] INFO:colcon.colcon_core.shell:Creating environment hook '/home/shumy/ros2_ws/src/install/person_msgs/share/person_msgs/hook/pythonpath.sh'
[8.247s] Level 1:colcon.colcon_core.environment:checking '/home/shumy/ros2_ws/src/install/person_msgs/bin'
[8.316s] INFO:colcon.colcon_core.shell:Creating package script '/home/shumy/ros2_ws/src/install/person_msgs/share/person_msgs/package.ps1'
[8.317s] INFO:colcon.colcon_core.shell:Creating package descriptor '/home/shumy/ros2_ws/src/install/person_msgs/share/person_msgs/package.dsv'
[8.318s] INFO:colcon.colcon_core.shell:Creating package script '/home/shumy/ros2_ws/src/install/person_msgs/share/person_msgs/package.sh'
[8.320s] INFO:colcon.colcon_core.shell:Creating package script '/home/shumy/ros2_ws/src/install/person_msgs/share/person_msgs/package.bash'
[8.322s] INFO:colcon.colcon_core.shell:Creating package script '/home/shumy/ros2_ws/src/install/person_msgs/share/person_msgs/package.zsh'
[8.322s] Level 1:colcon.colcon_core.environment:create_file_with_runtime_dependencies(/home/shumy/ros2_ws/src/install/person_msgs/share/colcon-core/packages/person_msgs)
[8.357s] DEBUG:colcon.colcon_core.event_handler.log_command:Invoked command in '/home/shumy/ros2_ws/src/mypkg' returned '0': PYTHONPATH=/home/shumy/ros2_ws/src/build/mypkg/prefix_override:/home/shumy/ros2_ws/src/install/mypkg/lib/python3.8/site-packages:${PYTHONPATH} /usr/bin/python3 setup.py egg_info --egg-base ../build/mypkg build --build-base /home/shumy/ros2_ws/src/build/mypkg/build install --record /home/shumy/ros2_ws/src/build/mypkg/install.log --install-scripts $base/lib/mypkg --single-version-externally-managed
[8.414s] Level 1:colcon.colcon_core.environment:checking '/home/shumy/ros2_ws/src/install/mypkg' for CMake module files
[8.415s] Level 1:colcon.colcon_core.environment:checking '/home/shumy/ros2_ws/src/install/mypkg' for CMake config files
[8.415s] Level 1:colcon.colcon_core.environment:checking '/home/shumy/ros2_ws/src/install/mypkg/lib'
[8.416s] Level 1:colcon.colcon_core.environment:checking '/home/shumy/ros2_ws/src/install/mypkg/bin'
[8.416s] Level 1:colcon.colcon_core.environment:checking '/home/shumy/ros2_ws/src/install/mypkg/lib/pkgconfig/mypkg.pc'
[8.416s] Level 1:colcon.colcon_core.environment:checking '/home/shumy/ros2_ws/src/install/mypkg/lib/python3.8/site-packages'
[8.416s] Level 1:colcon.colcon_core.shell:create_environment_hook('mypkg', 'pythonpath')
[8.472s] INFO:colcon.colcon_core.shell:Creating environment hook '/home/shumy/ros2_ws/src/install/mypkg/share/mypkg/hook/pythonpath.ps1'
[8.473s] INFO:colcon.colcon_core.shell:Creating environment descriptor '/home/shumy/ros2_ws/src/install/mypkg/share/mypkg/hook/pythonpath.dsv'
[8.474s] INFO:colcon.colcon_core.shell:Creating environment hook '/home/shumy/ros2_ws/src/install/mypkg/share/mypkg/hook/pythonpath.sh'
[8.475s] Level 1:colcon.colcon_core.environment:checking '/home/shumy/ros2_ws/src/install/mypkg/bin'
[8.475s] Level 1:colcon.colcon_core.environment:create_environment_scripts_only(mypkg)
[8.556s] INFO:colcon.colcon_core.shell:Creating package script '/home/shumy/ros2_ws/src/install/mypkg/share/mypkg/package.ps1'
[8.558s] INFO:colcon.colcon_core.shell:Creating package descriptor '/home/shumy/ros2_ws/src/install/mypkg/share/mypkg/package.dsv'
[8.558s] INFO:colcon.colcon_core.shell:Creating package script '/home/shumy/ros2_ws/src/install/mypkg/share/mypkg/package.sh'
[8.559s] INFO:colcon.colcon_core.shell:Creating package script '/home/shumy/ros2_ws/src/install/mypkg/share/mypkg/package.bash'
[8.560s] INFO:colcon.colcon_core.shell:Creating package script '/home/shumy/ros2_ws/src/install/mypkg/share/mypkg/package.zsh'
[8.561s] Level 1:colcon.colcon_core.environment:create_file_with_runtime_dependencies(/home/shumy/ros2_ws/src/install/mypkg/share/colcon-core/packages/mypkg)
[8.562s] DEBUG:colcon.colcon_parallel_executor.executor.parallel:closing loop
[8.562s] DEBUG:colcon.colcon_parallel_executor.executor.parallel:loop closed
[8.563s] DEBUG:colcon.colcon_parallel_executor.executor.parallel:run_until_complete finished with '0'
[8.564s] DEBUG:colcon.colcon_core.event_reactor:joining thread
[8.761s] INFO:colcon.colcon_core.plugin_system:Skipping extension 'colcon_notification.desktop_notification.notify_send': Could not find 'notify-send'
[8.762s] INFO:colcon.colcon_core.plugin_system:Skipping extension 'colcon_notification.desktop_notification.terminal_notifier': Not used on non-Darwin systems
[8.762s] INFO:colcon.colcon_core.plugin_system:Skipping extension 'colcon_notification.desktop_notification.win32': Not used on non-Windows systems
[8.762s] INFO:colcon.colcon_notification.desktop_notification:Sending desktop notification using 'notify2'
[8.816s] DEBUG:colcon.colcon_notification.desktop_notification.notify2:Failed to initialize notify2: org.freedesktop.DBus.Error.ServiceUnknown: The name org.freedesktop.Notifications was not provided by any .service files
[8.817s] DEBUG:colcon.colcon_core.event_reactor:joined thread
[8.868s] INFO:colcon.colcon_core.shell:Creating prefix script '/home/shumy/ros2_ws/src/install/local_setup.ps1'
[8.871s] INFO:colcon.colcon_core.shell:Creating prefix util module '/home/shumy/ros2_ws/src/install/_local_setup_util_ps1.py'
[8.875s] INFO:colcon.colcon_core.shell:Creating prefix chain script '/home/shumy/ros2_ws/src/install/setup.ps1'
[8.945s] INFO:colcon.colcon_core.shell:Creating prefix script '/home/shumy/ros2_ws/src/install/local_setup.sh'
[8.947s] INFO:colcon.colcon_core.shell:Creating prefix util module '/home/shumy/ros2_ws/src/install/_local_setup_util_sh.py'
[8.948s] INFO:colcon.colcon_core.shell:Creating prefix chain script '/home/shumy/ros2_ws/src/install/setup.sh'
[9.000s] INFO:colcon.colcon_core.shell:Creating prefix script '/home/shumy/ros2_ws/src/install/local_setup.bash'
[9.001s] INFO:colcon.colcon_core.shell:Creating prefix chain script '/home/shumy/ros2_ws/src/install/setup.bash'
[9.060s] INFO:colcon.colcon_core.shell:Creating prefix script '/home/shumy/ros2_ws/src/install/local_setup.zsh'
[9.061s] INFO:colcon.colcon_core.shell:Creating prefix chain script '/home/shumy/ros2_ws/src/install/setup.zsh'
