[0.543s] Invoking command in '/home/shumy/ros2_ws/src/mypkg': PYTHONPATH=/home/shumy/ros2_ws/build/mypkg/prefix_override:/home/shumy/ros2_ws/install/mypkg/lib/python3.8/site-packages:${PYTHONPATH} /usr/bin/python3 setup.py egg_info --egg-base ../../build/mypkg build --build-base /home/shumy/ros2_ws/build/mypkg/build install --record /home/shumy/ros2_ws/build/mypkg/install.log --install-scripts $base/lib/mypkg --single-version-externally-managed
[0.668s] running egg_info
[0.669s] writing ../../build/mypkg/mypkg.egg-info/PKG-INFO
[0.669s] writing dependency_links to ../../build/mypkg/mypkg.egg-info/dependency_links.txt
[0.669s] writing entry points to ../../build/mypkg/mypkg.egg-info/entry_points.txt
[0.669s] writing requirements to ../../build/mypkg/mypkg.egg-info/requires.txt
[0.670s] writing top-level names to ../../build/mypkg/mypkg.egg-info/top_level.txt
[0.690s] reading manifest file '../../build/mypkg/mypkg.egg-info/SOURCES.txt'
[0.690s] writing manifest file '../../build/mypkg/mypkg.egg-info/SOURCES.txt'
[0.691s] running build
[0.691s] running build_py
[0.691s] copying mypkg/talker.py -> /home/shumy/ros2_ws/build/mypkg/build/lib/mypkg
[0.691s] copying mypkg/listener.py -> /home/shumy/ros2_ws/build/mypkg/build/lib/mypkg
[0.691s] running install
[0.691s] running install_lib
[0.692s] copying /home/shumy/ros2_ws/build/mypkg/build/lib/mypkg/talker.py -> /home/shumy/ros2_ws/install/mypkg/lib/python3.8/site-packages/mypkg
[0.692s] copying /home/shumy/ros2_ws/build/mypkg/build/lib/mypkg/listener.py -> /home/shumy/ros2_ws/install/mypkg/lib/python3.8/site-packages/mypkg
[0.692s] byte-compiling /home/shumy/ros2_ws/install/mypkg/lib/python3.8/site-packages/mypkg/talker.py to talker.cpython-38.pyc
[0.693s] byte-compiling /home/shumy/ros2_ws/install/mypkg/lib/python3.8/site-packages/mypkg/listener.py to listener.cpython-38.pyc
[0.693s] running install_data
[0.694s] running install_egg_info
[0.695s] removing '/home/shumy/ros2_ws/install/mypkg/lib/python3.8/site-packages/mypkg-0.0.0-py3.8.egg-info' (and everything under it)
[0.695s] Copying ../../build/mypkg/mypkg.egg-info to /home/shumy/ros2_ws/install/mypkg/lib/python3.8/site-packages/mypkg-0.0.0-py3.8.egg-info
[0.695s] running install_scripts
[0.706s] Installing listener script to /home/shumy/ros2_ws/install/mypkg/lib/mypkg
[0.706s] Installing talker script to /home/shumy/ros2_ws/install/mypkg/lib/mypkg
[0.706s] writing list of installed files to '/home/shumy/ros2_ws/build/mypkg/install.log'
[0.720s] Invoked command in '/home/shumy/ros2_ws/src/mypkg' returned '0': PYTHONPATH=/home/shumy/ros2_ws/build/mypkg/prefix_override:/home/shumy/ros2_ws/install/mypkg/lib/python3.8/site-packages:${PYTHONPATH} /usr/bin/python3 setup.py egg_info --egg-base ../../build/mypkg build --build-base /home/shumy/ros2_ws/build/mypkg/build install --record /home/shumy/ros2_ws/build/mypkg/install.log --install-scripts $base/lib/mypkg --single-version-externally-managed
