[3.672s] DEBUG:colcon:Command line arguments: ['/usr/bin/colcon', 'build']
[3.673s] DEBUG:colcon:Parsed command line arguments: Namespace(allow_overriding=[], ament_cmake_args=None, base_paths=['.'], build_base='build', catkin_cmake_args=None, catkin_skip_building_tests=False, cmake_args=None, cmake_clean_cache=False, cmake_clean_first=False, cmake_force_configure=False, cmake_target=None, cmake_target_skip_unavailable=False, continue_on_error=False, event_handlers=None, executor='parallel', ignore_user_meta=False, install_base='install', log_base=None, log_level=None, main=<bound method BuildVerb.main of <colcon_core.verb.build.BuildVerb object at 0x7f3c8c186400>>, merge_install=False, metas=['./colcon.meta'], packages_above=None, packages_above_and_dependencies=None, packages_above_depth=None, packages_end=None, packages_ignore=None, packages_ignore_regex=None, packages_select=None, packages_select_build_failed=False, packages_select_by_dep=None, packages_select_regex=None, packages_select_test_failures=False, packages_skip=None, packages_skip_build_finished=False, packages_skip_by_dep=None, packages_skip_regex=None, packages_skip_test_passed=False, packages_skip_up_to=None, packages_start=None, packages_up_to=None, packages_up_to_regex=None, parallel_workers=16, paths=None, symlink_install=False, test_result_base=None, verb_extension=<colcon_core.verb.build.BuildVerb object at 0x7f3c8c186400>, verb_name='build', verb_parser=<colcon_defaults.argument_parser.defaults.DefaultArgumentsDecorator object at 0x7f3c8bd77550>)
[3.852s] Level 1:colcon.colcon_core.package_discovery:discover_packages(colcon_meta) check parameters
[3.852s] Level 1:colcon.colcon_core.package_discovery:discover_packages(recursive) check parameters
[3.852s] Level 1:colcon.colcon_core.package_discovery:discover_packages(ignore) check parameters
[3.852s] Level 1:colcon.colcon_core.package_discovery:discover_packages(path) check parameters
[3.852s] Level 1:colcon.colcon_core.package_discovery:discover_packages(colcon_meta) discover
[3.853s] Level 1:colcon.colcon_core.package_discovery:discover_packages(recursive) discover
[3.853s] INFO:colcon.colcon_core.package_discovery:Crawling recursively for packages in '/home/shumy/ros2_ws'
[3.853s] Level 1:colcon.colcon_core.package_identification:_identify(.) by extensions ['ignore', 'ignore_ament_install']
[3.853s] Level 1:colcon.colcon_core.package_identification:_identify(.) by extension 'ignore'
[3.853s] Level 1:colcon.colcon_core.package_identification:_identify(.) by extension 'ignore_ament_install'
[3.853s] Level 1:colcon.colcon_core.package_identification:_identify(.) by extensions ['colcon_pkg']
[3.853s] Level 1:colcon.colcon_core.package_identification:_identify(.) by extension 'colcon_pkg'
[3.853s] Level 1:colcon.colcon_core.package_identification:_identify(.) by extensions ['colcon_meta']
[3.853s] Level 1:colcon.colcon_core.package_identification:_identify(.) by extension 'colcon_meta'
[3.853s] Level 1:colcon.colcon_core.package_identification:_identify(.) by extensions ['ros']
[3.853s] Level 1:colcon.colcon_core.package_identification:_identify(.) by extension 'ros'
[3.876s] Level 1:colcon.colcon_core.package_identification:_identify(.) by extensions ['cmake', 'python']
[3.876s] Level 1:colcon.colcon_core.package_identification:_identify(.) by extension 'cmake'
[3.876s] Level 1:colcon.colcon_core.package_identification:_identify(.) by extension 'python'
[3.876s] Level 1:colcon.colcon_core.package_identification:_identify(.) by extensions ['python_setup_py']
[3.876s] Level 1:colcon.colcon_core.package_identification:_identify(.) by extension 'python_setup_py'
[3.877s] Level 1:colcon.colcon_core.package_identification:_identify(build) by extensions ['ignore', 'ignore_ament_install']
[3.877s] Level 1:colcon.colcon_core.package_identification:_identify(build) by extension 'ignore'
[3.877s] Level 1:colcon.colcon_core.package_identification:_identify(build) ignored
[3.877s] Level 1:colcon.colcon_core.package_identification:_identify(install) by extensions ['ignore', 'ignore_ament_install']
[3.877s] Level 1:colcon.colcon_core.package_identification:_identify(install) by extension 'ignore'
[3.878s] Level 1:colcon.colcon_core.package_identification:_identify(install) ignored
[3.878s] Level 1:colcon.colcon_core.package_identification:_identify(log) by extensions ['ignore', 'ignore_ament_install']
[3.878s] Level 1:colcon.colcon_core.package_identification:_identify(log) by extension 'ignore'
[3.878s] Level 1:colcon.colcon_core.package_identification:_identify(log) ignored
[3.878s] Level 1:colcon.colcon_core.package_identification:_identify(src) by extensions ['ignore', 'ignore_ament_install']
[3.879s] Level 1:colcon.colcon_core.package_identification:_identify(src) by extension 'ignore'
[3.879s] Level 1:colcon.colcon_core.package_identification:_identify(src) by extension 'ignore_ament_install'
[3.879s] Level 1:colcon.colcon_core.package_identification:_identify(src) by extensions ['colcon_pkg']
[3.879s] Level 1:colcon.colcon_core.package_identification:_identify(src) by extension 'colcon_pkg'
[3.879s] Level 1:colcon.colcon_core.package_identification:_identify(src) by extensions ['colcon_meta']
[3.879s] Level 1:colcon.colcon_core.package_identification:_identify(src) by extension 'colcon_meta'
[3.879s] Level 1:colcon.colcon_core.package_identification:_identify(src) by extensions ['ros']
[3.879s] Level 1:colcon.colcon_core.package_identification:_identify(src) by extension 'ros'
[3.880s] Level 1:colcon.colcon_core.package_identification:_identify(src) by extensions ['cmake', 'python']
[3.880s] Level 1:colcon.colcon_core.package_identification:_identify(src) by extension 'cmake'
[3.880s] Level 1:colcon.colcon_core.package_identification:_identify(src) by extension 'python'
[3.880s] Level 1:colcon.colcon_core.package_identification:_identify(src) by extensions ['python_setup_py']
[3.880s] Level 1:colcon.colcon_core.package_identification:_identify(src) by extension 'python_setup_py'
[3.880s] Level 1:colcon.colcon_core.package_identification:_identify(src/build) by extensions ['ignore', 'ignore_ament_install']
[3.880s] Level 1:colcon.colcon_core.package_identification:_identify(src/build) by extension 'ignore'
[3.880s] Level 1:colcon.colcon_core.package_identification:_identify(src/build) ignored
[3.881s] Level 1:colcon.colcon_core.package_identification:_identify(src/install) by extensions ['ignore', 'ignore_ament_install']
[3.881s] Level 1:colcon.colcon_core.package_identification:_identify(src/install) by extension 'ignore'
[3.881s] Level 1:colcon.colcon_core.package_identification:_identify(src/install) ignored
[3.881s] Level 1:colcon.colcon_core.package_identification:_identify(src/log) by extensions ['ignore', 'ignore_ament_install']
[3.882s] Level 1:colcon.colcon_core.package_identification:_identify(src/log) by extension 'ignore'
[3.882s] Level 1:colcon.colcon_core.package_identification:_identify(src/log) ignored
[3.882s] Level 1:colcon.colcon_core.package_identification:_identify(src/mypkg) by extensions ['ignore', 'ignore_ament_install']
[3.882s] Level 1:colcon.colcon_core.package_identification:_identify(src/mypkg) by extension 'ignore'
[3.883s] Level 1:colcon.colcon_core.package_identification:_identify(src/mypkg) by extension 'ignore_ament_install'
[3.883s] Level 1:colcon.colcon_core.package_identification:_identify(src/mypkg) by extensions ['colcon_pkg']
[3.883s] Level 1:colcon.colcon_core.package_identification:_identify(src/mypkg) by extension 'colcon_pkg'
[3.883s] Level 1:colcon.colcon_core.package_identification:_identify(src/mypkg) by extensions ['colcon_meta']
[3.883s] Level 1:colcon.colcon_core.package_identification:_identify(src/mypkg) by extension 'colcon_meta'
[3.883s] Level 1:colcon.colcon_core.package_identification:_identify(src/mypkg) by extensions ['ros']
[3.883s] Level 1:colcon.colcon_core.package_identification:_identify(src/mypkg) by extension 'ros'
[3.887s] DEBUG:colcon.colcon_core.package_identification:Package 'src/mypkg' with type 'ros.ament_python' and name 'mypkg'
[3.888s] Level 1:colcon.colcon_core.package_discovery:discover_packages(recursive) using defaults
[3.888s] Level 1:colcon.colcon_core.package_discovery:discover_packages(ignore) discover
[3.888s] Level 1:colcon.colcon_core.package_discovery:discover_packages(ignore) using defaults
[3.888s] Level 1:colcon.colcon_core.package_discovery:discover_packages(path) discover
[3.888s] Level 1:colcon.colcon_core.package_discovery:discover_packages(path) using defaults
[4.183s] Level 1:colcon.colcon_core.package_discovery:discover_packages(prefix_path) check parameters
[4.183s] Level 1:colcon.colcon_core.package_discovery:discover_packages(prefix_path) discover
[4.302s] DEBUG:colcon.colcon_installed_package_information.package_discovery:Found 1 installed packages in /home/shumy/ros2_ws/install
[4.355s] DEBUG:colcon.colcon_installed_package_information.package_discovery:Found 256 installed packages in /opt/ros/foxy
[4.357s] Level 1:colcon.colcon_core.package_discovery:discover_packages(prefix_path) using defaults
[4.629s] Level 5:colcon.colcon_core.verb:set package 'mypkg' build argument 'cmake_args' from command line to 'None'
[4.629s] Level 5:colcon.colcon_core.verb:set package 'mypkg' build argument 'cmake_target' from command line to 'None'
[4.629s] Level 5:colcon.colcon_core.verb:set package 'mypkg' build argument 'cmake_target_skip_unavailable' from command line to 'False'
[4.629s] Level 5:colcon.colcon_core.verb:set package 'mypkg' build argument 'cmake_clean_cache' from command line to 'False'
[4.629s] Level 5:colcon.colcon_core.verb:set package 'mypkg' build argument 'cmake_clean_first' from command line to 'False'
[4.629s] Level 5:colcon.colcon_core.verb:set package 'mypkg' build argument 'cmake_force_configure' from command line to 'False'
[4.629s] Level 5:colcon.colcon_core.verb:set package 'mypkg' build argument 'ament_cmake_args' from command line to 'None'
[4.629s] Level 5:colcon.colcon_core.verb:set package 'mypkg' build argument 'catkin_cmake_args' from command line to 'None'
[4.629s] Level 5:colcon.colcon_core.verb:set package 'mypkg' build argument 'catkin_skip_building_tests' from command line to 'False'
[4.629s] DEBUG:colcon.colcon_core.verb:Building package 'mypkg' with the following arguments: {'ament_cmake_args': None, 'build_base': '/home/shumy/ros2_ws/build/mypkg', 'catkin_cmake_args': None, 'catkin_skip_building_tests': False, 'cmake_args': None, 'cmake_clean_cache': False, 'cmake_clean_first': False, 'cmake_force_configure': False, 'cmake_target': None, 'cmake_target_skip_unavailable': False, 'install_base': '/home/shumy/ros2_ws/install/mypkg', 'merge_install': False, 'path': '/home/shumy/ros2_ws/src/mypkg', 'symlink_install': False, 'test_result_base': None}
[4.692s] INFO:colcon.colcon_core.executor:Executing jobs using 'parallel' executor
[4.769s] DEBUG:colcon.colcon_parallel_executor.executor.parallel:run_until_complete
[4.769s] INFO:colcon.colcon_ros.task.ament_python.build:Building ROS package in '/home/shumy/ros2_ws/src/mypkg' with build type 'ament_python'
[4.770s] Level 1:colcon.colcon_core.shell:create_environment_hook('mypkg', 'ament_prefix_path')
[4.849s] INFO:colcon.colcon_core.plugin_system:Skipping extension 'colcon_core.shell.bat': Not used on non-Windows systems
[4.850s] INFO:colcon.colcon_core.shell:Creating environment hook '/home/shumy/ros2_ws/install/mypkg/share/mypkg/hook/ament_prefix_path.ps1'
[4.851s] INFO:colcon.colcon_core.shell:Creating environment descriptor '/home/shumy/ros2_ws/install/mypkg/share/mypkg/hook/ament_prefix_path.dsv'
[4.852s] INFO:colcon.colcon_core.shell:Creating environment hook '/home/shumy/ros2_ws/install/mypkg/share/mypkg/hook/ament_prefix_path.sh'
[4.932s] INFO:colcon.colcon_core.shell:Skip shell extension 'powershell' for command environment: Not usable outside of PowerShell
[4.932s] DEBUG:colcon.colcon_core.shell:Skip shell extension 'dsv' for command environment
[5.492s] INFO:colcon.colcon_core.task.python.build:Building Python package in '/home/shumy/ros2_ws/src/mypkg'
[5.549s] INFO:colcon.colcon_core.shell:Skip shell extension 'powershell' for command environment: Not usable outside of PowerShell
[5.549s] DEBUG:colcon.colcon_core.shell:Skip shell extension 'dsv' for command environment
[6.377s] DEBUG:colcon.colcon_core.event_handler.log_command:Invoking command in '/home/shumy/ros2_ws/src/mypkg': PYTHONPATH=/home/shumy/ros2_ws/build/mypkg/prefix_override:/home/shumy/ros2_ws/install/mypkg/lib/python3.8/site-packages:${PYTHONPATH} /usr/bin/python3 setup.py egg_info --egg-base ../../build/mypkg build --build-base /home/shumy/ros2_ws/build/mypkg/build install --record /home/shumy/ros2_ws/build/mypkg/install.log --install-scripts $base/lib/mypkg --single-version-externally-managed
[6.842s] DEBUG:colcon.colcon_core.event_handler.log_command:Invoked command in '/home/shumy/ros2_ws/src/mypkg' returned '0': PYTHONPATH=/home/shumy/ros2_ws/build/mypkg/prefix_override:/home/shumy/ros2_ws/install/mypkg/lib/python3.8/site-packages:${PYTHONPATH} /usr/bin/python3 setup.py egg_info --egg-base ../../build/mypkg build --build-base /home/shumy/ros2_ws/build/mypkg/build install --record /home/shumy/ros2_ws/build/mypkg/install.log --install-scripts $base/lib/mypkg --single-version-externally-managed
[6.900s] Level 1:colcon.colcon_core.environment:checking '/home/shumy/ros2_ws/install/mypkg' for CMake module files
[6.900s] Level 1:colcon.colcon_core.environment:checking '/home/shumy/ros2_ws/install/mypkg' for CMake config files
[6.902s] Level 1:colcon.colcon_core.environment:checking '/home/shumy/ros2_ws/install/mypkg/lib'
[6.902s] Level 1:colcon.colcon_core.environment:checking '/home/shumy/ros2_ws/install/mypkg/bin'
[6.903s] Level 1:colcon.colcon_core.environment:checking '/home/shumy/ros2_ws/install/mypkg/lib/pkgconfig/mypkg.pc'
[6.903s] Level 1:colcon.colcon_core.environment:checking '/home/shumy/ros2_ws/install/mypkg/lib/python3.8/site-packages'
[6.903s] Level 1:colcon.colcon_core.shell:create_environment_hook('mypkg', 'pythonpath')
[6.963s] INFO:colcon.colcon_core.shell:Creating environment hook '/home/shumy/ros2_ws/install/mypkg/share/mypkg/hook/pythonpath.ps1'
[6.964s] INFO:colcon.colcon_core.shell:Creating environment descriptor '/home/shumy/ros2_ws/install/mypkg/share/mypkg/hook/pythonpath.dsv'
[6.965s] INFO:colcon.colcon_core.shell:Creating environment hook '/home/shumy/ros2_ws/install/mypkg/share/mypkg/hook/pythonpath.sh'
[6.966s] Level 1:colcon.colcon_core.environment:checking '/home/shumy/ros2_ws/install/mypkg/bin'
[6.966s] Level 1:colcon.colcon_core.environment:create_environment_scripts_only(mypkg)
[7.024s] INFO:colcon.colcon_core.shell:Creating package script '/home/shumy/ros2_ws/install/mypkg/share/mypkg/package.ps1'
[7.026s] INFO:colcon.colcon_core.shell:Creating package descriptor '/home/shumy/ros2_ws/install/mypkg/share/mypkg/package.dsv'
[7.027s] INFO:colcon.colcon_core.shell:Creating package script '/home/shumy/ros2_ws/install/mypkg/share/mypkg/package.sh'
[7.028s] INFO:colcon.colcon_core.shell:Creating package script '/home/shumy/ros2_ws/install/mypkg/share/mypkg/package.bash'
[7.029s] INFO:colcon.colcon_core.shell:Creating package script '/home/shumy/ros2_ws/install/mypkg/share/mypkg/package.zsh'
[7.031s] Level 1:colcon.colcon_core.environment:create_file_with_runtime_dependencies(/home/shumy/ros2_ws/install/mypkg/share/colcon-core/packages/mypkg)
[7.032s] DEBUG:colcon.colcon_parallel_executor.executor.parallel:closing loop
[7.033s] DEBUG:colcon.colcon_parallel_executor.executor.parallel:loop closed
[7.033s] DEBUG:colcon.colcon_parallel_executor.executor.parallel:run_until_complete finished with '0'
[7.033s] DEBUG:colcon.colcon_core.event_reactor:joining thread
[7.233s] INFO:colcon.colcon_core.plugin_system:Skipping extension 'colcon_notification.desktop_notification.notify_send': Could not find 'notify-send'
[7.233s] INFO:colcon.colcon_core.plugin_system:Skipping extension 'colcon_notification.desktop_notification.terminal_notifier': Not used on non-Darwin systems
[7.233s] INFO:colcon.colcon_core.plugin_system:Skipping extension 'colcon_notification.desktop_notification.win32': Not used on non-Windows systems
[7.233s] INFO:colcon.colcon_notification.desktop_notification:Sending desktop notification using 'notify2'
[7.243s] DEBUG:colcon.colcon_notification.desktop_notification.notify2:Failed to initialize notify2: org.freedesktop.DBus.Error.ServiceUnknown: The name org.freedesktop.Notifications was not provided by any .service files
[7.244s] DEBUG:colcon.colcon_core.event_reactor:joined thread
[7.309s] INFO:colcon.colcon_core.shell:Creating prefix script '/home/shumy/ros2_ws/install/local_setup.ps1'
[7.311s] INFO:colcon.colcon_core.shell:Creating prefix util module '/home/shumy/ros2_ws/install/_local_setup_util_ps1.py'
[7.313s] INFO:colcon.colcon_core.shell:Creating prefix chain script '/home/shumy/ros2_ws/install/setup.ps1'
[7.369s] INFO:colcon.colcon_core.shell:Creating prefix script '/home/shumy/ros2_ws/install/local_setup.sh'
[7.370s] INFO:colcon.colcon_core.shell:Creating prefix util module '/home/shumy/ros2_ws/install/_local_setup_util_sh.py'
[7.371s] INFO:colcon.colcon_core.shell:Creating prefix chain script '/home/shumy/ros2_ws/install/setup.sh'
[7.444s] INFO:colcon.colcon_core.shell:Creating prefix script '/home/shumy/ros2_ws/install/local_setup.bash'
[7.445s] INFO:colcon.colcon_core.shell:Creating prefix chain script '/home/shumy/ros2_ws/install/setup.bash'
[7.513s] INFO:colcon.colcon_core.shell:Creating prefix script '/home/shumy/ros2_ws/install/local_setup.zsh'
[7.514s] INFO:colcon.colcon_core.shell:Creating prefix chain script '/home/shumy/ros2_ws/install/setup.zsh'
