[1.351s] Invoking command in '/home/shumy/ros2_ws/src/mypkg': PYTHONPATH=/home/shumy/ros2_ws/src/mypkg/build/mypkg/prefix_override:/home/shumy/ros2_ws/src/mypkg/install/mypkg/lib/python3.8/site-packages:${PYTHONPATH} /usr/bin/python3 setup.py egg_info --egg-base build/mypkg build --build-base /home/shumy/ros2_ws/src/mypkg/build/mypkg/build install --record /home/shumy/ros2_ws/src/mypkg/build/mypkg/install.log --install-scripts $base/lib/mypkg --single-version-externally-managed
[1.660s] running egg_info
[1.661s] creating build/mypkg/mypkg.egg-info
[1.662s] writing build/mypkg/mypkg.egg-info/PKG-INFO
[1.662s] writing dependency_links to build/mypkg/mypkg.egg-info/dependency_links.txt
[1.663s] writing entry points to build/mypkg/mypkg.egg-info/entry_points.txt
[1.663s] writing requirements to build/mypkg/mypkg.egg-info/requires.txt
[1.663s] writing top-level names to build/mypkg/mypkg.egg-info/top_level.txt
[1.666s] writing manifest file 'build/mypkg/mypkg.egg-info/SOURCES.txt'
[1.715s] reading manifest file 'build/mypkg/mypkg.egg-info/SOURCES.txt'
[1.717s] writing manifest file 'build/mypkg/mypkg.egg-info/SOURCES.txt'
[1.718s] running build
[1.719s] running build_py
[1.719s] creating /home/shumy/ros2_ws/src/mypkg/build/mypkg/build
[1.719s] creating /home/shumy/ros2_ws/src/mypkg/build/mypkg/build/lib
[1.719s] creating /home/shumy/ros2_ws/src/mypkg/build/mypkg/build/lib/mypkg
[1.719s] copying mypkg/talker.py -> /home/shumy/ros2_ws/src/mypkg/build/mypkg/build/lib/mypkg
[1.719s] copying mypkg/__init__.py -> /home/shumy/ros2_ws/src/mypkg/build/mypkg/build/lib/mypkg
[1.719s] running install
[1.720s] running install_lib
[1.722s] creating /home/shumy/ros2_ws/src/mypkg/install/mypkg/lib/python3.8/site-packages/mypkg
[1.722s] copying /home/shumy/ros2_ws/src/mypkg/build/mypkg/build/lib/mypkg/talker.py -> /home/shumy/ros2_ws/src/mypkg/install/mypkg/lib/python3.8/site-packages/mypkg
[1.723s] copying /home/shumy/ros2_ws/src/mypkg/build/mypkg/build/lib/mypkg/__init__.py -> /home/shumy/ros2_ws/src/mypkg/install/mypkg/lib/python3.8/site-packages/mypkg
[1.723s] byte-compiling /home/shumy/ros2_ws/src/mypkg/install/mypkg/lib/python3.8/site-packages/mypkg/talker.py to talker.cpython-38.pyc
[1.725s] byte-compiling /home/shumy/ros2_ws/src/mypkg/install/mypkg/lib/python3.8/site-packages/mypkg/__init__.py to __init__.cpython-38.pyc
[1.726s] running install_data
[1.727s] creating /home/shumy/ros2_ws/src/mypkg/install/mypkg/share/ament_index
[1.727s] creating /home/shumy/ros2_ws/src/mypkg/install/mypkg/share/ament_index/resource_index
[1.727s] creating /home/shumy/ros2_ws/src/mypkg/install/mypkg/share/ament_index/resource_index/packages
[1.728s] copying resource/mypkg -> /home/shumy/ros2_ws/src/mypkg/install/mypkg/share/ament_index/resource_index/packages
[1.728s] copying package.xml -> /home/shumy/ros2_ws/src/mypkg/install/mypkg/share/mypkg
[1.728s] running install_egg_info
[1.730s] Copying build/mypkg/mypkg.egg-info to /home/shumy/ros2_ws/src/mypkg/install/mypkg/lib/python3.8/site-packages/mypkg-0.0.0-py3.8.egg-info
[1.733s] running install_scripts
[1.757s] Installing talker script to /home/shumy/ros2_ws/src/mypkg/install/mypkg/lib/mypkg
[1.758s] writing list of installed files to '/home/shumy/ros2_ws/src/mypkg/build/mypkg/install.log'
[1.787s] Invoked command in '/home/shumy/ros2_ws/src/mypkg' returned '0': PYTHONPATH=/home/shumy/ros2_ws/src/mypkg/build/mypkg/prefix_override:/home/shumy/ros2_ws/src/mypkg/install/mypkg/lib/python3.8/site-packages:${PYTHONPATH} /usr/bin/python3 setup.py egg_info --egg-base build/mypkg build --build-base /home/shumy/ros2_ws/src/mypkg/build/mypkg/build install --record /home/shumy/ros2_ws/src/mypkg/build/mypkg/install.log --install-scripts $base/lib/mypkg --single-version-externally-managed
