[1.566s] Invoking command in '/home/shumy/ros2_ws/src/mypkg': PYTHONPATH=/home/shumy/ros2_ws/src/mypkg/build/mypkg/prefix_override:/home/shumy/ros2_ws/src/mypkg/install/mypkg/lib/python3.8/site-packages:${PYTHONPATH} /usr/bin/python3 setup.py egg_info --egg-base build/mypkg build --build-base /home/shumy/ros2_ws/src/mypkg/build/mypkg/build install --record /home/shumy/ros2_ws/src/mypkg/build/mypkg/install.log --install-scripts $base/lib/mypkg --single-version-externally-managed
[1.909s] running egg_info
[1.910s] writing build/mypkg/mypkg.egg-info/PKG-INFO
[1.911s] writing dependency_links to build/mypkg/mypkg.egg-info/dependency_links.txt
[1.911s] writing entry points to build/mypkg/mypkg.egg-info/entry_points.txt
[1.912s] writing requirements to build/mypkg/mypkg.egg-info/requires.txt
[1.912s] writing top-level names to build/mypkg/mypkg.egg-info/top_level.txt
[1.966s] reading manifest file 'build/mypkg/mypkg.egg-info/SOURCES.txt'
[1.967s] writing manifest file 'build/mypkg/mypkg.egg-info/SOURCES.txt'
[1.968s] running build
[1.968s] running build_py
[1.968s] copying mypkg/talker.py -> /home/shumy/ros2_ws/src/mypkg/build/mypkg/build/lib/mypkg
[1.969s] running install
[1.970s] running install_lib
[1.972s] copying /home/shumy/ros2_ws/src/mypkg/build/mypkg/build/lib/mypkg/talker.py -> /home/shumy/ros2_ws/src/mypkg/install/mypkg/lib/python3.8/site-packages/mypkg
[1.972s] byte-compiling /home/shumy/ros2_ws/src/mypkg/install/mypkg/lib/python3.8/site-packages/mypkg/talker.py to talker.cpython-38.pyc
[1.975s] running install_data
[1.975s] copying package.xml -> /home/shumy/ros2_ws/src/mypkg/install/mypkg/share/mypkg
[1.976s] running install_egg_info
[1.978s] removing '/home/shumy/ros2_ws/src/mypkg/install/mypkg/lib/python3.8/site-packages/mypkg-0.0.0-py3.8.egg-info' (and everything under it)
[1.979s] Copying build/mypkg/mypkg.egg-info to /home/shumy/ros2_ws/src/mypkg/install/mypkg/lib/python3.8/site-packages/mypkg-0.0.0-py3.8.egg-info
[1.981s] running install_scripts
[2.007s] Installing talker script to /home/shumy/ros2_ws/src/mypkg/install/mypkg/lib/mypkg
[2.007s] writing list of installed files to '/home/shumy/ros2_ws/src/mypkg/build/mypkg/install.log'
[2.037s] Invoked command in '/home/shumy/ros2_ws/src/mypkg' returned '0': PYTHONPATH=/home/shumy/ros2_ws/src/mypkg/build/mypkg/prefix_override:/home/shumy/ros2_ws/src/mypkg/install/mypkg/lib/python3.8/site-packages:${PYTHONPATH} /usr/bin/python3 setup.py egg_info --egg-base build/mypkg build --build-base /home/shumy/ros2_ws/src/mypkg/build/mypkg/build install --record /home/shumy/ros2_ws/src/mypkg/build/mypkg/install.log --install-scripts $base/lib/mypkg --single-version-externally-managed
