[0.539s] Invoking command in '/home/shumy/ros2_ws/src/mypkg': PYTHONPATH=/home/shumy/ros2_ws/build/mypkg/prefix_override:/home/shumy/ros2_ws/install/mypkg/lib/python3.8/site-packages:${PYTHONPATH} /usr/bin/python3 setup.py egg_info --egg-base ../../build/mypkg build --build-base /home/shumy/ros2_ws/build/mypkg/build install --record /home/shumy/ros2_ws/build/mypkg/install.log --install-scripts $base/lib/mypkg --single-version-externally-managed
[0.658s] running egg_info
[0.659s] writing ../../build/mypkg/mypkg.egg-info/PKG-INFO
[0.659s] writing dependency_links to ../../build/mypkg/mypkg.egg-info/dependency_links.txt
[0.659s] writing entry points to ../../build/mypkg/mypkg.egg-info/entry_points.txt
[0.659s] writing requirements to ../../build/mypkg/mypkg.egg-info/requires.txt
[0.659s] writing top-level names to ../../build/mypkg/mypkg.egg-info/top_level.txt
[0.679s] reading manifest file '../../build/mypkg/mypkg.egg-info/SOURCES.txt'
[0.680s] writing manifest file '../../build/mypkg/mypkg.egg-info/SOURCES.txt'
[0.680s] running build
[0.680s] running build_py
[0.680s] running install
[0.680s] running install_lib
[0.681s] running install_data
[0.681s] copying package.xml -> /home/shumy/ros2_ws/install/mypkg/share/mypkg
[0.682s] running install_egg_info
[0.682s] removing '/home/shumy/ros2_ws/install/mypkg/lib/python3.8/site-packages/mypkg-0.0.0-py3.8.egg-info' (and everything under it)
[0.683s] Copying ../../build/mypkg/mypkg.egg-info to /home/shumy/ros2_ws/install/mypkg/lib/python3.8/site-packages/mypkg-0.0.0-py3.8.egg-info
[0.684s] running install_scripts
[0.694s] Installing listener script to /home/shumy/ros2_ws/install/mypkg/lib/mypkg
[0.694s] Installing talker script to /home/shumy/ros2_ws/install/mypkg/lib/mypkg
[0.694s] writing list of installed files to '/home/shumy/ros2_ws/build/mypkg/install.log'
[0.708s] Invoked command in '/home/shumy/ros2_ws/src/mypkg' returned '0': PYTHONPATH=/home/shumy/ros2_ws/build/mypkg/prefix_override:/home/shumy/ros2_ws/install/mypkg/lib/python3.8/site-packages:${PYTHONPATH} /usr/bin/python3 setup.py egg_info --egg-base ../../build/mypkg build --build-base /home/shumy/ros2_ws/build/mypkg/build install --record /home/shumy/ros2_ws/build/mypkg/install.log --install-scripts $base/lib/mypkg --single-version-externally-managed
