[0.743s] Invoking command in '/home/shumy/ros2_ws/build/person_msgs': CMAKE_PREFIX_PATH=${CMAKE_PREFIX_PATH}:/home/shumy/ros2_ws/install/mypkg:/opt/ros/foxy /usr/bin/cmake --build /home/shumy/ros2_ws/build/person_msgs -- -j16 -l16
[0.825s] [  9%] Built target person_msgs__rosidl_generator_c
[0.830s] [ 12%] Built target person_msgs__cpp
[0.870s] [ 22%] Built target person_msgs__rosidl_typesupport_introspection_c
[0.870s] [ 32%] Built target person_msgs__rosidl_typesupport_c
[0.874s] [ 41%] Built target person_msgs__rosidl_typesupport_cpp
[0.874s] [ 51%] Built target person_msgs__rosidl_typesupport_introspection_cpp
[0.879s] [ 61%] Built target person_msgs__rosidl_typesupport_fastrtps_cpp
[0.912s] [ 70%] Built target person_msgs__rosidl_typesupport_fastrtps_c
[0.938s] [ 70%] Built target person_msgs
[0.964s] [ 74%] Built target person_msgs__py
[0.998s] [ 80%] Built target person_msgs__python
[1.039s] [ 93%] Built target person_msgs__rosidl_typesupport_fastrtps_c__pyext
[1.040s] [ 93%] Built target person_msgs__rosidl_typesupport_c__pyext
[1.042s] [100%] Built target person_msgs__rosidl_typesupport_introspection_c__pyext
[1.058s] Invoked command in '/home/shumy/ros2_ws/build/person_msgs' returned '0': CMAKE_PREFIX_PATH=${CMAKE_PREFIX_PATH}:/home/shumy/ros2_ws/install/mypkg:/opt/ros/foxy /usr/bin/cmake --build /home/shumy/ros2_ws/build/person_msgs -- -j16 -l16
[1.150s] Invoking command in '/home/shumy/ros2_ws/build/person_msgs': CMAKE_PREFIX_PATH=${CMAKE_PREFIX_PATH}:/home/shumy/ros2_ws/install/mypkg:/opt/ros/foxy /usr/bin/cmake --install /home/shumy/ros2_ws/build/person_msgs
[1.163s] -- Install configuration: ""
[1.163s] -- Up-to-date: /home/shumy/ros2_ws/install/person_msgs/share/ament_index/resource_index/rosidl_interfaces/person_msgs
[1.164s] -- Up-to-date: /home/shumy/ros2_ws/install/person_msgs/include/person_msgs
[1.164s] -- Up-to-date: /home/shumy/ros2_ws/install/person_msgs/include/person_msgs/msg
[1.164s] -- Up-to-date: /home/shumy/ros2_ws/install/person_msgs/include/person_msgs/msg/person.h
[1.164s] -- Up-to-date: /home/shumy/ros2_ws/install/person_msgs/include/person_msgs/msg/rosidl_generator_c__visibility_control.h
[1.165s] -- Up-to-date: /home/shumy/ros2_ws/install/person_msgs/include/person_msgs/msg/detail
[1.165s] -- Up-to-date: /home/shumy/ros2_ws/install/person_msgs/include/person_msgs/msg/detail/person__functions.c
[1.166s] -- Up-to-date: /home/shumy/ros2_ws/install/person_msgs/include/person_msgs/msg/detail/person__type_support.h
[1.166s] -- Up-to-date: /home/shumy/ros2_ws/install/person_msgs/include/person_msgs/msg/detail/person__functions.h
[1.166s] -- Up-to-date: /home/shumy/ros2_ws/install/person_msgs/include/person_msgs/msg/detail/person__struct.h
[1.166s] -- Up-to-date: /home/shumy/ros2_ws/install/person_msgs/share/person_msgs/environment/library_path.sh
[1.166s] -- Up-to-date: /home/shumy/ros2_ws/install/person_msgs/share/person_msgs/environment/library_path.dsv
[1.166s] -- Up-to-date: /home/shumy/ros2_ws/install/person_msgs/lib/libperson_msgs__rosidl_generator_c.so
[1.166s] -- Up-to-date: /home/shumy/ros2_ws/install/person_msgs/include/person_msgs
[1.167s] -- Up-to-date: /home/shumy/ros2_ws/install/person_msgs/include/person_msgs/msg
[1.167s] -- Up-to-date: /home/shumy/ros2_ws/install/person_msgs/include/person_msgs/msg/rosidl_typesupport_fastrtps_c__visibility_control.h
[1.167s] -- Up-to-date: /home/shumy/ros2_ws/install/person_msgs/include/person_msgs/msg/detail
[1.169s] -- Up-to-date: /home/shumy/ros2_ws/install/person_msgs/include/person_msgs/msg/detail/person__rosidl_typesupport_fastrtps_c.h
[1.169s] -- Up-to-date: /home/shumy/ros2_ws/install/person_msgs/lib/libperson_msgs__rosidl_typesupport_fastrtps_c.so
[1.170s] -- Up-to-date: /home/shumy/ros2_ws/install/person_msgs/include/person_msgs
[1.170s] -- Up-to-date: /home/shumy/ros2_ws/install/person_msgs/include/person_msgs/msg
[1.170s] -- Up-to-date: /home/shumy/ros2_ws/install/person_msgs/include/person_msgs/msg/rosidl_typesupport_fastrtps_cpp__visibility_control.h
[1.171s] -- Up-to-date: /home/shumy/ros2_ws/install/person_msgs/include/person_msgs/msg/detail
[1.171s] -- Up-to-date: /home/shumy/ros2_ws/install/person_msgs/include/person_msgs/msg/detail/dds_fastrtps
[1.171s] -- Up-to-date: /home/shumy/ros2_ws/install/person_msgs/include/person_msgs/msg/detail/person__rosidl_typesupport_fastrtps_cpp.hpp
[1.172s] -- Up-to-date: /home/shumy/ros2_ws/install/person_msgs/lib/libperson_msgs__rosidl_typesupport_fastrtps_cpp.so
[1.172s] -- Up-to-date: /home/shumy/ros2_ws/install/person_msgs/include/person_msgs
[1.172s] -- Up-to-date: /home/shumy/ros2_ws/install/person_msgs/include/person_msgs/msg
[1.173s] -- Up-to-date: /home/shumy/ros2_ws/install/person_msgs/include/person_msgs/msg/rosidl_typesupport_introspection_c__visibility_control.h
[1.173s] -- Up-to-date: /home/shumy/ros2_ws/install/person_msgs/include/person_msgs/msg/detail
[1.174s] -- Up-to-date: /home/shumy/ros2_ws/install/person_msgs/include/person_msgs/msg/detail/person__type_support.c
[1.174s] -- Up-to-date: /home/shumy/ros2_ws/install/person_msgs/include/person_msgs/msg/detail/person__rosidl_typesupport_introspection_c.h
[1.174s] -- Up-to-date: /home/shumy/ros2_ws/install/person_msgs/lib/libperson_msgs__rosidl_typesupport_introspection_c.so
[1.175s] -- Up-to-date: /home/shumy/ros2_ws/install/person_msgs/lib/libperson_msgs__rosidl_typesupport_c.so
[1.175s] -- Up-to-date: /home/shumy/ros2_ws/install/person_msgs/include/person_msgs
[1.175s] -- Up-to-date: /home/shumy/ros2_ws/install/person_msgs/include/person_msgs/msg
[1.175s] -- Up-to-date: /home/shumy/ros2_ws/install/person_msgs/include/person_msgs/msg/person.hpp
[1.175s] -- Up-to-date: /home/shumy/ros2_ws/install/person_msgs/include/person_msgs/msg/rosidl_generator_cpp__visibility_control.hpp
[1.175s] -- Up-to-date: /home/shumy/ros2_ws/install/person_msgs/include/person_msgs/msg/detail
[1.176s] -- Up-to-date: /home/shumy/ros2_ws/install/person_msgs/include/person_msgs/msg/detail/person__builder.hpp
[1.176s] -- Up-to-date: /home/shumy/ros2_ws/install/person_msgs/include/person_msgs/msg/detail/person__type_support.hpp
[1.176s] -- Up-to-date: /home/shumy/ros2_ws/install/person_msgs/include/person_msgs/msg/detail/person__traits.hpp
[1.176s] -- Up-to-date: /home/shumy/ros2_ws/install/person_msgs/include/person_msgs/msg/detail/person__struct.hpp
[1.176s] -- Up-to-date: /home/shumy/ros2_ws/install/person_msgs/include/person_msgs
[1.177s] -- Up-to-date: /home/shumy/ros2_ws/install/person_msgs/include/person_msgs/msg
[1.177s] -- Up-to-date: /home/shumy/ros2_ws/install/person_msgs/include/person_msgs/msg/detail
[1.177s] -- Up-to-date: /home/shumy/ros2_ws/install/person_msgs/include/person_msgs/msg/detail/person__rosidl_typesupport_introspection_cpp.hpp
[1.177s] -- Up-to-date: /home/shumy/ros2_ws/install/person_msgs/include/person_msgs/msg/detail/person__type_support.cpp
[1.177s] -- Up-to-date: /home/shumy/ros2_ws/install/person_msgs/lib/libperson_msgs__rosidl_typesupport_introspection_cpp.so
[1.177s] -- Up-to-date: /home/shumy/ros2_ws/install/person_msgs/lib/libperson_msgs__rosidl_typesupport_cpp.so
[1.178s] -- Up-to-date: /home/shumy/ros2_ws/install/person_msgs/share/person_msgs/environment/pythonpath.sh
[1.178s] -- Up-to-date: /home/shumy/ros2_ws/install/person_msgs/share/person_msgs/environment/pythonpath.dsv
[1.178s] -- Up-to-date: /home/shumy/ros2_ws/install/person_msgs/lib/python3.8/site-packages/person_msgs/__init__.py
[1.226s] -- Up-to-date: /home/shumy/ros2_ws/install/person_msgs/lib/python3.8/site-packages/person_msgs/msg
[1.226s] -- Up-to-date: /home/shumy/ros2_ws/install/person_msgs/lib/python3.8/site-packages/person_msgs/msg/_person.py
[1.226s] -- Up-to-date: /home/shumy/ros2_ws/install/person_msgs/lib/python3.8/site-packages/person_msgs/msg/_person_s.c
[1.227s] -- Up-to-date: /home/shumy/ros2_ws/install/person_msgs/lib/python3.8/site-packages/person_msgs/msg/__init__.py
[1.227s] -- Up-to-date: /home/shumy/ros2_ws/install/person_msgs/lib/python3.8/site-packages/person_msgs/person_msgs_s__rosidl_typesupport_fastrtps_c.cpython-38-x86_64-linux-gnu.so
[1.228s] -- Up-to-date: /home/shumy/ros2_ws/install/person_msgs/lib/python3.8/site-packages/person_msgs/person_msgs_s__rosidl_typesupport_introspection_c.cpython-38-x86_64-linux-gnu.so
[1.229s] -- Up-to-date: /home/shumy/ros2_ws/install/person_msgs/lib/python3.8/site-packages/person_msgs/person_msgs_s__rosidl_typesupport_c.cpython-38-x86_64-linux-gnu.so
[1.230s] -- Up-to-date: /home/shumy/ros2_ws/install/person_msgs/lib/libperson_msgs__python.so
[1.231s] -- Up-to-date: /home/shumy/ros2_ws/install/person_msgs/share/person_msgs/msg/Person.idl
[1.231s] -- Up-to-date: /home/shumy/ros2_ws/install/person_msgs/share/person_msgs/msg/Person.msg
[1.231s] -- Up-to-date: /home/shumy/ros2_ws/install/person_msgs/share/ament_index/resource_index/package_run_dependencies/person_msgs
[1.232s] -- Up-to-date: /home/shumy/ros2_ws/install/person_msgs/share/ament_index/resource_index/parent_prefix_path/person_msgs
[1.232s] -- Up-to-date: /home/shumy/ros2_ws/install/person_msgs/share/person_msgs/environment/ament_prefix_path.sh
[1.233s] -- Up-to-date: /home/shumy/ros2_ws/install/person_msgs/share/person_msgs/environment/ament_prefix_path.dsv
[1.233s] -- Up-to-date: /home/shumy/ros2_ws/install/person_msgs/share/person_msgs/environment/path.sh
[1.233s] -- Up-to-date: /home/shumy/ros2_ws/install/person_msgs/share/person_msgs/environment/path.dsv
[1.234s] -- Up-to-date: /home/shumy/ros2_ws/install/person_msgs/share/person_msgs/local_setup.bash
[1.234s] -- Up-to-date: /home/shumy/ros2_ws/install/person_msgs/share/person_msgs/local_setup.sh
[1.235s] -- Up-to-date: /home/shumy/ros2_ws/install/person_msgs/share/person_msgs/local_setup.zsh
[1.235s] -- Up-to-date: /home/shumy/ros2_ws/install/person_msgs/share/person_msgs/local_setup.dsv
[1.235s] -- Installing: /home/shumy/ros2_ws/install/person_msgs/share/person_msgs/package.dsv
[1.236s] -- Up-to-date: /home/shumy/ros2_ws/install/person_msgs/share/ament_index/resource_index/packages/person_msgs
[1.236s] -- Up-to-date: /home/shumy/ros2_ws/install/person_msgs/share/person_msgs/cmake/person_msgs__rosidl_generator_cExport.cmake
[1.237s] -- Up-to-date: /home/shumy/ros2_ws/install/person_msgs/share/person_msgs/cmake/person_msgs__rosidl_generator_cExport-noconfig.cmake
[1.237s] -- Up-to-date: /home/shumy/ros2_ws/install/person_msgs/share/person_msgs/cmake/person_msgs__rosidl_typesupport_introspection_cExport.cmake
[1.238s] -- Up-to-date: /home/shumy/ros2_ws/install/person_msgs/share/person_msgs/cmake/person_msgs__rosidl_typesupport_introspection_cExport-noconfig.cmake
[1.238s] -- Up-to-date: /home/shumy/ros2_ws/install/person_msgs/share/person_msgs/cmake/person_msgs__rosidl_typesupport_cExport.cmake
[1.238s] -- Up-to-date: /home/shumy/ros2_ws/install/person_msgs/share/person_msgs/cmake/person_msgs__rosidl_typesupport_cExport-noconfig.cmake
[1.239s] -- Up-to-date: /home/shumy/ros2_ws/install/person_msgs/share/person_msgs/cmake/person_msgs__rosidl_generator_cppExport.cmake
[1.239s] -- Up-to-date: /home/shumy/ros2_ws/install/person_msgs/share/person_msgs/cmake/person_msgs__rosidl_typesupport_introspection_cppExport.cmake
[1.239s] -- Up-to-date: /home/shumy/ros2_ws/install/person_msgs/share/person_msgs/cmake/person_msgs__rosidl_typesupport_introspection_cppExport-noconfig.cmake
[1.239s] -- Up-to-date: /home/shumy/ros2_ws/install/person_msgs/share/person_msgs/cmake/person_msgs__rosidl_typesupport_cppExport.cmake
[1.239s] -- Up-to-date: /home/shumy/ros2_ws/install/person_msgs/share/person_msgs/cmake/person_msgs__rosidl_typesupport_cppExport-noconfig.cmake
[1.239s] -- Up-to-date: /home/shumy/ros2_ws/install/person_msgs/share/person_msgs/cmake/rosidl_cmake-extras.cmake
[1.239s] -- Up-to-date: /home/shumy/ros2_ws/install/person_msgs/share/person_msgs/cmake/ament_cmake_export_dependencies-extras.cmake
[1.240s] -- Up-to-date: /home/shumy/ros2_ws/install/person_msgs/share/person_msgs/cmake/ament_cmake_export_libraries-extras.cmake
[1.240s] -- Up-to-date: /home/shumy/ros2_ws/install/person_msgs/share/person_msgs/cmake/ament_cmake_export_targets-extras.cmake
[1.240s] -- Up-to-date: /home/shumy/ros2_ws/install/person_msgs/share/person_msgs/cmake/ament_cmake_export_include_directories-extras.cmake
[1.240s] -- Up-to-date: /home/shumy/ros2_ws/install/person_msgs/share/person_msgs/cmake/rosidl_cmake_export_typesupport_libraries-extras.cmake
[1.240s] -- Up-to-date: /home/shumy/ros2_ws/install/person_msgs/share/person_msgs/cmake/rosidl_cmake_export_typesupport_targets-extras.cmake
[1.240s] -- Up-to-date: /home/shumy/ros2_ws/install/person_msgs/share/person_msgs/cmake/person_msgsConfig.cmake
[1.240s] -- Up-to-date: /home/shumy/ros2_ws/install/person_msgs/share/person_msgs/cmake/person_msgsConfig-version.cmake
[1.241s] -- Up-to-date: /home/shumy/ros2_ws/install/person_msgs/share/person_msgs/package.xml
[1.243s] Invoked command in '/home/shumy/ros2_ws/build/person_msgs' returned '0': CMAKE_PREFIX_PATH=${CMAKE_PREFIX_PATH}:/home/shumy/ros2_ws/install/mypkg:/opt/ros/foxy /usr/bin/cmake --install /home/shumy/ros2_ws/build/person_msgs
