[0.748s] Invoking command in '/home/shumy/ros2_ws/build/person_msgs': CMAKE_PREFIX_PATH=${CMAKE_PREFIX_PATH}:/home/shumy/ros2_ws/install/mypkg:/opt/ros/foxy /usr/bin/cmake --build /home/shumy/ros2_ws/build/person_msgs -- -j16 -l16
[0.832s] [  3%] Built target person_msgs__cpp
[0.847s] [ 12%] Built target person_msgs__rosidl_generator_c
[0.881s] [ 22%] Built target person_msgs__rosidl_typesupport_cpp
[0.883s] [ 32%] Built target person_msgs__rosidl_typesupport_introspection_cpp
[0.886s] [ 41%] Built target person_msgs__rosidl_typesupport_fastrtps_cpp
[0.886s] [ 51%] Built target person_msgs__rosidl_typesupport_introspection_c
[0.887s] [ 61%] Built target person_msgs__rosidl_typesupport_c
[0.921s] [ 70%] Built target person_msgs__rosidl_typesupport_fastrtps_c
[0.951s] [ 70%] Built target person_msgs
[0.982s] [ 74%] Built target person_msgs__py
[1.020s] [ 80%] Built target person_msgs__python
[1.063s] [ 87%] Built target person_msgs__rosidl_typesupport_fastrtps_c__pyext
[1.065s] [ 96%] Built target person_msgs__rosidl_typesupport_c__pyext
[1.065s] [100%] Built target person_msgs__rosidl_typesupport_introspection_c__pyext
[1.087s] Invoked command in '/home/shumy/ros2_ws/build/person_msgs' returned '0': CMAKE_PREFIX_PATH=${CMAKE_PREFIX_PATH}:/home/shumy/ros2_ws/install/mypkg:/opt/ros/foxy /usr/bin/cmake --build /home/shumy/ros2_ws/build/person_msgs -- -j16 -l16
[1.184s] Invoking command in '/home/shumy/ros2_ws/build/person_msgs': CMAKE_PREFIX_PATH=${CMAKE_PREFIX_PATH}:/home/shumy/ros2_ws/install/mypkg:/opt/ros/foxy /usr/bin/cmake --install /home/shumy/ros2_ws/build/person_msgs
[1.200s] -- Install configuration: ""
[1.200s] -- Up-to-date: /home/shumy/ros2_ws/install/person_msgs/share/ament_index/resource_index/rosidl_interfaces/person_msgs
[1.201s] -- Up-to-date: /home/shumy/ros2_ws/install/person_msgs/include/person_msgs
[1.201s] -- Up-to-date: /home/shumy/ros2_ws/install/person_msgs/include/person_msgs/msg
[1.201s] -- Up-to-date: /home/shumy/ros2_ws/install/person_msgs/include/person_msgs/msg/person.h
[1.201s] -- Up-to-date: /home/shumy/ros2_ws/install/person_msgs/include/person_msgs/msg/rosidl_generator_c__visibility_control.h
[1.202s] -- Up-to-date: /home/shumy/ros2_ws/install/person_msgs/include/person_msgs/msg/detail
[1.202s] -- Up-to-date: /home/shumy/ros2_ws/install/person_msgs/include/person_msgs/msg/detail/person__functions.c
[1.202s] -- Up-to-date: /home/shumy/ros2_ws/install/person_msgs/include/person_msgs/msg/detail/person__type_support.h
[1.202s] -- Up-to-date: /home/shumy/ros2_ws/install/person_msgs/include/person_msgs/msg/detail/person__functions.h
[1.203s] -- Up-to-date: /home/shumy/ros2_ws/install/person_msgs/include/person_msgs/msg/detail/person__struct.h
[1.203s] -- Up-to-date: /home/shumy/ros2_ws/install/person_msgs/share/person_msgs/environment/library_path.sh
[1.204s] -- Up-to-date: /home/shumy/ros2_ws/install/person_msgs/share/person_msgs/environment/library_path.dsv
[1.204s] -- Up-to-date: /home/shumy/ros2_ws/install/person_msgs/lib/libperson_msgs__rosidl_generator_c.so
[1.204s] -- Up-to-date: /home/shumy/ros2_ws/install/person_msgs/include/person_msgs
[1.204s] -- Up-to-date: /home/shumy/ros2_ws/install/person_msgs/include/person_msgs/msg
[1.204s] -- Up-to-date: /home/shumy/ros2_ws/install/person_msgs/include/person_msgs/msg/rosidl_typesupport_fastrtps_c__visibility_control.h
[1.205s] -- Up-to-date: /home/shumy/ros2_ws/install/person_msgs/include/person_msgs/msg/detail
[1.205s] -- Up-to-date: /home/shumy/ros2_ws/install/person_msgs/include/person_msgs/msg/detail/person__rosidl_typesupport_fastrtps_c.h
[1.205s] -- Up-to-date: /home/shumy/ros2_ws/install/person_msgs/lib/libperson_msgs__rosidl_typesupport_fastrtps_c.so
[1.205s] -- Up-to-date: /home/shumy/ros2_ws/install/person_msgs/include/person_msgs
[1.205s] -- Up-to-date: /home/shumy/ros2_ws/install/person_msgs/include/person_msgs/msg
[1.206s] -- Up-to-date: /home/shumy/ros2_ws/install/person_msgs/include/person_msgs/msg/rosidl_typesupport_fastrtps_cpp__visibility_control.h
[1.206s] -- Up-to-date: /home/shumy/ros2_ws/install/person_msgs/include/person_msgs/msg/detail
[1.207s] -- Up-to-date: /home/shumy/ros2_ws/install/person_msgs/include/person_msgs/msg/detail/dds_fastrtps
[1.207s] -- Up-to-date: /home/shumy/ros2_ws/install/person_msgs/include/person_msgs/msg/detail/person__rosidl_typesupport_fastrtps_cpp.hpp
[1.207s] -- Up-to-date: /home/shumy/ros2_ws/install/person_msgs/lib/libperson_msgs__rosidl_typesupport_fastrtps_cpp.so
[1.208s] -- Up-to-date: /home/shumy/ros2_ws/install/person_msgs/include/person_msgs
[1.208s] -- Up-to-date: /home/shumy/ros2_ws/install/person_msgs/include/person_msgs/msg
[1.208s] -- Up-to-date: /home/shumy/ros2_ws/install/person_msgs/include/person_msgs/msg/rosidl_typesupport_introspection_c__visibility_control.h
[1.208s] -- Up-to-date: /home/shumy/ros2_ws/install/person_msgs/include/person_msgs/msg/detail
[1.208s] -- Up-to-date: /home/shumy/ros2_ws/install/person_msgs/include/person_msgs/msg/detail/person__type_support.c
[1.208s] -- Up-to-date: /home/shumy/ros2_ws/install/person_msgs/include/person_msgs/msg/detail/person__rosidl_typesupport_introspection_c.h
[1.208s] -- Up-to-date: /home/shumy/ros2_ws/install/person_msgs/lib/libperson_msgs__rosidl_typesupport_introspection_c.so
[1.208s] -- Up-to-date: /home/shumy/ros2_ws/install/person_msgs/lib/libperson_msgs__rosidl_typesupport_c.so
[1.209s] -- Up-to-date: /home/shumy/ros2_ws/install/person_msgs/include/person_msgs
[1.209s] -- Up-to-date: /home/shumy/ros2_ws/install/person_msgs/include/person_msgs/msg
[1.209s] -- Up-to-date: /home/shumy/ros2_ws/install/person_msgs/include/person_msgs/msg/person.hpp
[1.209s] -- Up-to-date: /home/shumy/ros2_ws/install/person_msgs/include/person_msgs/msg/rosidl_generator_cpp__visibility_control.hpp
[1.209s] -- Up-to-date: /home/shumy/ros2_ws/install/person_msgs/include/person_msgs/msg/detail
[1.209s] -- Up-to-date: /home/shumy/ros2_ws/install/person_msgs/include/person_msgs/msg/detail/person__builder.hpp
[1.209s] -- Up-to-date: /home/shumy/ros2_ws/install/person_msgs/include/person_msgs/msg/detail/person__type_support.hpp
[1.209s] -- Up-to-date: /home/shumy/ros2_ws/install/person_msgs/include/person_msgs/msg/detail/person__traits.hpp
[1.209s] -- Up-to-date: /home/shumy/ros2_ws/install/person_msgs/include/person_msgs/msg/detail/person__struct.hpp
[1.209s] -- Up-to-date: /home/shumy/ros2_ws/install/person_msgs/include/person_msgs
[1.209s] -- Up-to-date: /home/shumy/ros2_ws/install/person_msgs/include/person_msgs/msg
[1.210s] -- Up-to-date: /home/shumy/ros2_ws/install/person_msgs/include/person_msgs/msg/detail
[1.210s] -- Up-to-date: /home/shumy/ros2_ws/install/person_msgs/include/person_msgs/msg/detail/person__rosidl_typesupport_introspection_cpp.hpp
[1.210s] -- Up-to-date: /home/shumy/ros2_ws/install/person_msgs/include/person_msgs/msg/detail/person__type_support.cpp
[1.210s] -- Up-to-date: /home/shumy/ros2_ws/install/person_msgs/lib/libperson_msgs__rosidl_typesupport_introspection_cpp.so
[1.210s] -- Up-to-date: /home/shumy/ros2_ws/install/person_msgs/lib/libperson_msgs__rosidl_typesupport_cpp.so
[1.210s] -- Up-to-date: /home/shumy/ros2_ws/install/person_msgs/share/person_msgs/environment/pythonpath.sh
[1.210s] -- Up-to-date: /home/shumy/ros2_ws/install/person_msgs/share/person_msgs/environment/pythonpath.dsv
[1.210s] -- Up-to-date: /home/shumy/ros2_ws/install/person_msgs/lib/python3.8/site-packages/person_msgs/__init__.py
[1.260s] -- Up-to-date: /home/shumy/ros2_ws/install/person_msgs/lib/python3.8/site-packages/person_msgs/msg
[1.260s] -- Up-to-date: /home/shumy/ros2_ws/install/person_msgs/lib/python3.8/site-packages/person_msgs/msg/_person.py
[1.261s] -- Up-to-date: /home/shumy/ros2_ws/install/person_msgs/lib/python3.8/site-packages/person_msgs/msg/_person_s.c
[1.261s] -- Up-to-date: /home/shumy/ros2_ws/install/person_msgs/lib/python3.8/site-packages/person_msgs/msg/__init__.py
[1.261s] -- Up-to-date: /home/shumy/ros2_ws/install/person_msgs/lib/python3.8/site-packages/person_msgs/person_msgs_s__rosidl_typesupport_fastrtps_c.cpython-38-x86_64-linux-gnu.so
[1.262s] -- Up-to-date: /home/shumy/ros2_ws/install/person_msgs/lib/python3.8/site-packages/person_msgs/person_msgs_s__rosidl_typesupport_introspection_c.cpython-38-x86_64-linux-gnu.so
[1.263s] -- Up-to-date: /home/shumy/ros2_ws/install/person_msgs/lib/python3.8/site-packages/person_msgs/person_msgs_s__rosidl_typesupport_c.cpython-38-x86_64-linux-gnu.so
[1.264s] -- Up-to-date: /home/shumy/ros2_ws/install/person_msgs/lib/libperson_msgs__python.so
[1.264s] -- Up-to-date: /home/shumy/ros2_ws/install/person_msgs/share/person_msgs/msg/Person.idl
[1.265s] -- Up-to-date: /home/shumy/ros2_ws/install/person_msgs/share/person_msgs/msg/Person.msg
[1.265s] -- Up-to-date: /home/shumy/ros2_ws/install/person_msgs/share/ament_index/resource_index/package_run_dependencies/person_msgs
[1.266s] -- Up-to-date: /home/shumy/ros2_ws/install/person_msgs/share/ament_index/resource_index/parent_prefix_path/person_msgs
[1.266s] -- Up-to-date: /home/shumy/ros2_ws/install/person_msgs/share/person_msgs/environment/ament_prefix_path.sh
[1.266s] -- Up-to-date: /home/shumy/ros2_ws/install/person_msgs/share/person_msgs/environment/ament_prefix_path.dsv
[1.267s] -- Up-to-date: /home/shumy/ros2_ws/install/person_msgs/share/person_msgs/environment/path.sh
[1.267s] -- Up-to-date: /home/shumy/ros2_ws/install/person_msgs/share/person_msgs/environment/path.dsv
[1.268s] -- Up-to-date: /home/shumy/ros2_ws/install/person_msgs/share/person_msgs/local_setup.bash
[1.268s] -- Up-to-date: /home/shumy/ros2_ws/install/person_msgs/share/person_msgs/local_setup.sh
[1.268s] -- Up-to-date: /home/shumy/ros2_ws/install/person_msgs/share/person_msgs/local_setup.zsh
[1.268s] -- Up-to-date: /home/shumy/ros2_ws/install/person_msgs/share/person_msgs/local_setup.dsv
[1.269s] -- Installing: /home/shumy/ros2_ws/install/person_msgs/share/person_msgs/package.dsv
[1.269s] -- Up-to-date: /home/shumy/ros2_ws/install/person_msgs/share/ament_index/resource_index/packages/person_msgs
[1.269s] -- Up-to-date: /home/shumy/ros2_ws/install/person_msgs/share/person_msgs/cmake/person_msgs__rosidl_generator_cExport.cmake
[1.270s] -- Up-to-date: /home/shumy/ros2_ws/install/person_msgs/share/person_msgs/cmake/person_msgs__rosidl_generator_cExport-noconfig.cmake
[1.270s] -- Up-to-date: /home/shumy/ros2_ws/install/person_msgs/share/person_msgs/cmake/person_msgs__rosidl_typesupport_introspection_cExport.cmake
[1.270s] -- Up-to-date: /home/shumy/ros2_ws/install/person_msgs/share/person_msgs/cmake/person_msgs__rosidl_typesupport_introspection_cExport-noconfig.cmake
[1.270s] -- Up-to-date: /home/shumy/ros2_ws/install/person_msgs/share/person_msgs/cmake/person_msgs__rosidl_typesupport_cExport.cmake
[1.270s] -- Up-to-date: /home/shumy/ros2_ws/install/person_msgs/share/person_msgs/cmake/person_msgs__rosidl_typesupport_cExport-noconfig.cmake
[1.270s] -- Up-to-date: /home/shumy/ros2_ws/install/person_msgs/share/person_msgs/cmake/person_msgs__rosidl_generator_cppExport.cmake
[1.271s] -- Up-to-date: /home/shumy/ros2_ws/install/person_msgs/share/person_msgs/cmake/person_msgs__rosidl_typesupport_introspection_cppExport.cmake
[1.271s] -- Up-to-date: /home/shumy/ros2_ws/install/person_msgs/share/person_msgs/cmake/person_msgs__rosidl_typesupport_introspection_cppExport-noconfig.cmake
[1.271s] -- Up-to-date: /home/shumy/ros2_ws/install/person_msgs/share/person_msgs/cmake/person_msgs__rosidl_typesupport_cppExport.cmake
[1.271s] -- Up-to-date: /home/shumy/ros2_ws/install/person_msgs/share/person_msgs/cmake/person_msgs__rosidl_typesupport_cppExport-noconfig.cmake
[1.271s] -- Up-to-date: /home/shumy/ros2_ws/install/person_msgs/share/person_msgs/cmake/rosidl_cmake-extras.cmake
[1.271s] -- Up-to-date: /home/shumy/ros2_ws/install/person_msgs/share/person_msgs/cmake/ament_cmake_export_dependencies-extras.cmake
[1.271s] -- Up-to-date: /home/shumy/ros2_ws/install/person_msgs/share/person_msgs/cmake/ament_cmake_export_libraries-extras.cmake
[1.271s] -- Up-to-date: /home/shumy/ros2_ws/install/person_msgs/share/person_msgs/cmake/ament_cmake_export_targets-extras.cmake
[1.271s] -- Up-to-date: /home/shumy/ros2_ws/install/person_msgs/share/person_msgs/cmake/ament_cmake_export_include_directories-extras.cmake
[1.272s] -- Up-to-date: /home/shumy/ros2_ws/install/person_msgs/share/person_msgs/cmake/rosidl_cmake_export_typesupport_libraries-extras.cmake
[1.273s] -- Up-to-date: /home/shumy/ros2_ws/install/person_msgs/share/person_msgs/cmake/rosidl_cmake_export_typesupport_targets-extras.cmake
[1.273s] -- Up-to-date: /home/shumy/ros2_ws/install/person_msgs/share/person_msgs/cmake/person_msgsConfig.cmake
[1.274s] -- Up-to-date: /home/shumy/ros2_ws/install/person_msgs/share/person_msgs/cmake/person_msgsConfig-version.cmake
[1.275s] -- Up-to-date: /home/shumy/ros2_ws/install/person_msgs/share/person_msgs/package.xml
[1.276s] Invoked command in '/home/shumy/ros2_ws/build/person_msgs' returned '0': CMAKE_PREFIX_PATH=${CMAKE_PREFIX_PATH}:/home/shumy/ros2_ws/install/mypkg:/opt/ros/foxy /usr/bin/cmake --install /home/shumy/ros2_ws/build/person_msgs
