[3.190s] DEBUG:colcon:Command line arguments: ['/usr/bin/colcon', 'build']
[3.190s] DEBUG:colcon:Parsed command line arguments: Namespace(allow_overriding=[], ament_cmake_args=None, base_paths=['.'], build_base='build', catkin_cmake_args=None, catkin_skip_building_tests=False, cmake_args=None, cmake_clean_cache=False, cmake_clean_first=False, cmake_force_configure=False, cmake_target=None, cmake_target_skip_unavailable=False, continue_on_error=False, event_handlers=None, executor='parallel', ignore_user_meta=False, install_base='install', log_base=None, log_level=None, main=<bound method BuildVerb.main of <colcon_core.verb.build.BuildVerb object at 0x7f17c07604c0>>, merge_install=False, metas=['./colcon.meta'], packages_above=None, packages_above_and_dependencies=None, packages_above_depth=None, packages_end=None, packages_ignore=None, packages_ignore_regex=None, packages_select=None, packages_select_build_failed=False, packages_select_by_dep=None, packages_select_regex=None, packages_select_test_failures=False, packages_skip=None, packages_skip_build_finished=False, packages_skip_by_dep=None, packages_skip_regex=None, packages_skip_test_passed=False, packages_skip_up_to=None, packages_start=None, packages_up_to=None, packages_up_to_regex=None, parallel_workers=16, paths=None, symlink_install=False, test_result_base=None, verb_extension=<colcon_core.verb.build.BuildVerb object at 0x7f17c07604c0>, verb_name='build', verb_parser=<colcon_defaults.argument_parser.defaults.DefaultArgumentsDecorator object at 0x7f17c038a430>)
[3.324s] Level 1:colcon.colcon_core.package_discovery:discover_packages(colcon_meta) check parameters
[3.324s] Level 1:colcon.colcon_core.package_discovery:discover_packages(recursive) check parameters
[3.324s] Level 1:colcon.colcon_core.package_discovery:discover_packages(ignore) check parameters
[3.325s] Level 1:colcon.colcon_core.package_discovery:discover_packages(path) check parameters
[3.325s] Level 1:colcon.colcon_core.package_discovery:discover_packages(colcon_meta) discover
[3.325s] Level 1:colcon.colcon_core.package_discovery:discover_packages(recursive) discover
[3.325s] INFO:colcon.colcon_core.package_discovery:Crawling recursively for packages in '/home/shumy/ros2_ws'
[3.325s] Level 1:colcon.colcon_core.package_identification:_identify(.) by extensions ['ignore', 'ignore_ament_install']
[3.325s] Level 1:colcon.colcon_core.package_identification:_identify(.) by extension 'ignore'
[3.325s] Level 1:colcon.colcon_core.package_identification:_identify(.) by extension 'ignore_ament_install'
[3.325s] Level 1:colcon.colcon_core.package_identification:_identify(.) by extensions ['colcon_pkg']
[3.325s] Level 1:colcon.colcon_core.package_identification:_identify(.) by extension 'colcon_pkg'
[3.325s] Level 1:colcon.colcon_core.package_identification:_identify(.) by extensions ['colcon_meta']
[3.325s] Level 1:colcon.colcon_core.package_identification:_identify(.) by extension 'colcon_meta'
[3.325s] Level 1:colcon.colcon_core.package_identification:_identify(.) by extensions ['ros']
[3.325s] Level 1:colcon.colcon_core.package_identification:_identify(.) by extension 'ros'
[3.341s] Level 1:colcon.colcon_core.package_identification:_identify(.) by extensions ['cmake', 'python']
[3.341s] Level 1:colcon.colcon_core.package_identification:_identify(.) by extension 'cmake'
[3.341s] Level 1:colcon.colcon_core.package_identification:_identify(.) by extension 'python'
[3.342s] Level 1:colcon.colcon_core.package_identification:_identify(.) by extensions ['python_setup_py']
[3.342s] Level 1:colcon.colcon_core.package_identification:_identify(.) by extension 'python_setup_py'
[3.342s] Level 1:colcon.colcon_core.package_identification:_identify(build) by extensions ['ignore', 'ignore_ament_install']
[3.342s] Level 1:colcon.colcon_core.package_identification:_identify(build) by extension 'ignore'
[3.342s] Level 1:colcon.colcon_core.package_identification:_identify(build) ignored
[3.342s] Level 1:colcon.colcon_core.package_identification:_identify(install) by extensions ['ignore', 'ignore_ament_install']
[3.342s] Level 1:colcon.colcon_core.package_identification:_identify(install) by extension 'ignore'
[3.342s] Level 1:colcon.colcon_core.package_identification:_identify(install) ignored
[3.343s] Level 1:colcon.colcon_core.package_identification:_identify(log) by extensions ['ignore', 'ignore_ament_install']
[3.343s] Level 1:colcon.colcon_core.package_identification:_identify(log) by extension 'ignore'
[3.343s] Level 1:colcon.colcon_core.package_identification:_identify(log) ignored
[3.343s] Level 1:colcon.colcon_core.package_identification:_identify(src) by extensions ['ignore', 'ignore_ament_install']
[3.343s] Level 1:colcon.colcon_core.package_identification:_identify(src) by extension 'ignore'
[3.343s] Level 1:colcon.colcon_core.package_identification:_identify(src) by extension 'ignore_ament_install'
[3.343s] Level 1:colcon.colcon_core.package_identification:_identify(src) by extensions ['colcon_pkg']
[3.343s] Level 1:colcon.colcon_core.package_identification:_identify(src) by extension 'colcon_pkg'
[3.343s] Level 1:colcon.colcon_core.package_identification:_identify(src) by extensions ['colcon_meta']
[3.343s] Level 1:colcon.colcon_core.package_identification:_identify(src) by extension 'colcon_meta'
[3.343s] Level 1:colcon.colcon_core.package_identification:_identify(src) by extensions ['ros']
[3.344s] Level 1:colcon.colcon_core.package_identification:_identify(src) by extension 'ros'
[3.344s] Level 1:colcon.colcon_core.package_identification:_identify(src) by extensions ['cmake', 'python']
[3.344s] Level 1:colcon.colcon_core.package_identification:_identify(src) by extension 'cmake'
[3.344s] Level 1:colcon.colcon_core.package_identification:_identify(src) by extension 'python'
[3.344s] Level 1:colcon.colcon_core.package_identification:_identify(src) by extensions ['python_setup_py']
[3.344s] Level 1:colcon.colcon_core.package_identification:_identify(src) by extension 'python_setup_py'
[3.344s] Level 1:colcon.colcon_core.package_identification:_identify(src/build) by extensions ['ignore', 'ignore_ament_install']
[3.344s] Level 1:colcon.colcon_core.package_identification:_identify(src/build) by extension 'ignore'
[3.344s] Level 1:colcon.colcon_core.package_identification:_identify(src/build) ignored
[3.344s] Level 1:colcon.colcon_core.package_identification:_identify(src/install) by extensions ['ignore', 'ignore_ament_install']
[3.344s] Level 1:colcon.colcon_core.package_identification:_identify(src/install) by extension 'ignore'
[3.344s] Level 1:colcon.colcon_core.package_identification:_identify(src/install) ignored
[3.345s] Level 1:colcon.colcon_core.package_identification:_identify(src/log) by extensions ['ignore', 'ignore_ament_install']
[3.345s] Level 1:colcon.colcon_core.package_identification:_identify(src/log) by extension 'ignore'
[3.345s] Level 1:colcon.colcon_core.package_identification:_identify(src/log) ignored
[3.345s] Level 1:colcon.colcon_core.package_identification:_identify(src/mypkg) by extensions ['ignore', 'ignore_ament_install']
[3.345s] Level 1:colcon.colcon_core.package_identification:_identify(src/mypkg) by extension 'ignore'
[3.345s] Level 1:colcon.colcon_core.package_identification:_identify(src/mypkg) by extension 'ignore_ament_install'
[3.345s] Level 1:colcon.colcon_core.package_identification:_identify(src/mypkg) by extensions ['colcon_pkg']
[3.345s] Level 1:colcon.colcon_core.package_identification:_identify(src/mypkg) by extension 'colcon_pkg'
[3.345s] Level 1:colcon.colcon_core.package_identification:_identify(src/mypkg) by extensions ['colcon_meta']
[3.345s] Level 1:colcon.colcon_core.package_identification:_identify(src/mypkg) by extension 'colcon_meta'
[3.345s] Level 1:colcon.colcon_core.package_identification:_identify(src/mypkg) by extensions ['ros']
[3.345s] Level 1:colcon.colcon_core.package_identification:_identify(src/mypkg) by extension 'ros'
[3.349s] DEBUG:colcon.colcon_core.package_identification:Package 'src/mypkg' with type 'ros.ament_python' and name 'mypkg'
[3.349s] Level 1:colcon.colcon_core.package_identification:_identify(src/person_msgs) by extensions ['ignore', 'ignore_ament_install']
[3.350s] Level 1:colcon.colcon_core.package_identification:_identify(src/person_msgs) by extension 'ignore'
[3.350s] Level 1:colcon.colcon_core.package_identification:_identify(src/person_msgs) by extension 'ignore_ament_install'
[3.350s] Level 1:colcon.colcon_core.package_identification:_identify(src/person_msgs) by extensions ['colcon_pkg']
[3.350s] Level 1:colcon.colcon_core.package_identification:_identify(src/person_msgs) by extension 'colcon_pkg'
[3.350s] Level 1:colcon.colcon_core.package_identification:_identify(src/person_msgs) by extensions ['colcon_meta']
[3.350s] Level 1:colcon.colcon_core.package_identification:_identify(src/person_msgs) by extension 'colcon_meta'
[3.350s] Level 1:colcon.colcon_core.package_identification:_identify(src/person_msgs) by extensions ['ros']
[3.350s] Level 1:colcon.colcon_core.package_identification:_identify(src/person_msgs) by extension 'ros'
[3.351s] DEBUG:colcon.colcon_core.package_identification:Package 'src/person_msgs' with type 'ros.ament_cmake' and name 'person_msgs'
[3.351s] Level 1:colcon.colcon_core.package_discovery:discover_packages(recursive) using defaults
[3.352s] Level 1:colcon.colcon_core.package_discovery:discover_packages(ignore) discover
[3.352s] Level 1:colcon.colcon_core.package_discovery:discover_packages(ignore) using defaults
[3.352s] Level 1:colcon.colcon_core.package_discovery:discover_packages(path) discover
[3.352s] Level 1:colcon.colcon_core.package_discovery:discover_packages(path) using defaults
[3.622s] Level 1:colcon.colcon_core.package_discovery:discover_packages(prefix_path) check parameters
[3.623s] Level 1:colcon.colcon_core.package_discovery:discover_packages(prefix_path) discover
[3.721s] DEBUG:colcon.colcon_installed_package_information.package_discovery:Found 2 installed packages in /home/shumy/ros2_ws/install
[3.772s] DEBUG:colcon.colcon_installed_package_information.package_discovery:Found 256 installed packages in /opt/ros/foxy
[3.774s] Level 1:colcon.colcon_core.package_discovery:discover_packages(prefix_path) using defaults
[3.987s] Level 5:colcon.colcon_core.verb:set package 'mypkg' build argument 'cmake_args' from command line to 'None'
[3.987s] Level 5:colcon.colcon_core.verb:set package 'mypkg' build argument 'cmake_target' from command line to 'None'
[3.987s] Level 5:colcon.colcon_core.verb:set package 'mypkg' build argument 'cmake_target_skip_unavailable' from command line to 'False'
[3.987s] Level 5:colcon.colcon_core.verb:set package 'mypkg' build argument 'cmake_clean_cache' from command line to 'False'
[3.987s] Level 5:colcon.colcon_core.verb:set package 'mypkg' build argument 'cmake_clean_first' from command line to 'False'
[3.987s] Level 5:colcon.colcon_core.verb:set package 'mypkg' build argument 'cmake_force_configure' from command line to 'False'
[3.987s] Level 5:colcon.colcon_core.verb:set package 'mypkg' build argument 'ament_cmake_args' from command line to 'None'
[3.987s] Level 5:colcon.colcon_core.verb:set package 'mypkg' build argument 'catkin_cmake_args' from command line to 'None'
[3.987s] Level 5:colcon.colcon_core.verb:set package 'mypkg' build argument 'catkin_skip_building_tests' from command line to 'False'
[3.987s] DEBUG:colcon.colcon_core.verb:Building package 'mypkg' with the following arguments: {'ament_cmake_args': None, 'build_base': '/home/shumy/ros2_ws/build/mypkg', 'catkin_cmake_args': None, 'catkin_skip_building_tests': False, 'cmake_args': None, 'cmake_clean_cache': False, 'cmake_clean_first': False, 'cmake_force_configure': False, 'cmake_target': None, 'cmake_target_skip_unavailable': False, 'install_base': '/home/shumy/ros2_ws/install/mypkg', 'merge_install': False, 'path': '/home/shumy/ros2_ws/src/mypkg', 'symlink_install': False, 'test_result_base': None}
[4.035s] Level 5:colcon.colcon_core.verb:set package 'person_msgs' build argument 'cmake_args' from command line to 'None'
[4.035s] Level 5:colcon.colcon_core.verb:set package 'person_msgs' build argument 'cmake_target' from command line to 'None'
[4.035s] Level 5:colcon.colcon_core.verb:set package 'person_msgs' build argument 'cmake_target_skip_unavailable' from command line to 'False'
[4.035s] Level 5:colcon.colcon_core.verb:set package 'person_msgs' build argument 'cmake_clean_cache' from command line to 'False'
[4.035s] Level 5:colcon.colcon_core.verb:set package 'person_msgs' build argument 'cmake_clean_first' from command line to 'False'
[4.035s] Level 5:colcon.colcon_core.verb:set package 'person_msgs' build argument 'cmake_force_configure' from command line to 'False'
[4.035s] Level 5:colcon.colcon_core.verb:set package 'person_msgs' build argument 'ament_cmake_args' from command line to 'None'
[4.035s] Level 5:colcon.colcon_core.verb:set package 'person_msgs' build argument 'catkin_cmake_args' from command line to 'None'
[4.035s] Level 5:colcon.colcon_core.verb:set package 'person_msgs' build argument 'catkin_skip_building_tests' from command line to 'False'
[4.035s] DEBUG:colcon.colcon_core.verb:Building package 'person_msgs' with the following arguments: {'ament_cmake_args': None, 'build_base': '/home/shumy/ros2_ws/build/person_msgs', 'catkin_cmake_args': None, 'catkin_skip_building_tests': False, 'cmake_args': None, 'cmake_clean_cache': False, 'cmake_clean_first': False, 'cmake_force_configure': False, 'cmake_target': None, 'cmake_target_skip_unavailable': False, 'install_base': '/home/shumy/ros2_ws/install/person_msgs', 'merge_install': False, 'path': '/home/shumy/ros2_ws/src/person_msgs', 'symlink_install': False, 'test_result_base': None}
[4.081s] INFO:colcon.colcon_core.executor:Executing jobs using 'parallel' executor
[4.128s] DEBUG:colcon.colcon_parallel_executor.executor.parallel:run_until_complete
[4.129s] INFO:colcon.colcon_ros.task.ament_python.build:Building ROS package in '/home/shumy/ros2_ws/src/mypkg' with build type 'ament_python'
[4.129s] Level 1:colcon.colcon_core.shell:create_environment_hook('mypkg', 'ament_prefix_path')
[4.186s] INFO:colcon.colcon_core.plugin_system:Skipping extension 'colcon_core.shell.bat': Not used on non-Windows systems
[4.186s] INFO:colcon.colcon_core.shell:Creating environment hook '/home/shumy/ros2_ws/install/mypkg/share/mypkg/hook/ament_prefix_path.ps1'
[4.187s] INFO:colcon.colcon_core.shell:Creating environment descriptor '/home/shumy/ros2_ws/install/mypkg/share/mypkg/hook/ament_prefix_path.dsv'
[4.188s] INFO:colcon.colcon_core.shell:Creating environment hook '/home/shumy/ros2_ws/install/mypkg/share/mypkg/hook/ament_prefix_path.sh'
[4.240s] INFO:colcon.colcon_core.shell:Skip shell extension 'powershell' for command environment: Not usable outside of PowerShell
[4.240s] DEBUG:colcon.colcon_core.shell:Skip shell extension 'dsv' for command environment
[4.405s] INFO:colcon.colcon_ros.task.ament_cmake.build:Building ROS package in '/home/shumy/ros2_ws/src/person_msgs' with build type 'ament_cmake'
[4.406s] INFO:colcon.colcon_cmake.task.cmake.build:Building CMake package in '/home/shumy/ros2_ws/src/person_msgs'
[4.464s] INFO:colcon.colcon_core.shell:Skip shell extension 'powershell' for command environment: Not usable outside of PowerShell
[4.464s] DEBUG:colcon.colcon_core.shell:Skip shell extension 'dsv' for command environment
[4.937s] INFO:colcon.colcon_core.task.python.build:Building Python package in '/home/shumy/ros2_ws/src/mypkg'
[4.989s] INFO:colcon.colcon_core.shell:Skip shell extension 'powershell' for command environment: Not usable outside of PowerShell
[4.989s] DEBUG:colcon.colcon_core.shell:Skip shell extension 'dsv' for command environment
[5.160s] DEBUG:colcon.colcon_core.event_handler.log_command:Invoking command in '/home/shumy/ros2_ws/build/person_msgs': CMAKE_PREFIX_PATH=${CMAKE_PREFIX_PATH}:/home/shumy/ros2_ws/install/mypkg:/opt/ros/foxy /usr/bin/cmake --build /home/shumy/ros2_ws/build/person_msgs -- -j16 -l16
[5.466s] DEBUG:colcon.colcon_core.event_handler.log_command:Invoked command in '/home/shumy/ros2_ws/build/person_msgs' returned '0': CMAKE_PREFIX_PATH=${CMAKE_PREFIX_PATH}:/home/shumy/ros2_ws/install/mypkg:/opt/ros/foxy /usr/bin/cmake --build /home/shumy/ros2_ws/build/person_msgs -- -j16 -l16
[5.560s] DEBUG:colcon.colcon_core.event_handler.log_command:Invoking command in '/home/shumy/ros2_ws/build/person_msgs': CMAKE_PREFIX_PATH=${CMAKE_PREFIX_PATH}:/home/shumy/ros2_ws/install/mypkg:/opt/ros/foxy /usr/bin/cmake --install /home/shumy/ros2_ws/build/person_msgs
[5.646s] Level 1:colcon.colcon_core.environment:create_environment_scripts_only(person_msgs)
[5.647s] DEBUG:colcon.colcon_core.event_handler.log_command:Invoked command in '/home/shumy/ros2_ws/build/person_msgs' returned '0': CMAKE_PREFIX_PATH=${CMAKE_PREFIX_PATH}:/home/shumy/ros2_ws/install/mypkg:/opt/ros/foxy /usr/bin/cmake --install /home/shumy/ros2_ws/build/person_msgs
[5.712s] Level 1:colcon.colcon_core.environment:checking '/home/shumy/ros2_ws/install/person_msgs' for CMake module files
[5.713s] Level 1:colcon.colcon_core.environment:checking '/home/shumy/ros2_ws/install/person_msgs' for CMake config files
[5.714s] Level 1:colcon.colcon_core.shell:create_environment_hook('person_msgs', 'cmake_prefix_path')
[5.765s] INFO:colcon.colcon_core.shell:Creating environment hook '/home/shumy/ros2_ws/install/person_msgs/share/person_msgs/hook/cmake_prefix_path.ps1'
[5.766s] INFO:colcon.colcon_core.shell:Creating environment descriptor '/home/shumy/ros2_ws/install/person_msgs/share/person_msgs/hook/cmake_prefix_path.dsv'
[5.767s] INFO:colcon.colcon_core.shell:Creating environment hook '/home/shumy/ros2_ws/install/person_msgs/share/person_msgs/hook/cmake_prefix_path.sh'
[5.768s] Level 1:colcon.colcon_core.environment:checking '/home/shumy/ros2_ws/install/person_msgs/lib'
[5.769s] Level 1:colcon.colcon_core.shell:create_environment_hook('person_msgs', 'ld_library_path_lib')
[5.820s] INFO:colcon.colcon_core.shell:Creating environment hook '/home/shumy/ros2_ws/install/person_msgs/share/person_msgs/hook/ld_library_path_lib.ps1'
[5.820s] INFO:colcon.colcon_core.shell:Creating environment descriptor '/home/shumy/ros2_ws/install/person_msgs/share/person_msgs/hook/ld_library_path_lib.dsv'
[5.821s] INFO:colcon.colcon_core.shell:Creating environment hook '/home/shumy/ros2_ws/install/person_msgs/share/person_msgs/hook/ld_library_path_lib.sh'
[5.821s] Level 1:colcon.colcon_core.environment:checking '/home/shumy/ros2_ws/install/person_msgs/bin'
[5.822s] Level 1:colcon.colcon_core.environment:checking '/home/shumy/ros2_ws/install/person_msgs/lib/pkgconfig/person_msgs.pc'
[5.822s] Level 1:colcon.colcon_core.environment:checking '/home/shumy/ros2_ws/install/person_msgs/lib/python3.8/site-packages'
[5.822s] Level 1:colcon.colcon_core.shell:create_environment_hook('person_msgs', 'pythonpath')
[5.872s] INFO:colcon.colcon_core.shell:Creating environment hook '/home/shumy/ros2_ws/install/person_msgs/share/person_msgs/hook/pythonpath.ps1'
[5.873s] INFO:colcon.colcon_core.shell:Creating environment descriptor '/home/shumy/ros2_ws/install/person_msgs/share/person_msgs/hook/pythonpath.dsv'
[5.874s] INFO:colcon.colcon_core.shell:Creating environment hook '/home/shumy/ros2_ws/install/person_msgs/share/person_msgs/hook/pythonpath.sh'
[5.875s] Level 1:colcon.colcon_core.environment:checking '/home/shumy/ros2_ws/install/person_msgs/bin'
[5.929s] INFO:colcon.colcon_core.shell:Creating package script '/home/shumy/ros2_ws/install/person_msgs/share/person_msgs/package.ps1'
[5.931s] INFO:colcon.colcon_core.shell:Creating package descriptor '/home/shumy/ros2_ws/install/person_msgs/share/person_msgs/package.dsv'
[5.932s] INFO:colcon.colcon_core.shell:Creating package script '/home/shumy/ros2_ws/install/person_msgs/share/person_msgs/package.sh'
[5.933s] INFO:colcon.colcon_core.shell:Creating package script '/home/shumy/ros2_ws/install/person_msgs/share/person_msgs/package.bash'
[5.934s] INFO:colcon.colcon_core.shell:Creating package script '/home/shumy/ros2_ws/install/person_msgs/share/person_msgs/package.zsh'
[5.935s] Level 1:colcon.colcon_core.environment:create_file_with_runtime_dependencies(/home/shumy/ros2_ws/install/person_msgs/share/colcon-core/packages/person_msgs)
[5.947s] DEBUG:colcon.colcon_core.event_handler.log_command:Invoking command in '/home/shumy/ros2_ws/src/mypkg': PYTHONPATH=/home/shumy/ros2_ws/build/mypkg/prefix_override:/home/shumy/ros2_ws/install/mypkg/lib/python3.8/site-packages:${PYTHONPATH} /usr/bin/python3 setup.py egg_info --egg-base ../../build/mypkg build --build-base /home/shumy/ros2_ws/build/mypkg/build install --record /home/shumy/ros2_ws/build/mypkg/install.log --install-scripts $base/lib/mypkg --single-version-externally-managed
[6.087s] Level 1:colcon.colcon_core.environment:create_environment_scripts_only(person_msgs)
[6.145s] Level 1:colcon.colcon_core.environment:checking '/home/shumy/ros2_ws/install/person_msgs' for CMake module files
[6.146s] Level 1:colcon.colcon_core.environment:checking '/home/shumy/ros2_ws/install/person_msgs' for CMake config files
[6.147s] Level 1:colcon.colcon_core.shell:create_environment_hook('person_msgs', 'cmake_prefix_path')
[6.197s] INFO:colcon.colcon_core.shell:Creating environment hook '/home/shumy/ros2_ws/install/person_msgs/share/person_msgs/hook/cmake_prefix_path.ps1'
[6.198s] INFO:colcon.colcon_core.shell:Creating environment descriptor '/home/shumy/ros2_ws/install/person_msgs/share/person_msgs/hook/cmake_prefix_path.dsv'
[6.198s] INFO:colcon.colcon_core.shell:Creating environment hook '/home/shumy/ros2_ws/install/person_msgs/share/person_msgs/hook/cmake_prefix_path.sh'
[6.199s] Level 1:colcon.colcon_core.environment:checking '/home/shumy/ros2_ws/install/person_msgs/lib'
[6.199s] Level 1:colcon.colcon_core.shell:create_environment_hook('person_msgs', 'ld_library_path_lib')
[6.255s] INFO:colcon.colcon_core.shell:Creating environment hook '/home/shumy/ros2_ws/install/person_msgs/share/person_msgs/hook/ld_library_path_lib.ps1'
[6.255s] INFO:colcon.colcon_core.shell:Creating environment descriptor '/home/shumy/ros2_ws/install/person_msgs/share/person_msgs/hook/ld_library_path_lib.dsv'
[6.256s] INFO:colcon.colcon_core.shell:Creating environment hook '/home/shumy/ros2_ws/install/person_msgs/share/person_msgs/hook/ld_library_path_lib.sh'
[6.256s] Level 1:colcon.colcon_core.environment:checking '/home/shumy/ros2_ws/install/person_msgs/bin'
[6.256s] Level 1:colcon.colcon_core.environment:checking '/home/shumy/ros2_ws/install/person_msgs/lib/pkgconfig/person_msgs.pc'
[6.257s] Level 1:colcon.colcon_core.environment:checking '/home/shumy/ros2_ws/install/person_msgs/lib/python3.8/site-packages'
[6.257s] Level 1:colcon.colcon_core.shell:create_environment_hook('person_msgs', 'pythonpath')
[6.320s] INFO:colcon.colcon_core.shell:Creating environment hook '/home/shumy/ros2_ws/install/person_msgs/share/person_msgs/hook/pythonpath.ps1'
[6.320s] INFO:colcon.colcon_core.shell:Creating environment descriptor '/home/shumy/ros2_ws/install/person_msgs/share/person_msgs/hook/pythonpath.dsv'
[6.321s] INFO:colcon.colcon_core.shell:Creating environment hook '/home/shumy/ros2_ws/install/person_msgs/share/person_msgs/hook/pythonpath.sh'
[6.322s] Level 1:colcon.colcon_core.environment:checking '/home/shumy/ros2_ws/install/person_msgs/bin'
[6.412s] INFO:colcon.colcon_core.shell:Creating package script '/home/shumy/ros2_ws/install/person_msgs/share/person_msgs/package.ps1'
[6.413s] INFO:colcon.colcon_core.shell:Creating package descriptor '/home/shumy/ros2_ws/install/person_msgs/share/person_msgs/package.dsv'
[6.415s] INFO:colcon.colcon_core.shell:Creating package script '/home/shumy/ros2_ws/install/person_msgs/share/person_msgs/package.sh'
[6.416s] INFO:colcon.colcon_core.shell:Creating package script '/home/shumy/ros2_ws/install/person_msgs/share/person_msgs/package.bash'
[6.419s] INFO:colcon.colcon_core.shell:Creating package script '/home/shumy/ros2_ws/install/person_msgs/share/person_msgs/package.zsh'
[6.421s] Level 1:colcon.colcon_core.environment:create_file_with_runtime_dependencies(/home/shumy/ros2_ws/install/person_msgs/share/colcon-core/packages/person_msgs)
[6.449s] DEBUG:colcon.colcon_core.event_handler.log_command:Invoked command in '/home/shumy/ros2_ws/src/mypkg' returned '0': PYTHONPATH=/home/shumy/ros2_ws/build/mypkg/prefix_override:/home/shumy/ros2_ws/install/mypkg/lib/python3.8/site-packages:${PYTHONPATH} /usr/bin/python3 setup.py egg_info --egg-base ../../build/mypkg build --build-base /home/shumy/ros2_ws/build/mypkg/build install --record /home/shumy/ros2_ws/build/mypkg/install.log --install-scripts $base/lib/mypkg --single-version-externally-managed
[6.499s] Level 1:colcon.colcon_core.environment:checking '/home/shumy/ros2_ws/install/mypkg' for CMake module files
[6.500s] Level 1:colcon.colcon_core.environment:checking '/home/shumy/ros2_ws/install/mypkg' for CMake config files
[6.501s] Level 1:colcon.colcon_core.environment:checking '/home/shumy/ros2_ws/install/mypkg/lib'
[6.501s] Level 1:colcon.colcon_core.environment:checking '/home/shumy/ros2_ws/install/mypkg/bin'
[6.501s] Level 1:colcon.colcon_core.environment:checking '/home/shumy/ros2_ws/install/mypkg/lib/pkgconfig/mypkg.pc'
[6.501s] Level 1:colcon.colcon_core.environment:checking '/home/shumy/ros2_ws/install/mypkg/lib/python3.8/site-packages'
[6.501s] Level 1:colcon.colcon_core.shell:create_environment_hook('mypkg', 'pythonpath')
[6.551s] INFO:colcon.colcon_core.shell:Creating environment hook '/home/shumy/ros2_ws/install/mypkg/share/mypkg/hook/pythonpath.ps1'
[6.552s] INFO:colcon.colcon_core.shell:Creating environment descriptor '/home/shumy/ros2_ws/install/mypkg/share/mypkg/hook/pythonpath.dsv'
[6.552s] INFO:colcon.colcon_core.shell:Creating environment hook '/home/shumy/ros2_ws/install/mypkg/share/mypkg/hook/pythonpath.sh'
[6.553s] Level 1:colcon.colcon_core.environment:checking '/home/shumy/ros2_ws/install/mypkg/bin'
[6.553s] Level 1:colcon.colcon_core.environment:create_environment_scripts_only(mypkg)
[6.604s] INFO:colcon.colcon_core.shell:Creating package script '/home/shumy/ros2_ws/install/mypkg/share/mypkg/package.ps1'
[6.605s] INFO:colcon.colcon_core.shell:Creating package descriptor '/home/shumy/ros2_ws/install/mypkg/share/mypkg/package.dsv'
[6.606s] INFO:colcon.colcon_core.shell:Creating package script '/home/shumy/ros2_ws/install/mypkg/share/mypkg/package.sh'
[6.606s] INFO:colcon.colcon_core.shell:Creating package script '/home/shumy/ros2_ws/install/mypkg/share/mypkg/package.bash'
[6.607s] INFO:colcon.colcon_core.shell:Creating package script '/home/shumy/ros2_ws/install/mypkg/share/mypkg/package.zsh'
[6.607s] Level 1:colcon.colcon_core.environment:create_file_with_runtime_dependencies(/home/shumy/ros2_ws/install/mypkg/share/colcon-core/packages/mypkg)
[6.608s] DEBUG:colcon.colcon_parallel_executor.executor.parallel:closing loop
[6.609s] DEBUG:colcon.colcon_parallel_executor.executor.parallel:loop closed
[6.609s] DEBUG:colcon.colcon_parallel_executor.executor.parallel:run_until_complete finished with '0'
[6.609s] DEBUG:colcon.colcon_core.event_reactor:joining thread
[6.802s] INFO:colcon.colcon_core.plugin_system:Skipping extension 'colcon_notification.desktop_notification.notify_send': Could not find 'notify-send'
[6.802s] INFO:colcon.colcon_core.plugin_system:Skipping extension 'colcon_notification.desktop_notification.terminal_notifier': Not used on non-Darwin systems
[6.802s] INFO:colcon.colcon_core.plugin_system:Skipping extension 'colcon_notification.desktop_notification.win32': Not used on non-Windows systems
[6.802s] INFO:colcon.colcon_notification.desktop_notification:Sending desktop notification using 'notify2'
[6.812s] DEBUG:colcon.colcon_notification.desktop_notification.notify2:Failed to initialize notify2: org.freedesktop.DBus.Error.ServiceUnknown: The name org.freedesktop.Notifications was not provided by any .service files
[6.813s] DEBUG:colcon.colcon_core.event_reactor:joined thread
[6.868s] INFO:colcon.colcon_core.shell:Creating prefix script '/home/shumy/ros2_ws/install/local_setup.ps1'
[6.870s] INFO:colcon.colcon_core.shell:Creating prefix util module '/home/shumy/ros2_ws/install/_local_setup_util_ps1.py'
[6.872s] INFO:colcon.colcon_core.shell:Creating prefix chain script '/home/shumy/ros2_ws/install/setup.ps1'
[6.942s] INFO:colcon.colcon_core.shell:Creating prefix script '/home/shumy/ros2_ws/install/local_setup.sh'
[6.943s] INFO:colcon.colcon_core.shell:Creating prefix util module '/home/shumy/ros2_ws/install/_local_setup_util_sh.py'
[6.944s] INFO:colcon.colcon_core.shell:Creating prefix chain script '/home/shumy/ros2_ws/install/setup.sh'
[6.994s] INFO:colcon.colcon_core.shell:Creating prefix script '/home/shumy/ros2_ws/install/local_setup.bash'
[6.995s] INFO:colcon.colcon_core.shell:Creating prefix chain script '/home/shumy/ros2_ws/install/setup.bash'
[7.043s] INFO:colcon.colcon_core.shell:Creating prefix script '/home/shumy/ros2_ws/install/local_setup.zsh'
[7.044s] INFO:colcon.colcon_core.shell:Creating prefix chain script '/home/shumy/ros2_ws/install/setup.zsh'
