[0.552s] Invoking command in '/home/shumy/ros2_ws/src/mypkg': PYTHONPATH=/home/shumy/ros2_ws/build/mypkg/prefix_override:/home/shumy/ros2_ws/install/mypkg/lib/python3.8/site-packages:${PYTHONPATH} /usr/bin/python3 setup.py egg_info --egg-base ../../build/mypkg build --build-base /home/shumy/ros2_ws/build/mypkg/build install --record /home/shumy/ros2_ws/build/mypkg/install.log --install-scripts $base/lib/mypkg --single-version-externally-managed
[0.670s] running egg_info
[0.671s] writing ../../build/mypkg/mypkg.egg-info/PKG-INFO
[0.671s] writing dependency_links to ../../build/mypkg/mypkg.egg-info/dependency_links.txt
[0.671s] writing entry points to ../../build/mypkg/mypkg.egg-info/entry_points.txt
[0.671s] writing requirements to ../../build/mypkg/mypkg.egg-info/requires.txt
[0.671s] writing top-level names to ../../build/mypkg/mypkg.egg-info/top_level.txt
[0.692s] reading manifest file '../../build/mypkg/mypkg.egg-info/SOURCES.txt'
[0.692s] writing manifest file '../../build/mypkg/mypkg.egg-info/SOURCES.txt'
[0.693s] running build
[0.693s] running build_py
[0.693s] copying mypkg/talker.py -> /home/shumy/ros2_ws/build/mypkg/build/lib/mypkg
[0.693s] running install
[0.694s] running install_lib
[0.694s] copying /home/shumy/ros2_ws/build/mypkg/build/lib/mypkg/talker.py -> /home/shumy/ros2_ws/install/mypkg/lib/python3.8/site-packages/mypkg
[0.695s] byte-compiling /home/shumy/ros2_ws/install/mypkg/lib/python3.8/site-packages/mypkg/talker.py to talker.cpython-38.pyc
[0.695s] running install_data
[0.696s] copying package.xml -> /home/shumy/ros2_ws/install/mypkg/share/mypkg
[0.696s] running install_egg_info
[0.697s] removing '/home/shumy/ros2_ws/install/mypkg/lib/python3.8/site-packages/mypkg-0.0.0-py3.8.egg-info' (and everything under it)
[0.697s] Copying ../../build/mypkg/mypkg.egg-info to /home/shumy/ros2_ws/install/mypkg/lib/python3.8/site-packages/mypkg-0.0.0-py3.8.egg-info
[0.698s] running install_scripts
[0.708s] Installing talker script to /home/shumy/ros2_ws/install/mypkg/lib/mypkg
[0.708s] writing list of installed files to '/home/shumy/ros2_ws/build/mypkg/install.log'
[0.722s] Invoked command in '/home/shumy/ros2_ws/src/mypkg' returned '0': PYTHONPATH=/home/shumy/ros2_ws/build/mypkg/prefix_override:/home/shumy/ros2_ws/install/mypkg/lib/python3.8/site-packages:${PYTHONPATH} /usr/bin/python3 setup.py egg_info --egg-base ../../build/mypkg build --build-base /home/shumy/ros2_ws/build/mypkg/build install --record /home/shumy/ros2_ws/build/mypkg/install.log --install-scripts $base/lib/mypkg --single-version-externally-managed
