[1.824s] Invoking command in '/home/shumy/ros2_ws/src/mypkg': PYTHONPATH=/home/shumy/ros2_ws/build/mypkg/prefix_override:/home/shumy/ros2_ws/install/mypkg/lib/python3.8/site-packages:${PYTHONPATH} /usr/bin/python3 setup.py egg_info --egg-base ../../build/mypkg build --build-base /home/shumy/ros2_ws/build/mypkg/build install --record /home/shumy/ros2_ws/build/mypkg/install.log --install-scripts $base/lib/mypkg --single-version-externally-managed
[2.149s] running egg_info
[2.151s] writing ../../build/mypkg/mypkg.egg-info/PKG-INFO
[2.152s] writing dependency_links to ../../build/mypkg/mypkg.egg-info/dependency_links.txt
[2.153s] writing entry points to ../../build/mypkg/mypkg.egg-info/entry_points.txt
[2.153s] writing requirements to ../../build/mypkg/mypkg.egg-info/requires.txt
[2.154s] writing top-level names to ../../build/mypkg/mypkg.egg-info/top_level.txt
[2.205s] reading manifest file '../../build/mypkg/mypkg.egg-info/SOURCES.txt'
[2.205s] writing manifest file '../../build/mypkg/mypkg.egg-info/SOURCES.txt'
[2.206s] running build
[2.206s] running build_py
[2.207s] copying mypkg/talker.py -> /home/shumy/ros2_ws/build/mypkg/build/lib/mypkg
[2.207s] running install
[2.208s] running install_lib
[2.210s] copying /home/shumy/ros2_ws/build/mypkg/build/lib/mypkg/talker.py -> /home/shumy/ros2_ws/install/mypkg/lib/python3.8/site-packages/mypkg
[2.215s] byte-compiling /home/shumy/ros2_ws/install/mypkg/lib/python3.8/site-packages/mypkg/talker.py to talker.cpython-38.pyc
[2.216s] running install_data
[2.217s] running install_egg_info
[2.217s] removing '/home/shumy/ros2_ws/install/mypkg/lib/python3.8/site-packages/mypkg-0.0.0-py3.8.egg-info' (and everything under it)
[2.220s] Copying ../../build/mypkg/mypkg.egg-info to /home/shumy/ros2_ws/install/mypkg/lib/python3.8/site-packages/mypkg-0.0.0-py3.8.egg-info
[2.220s] running install_scripts
[2.248s] Installing listener script to /home/shumy/ros2_ws/install/mypkg/lib/mypkg
[2.249s] Installing talker script to /home/shumy/ros2_ws/install/mypkg/lib/mypkg
[2.249s] writing list of installed files to '/home/shumy/ros2_ws/build/mypkg/install.log'
[2.278s] Invoked command in '/home/shumy/ros2_ws/src/mypkg' returned '0': PYTHONPATH=/home/shumy/ros2_ws/build/mypkg/prefix_override:/home/shumy/ros2_ws/install/mypkg/lib/python3.8/site-packages:${PYTHONPATH} /usr/bin/python3 setup.py egg_info --egg-base ../../build/mypkg build --build-base /home/shumy/ros2_ws/build/mypkg/build install --record /home/shumy/ros2_ws/build/mypkg/install.log --install-scripts $base/lib/mypkg --single-version-externally-managed
