[0.297s] Invoking command in '/home/shumy/ros2_ws/src/build/person_msgs': CMAKE_PREFIX_PATH=/home/shumy/ros2_ws/install/mypkg:/opt/ros/foxy /usr/bin/cmake /home/shumy/ros2_ws/src/person_msgs -DCMAKE_INSTALL_PREFIX=/home/shumy/ros2_ws/src/install/person_msgs
[0.427s] -- The C compiler identification is GNU 9.4.0
[0.623s] -- The CXX compiler identification is GNU 9.4.0
[0.730s] -- Check for working C compiler: /usr/bin/cc
[0.843s] -- Check for working C compiler: /usr/bin/cc -- works
[0.844s] -- Detecting C compiler ABI info
[0.952s] -- Detecting C compiler ABI info - done
[0.959s] -- Detecting C compile features
[0.959s] -- Detecting C compile features - done
[0.961s] -- Check for working CXX compiler: /usr/bin/c++
[1.075s] -- Check for working CXX compiler: /usr/bin/c++ -- works
[1.076s] -- Detecting CXX compiler ABI info
[1.191s] -- Detecting CXX compiler ABI info - done
[1.198s] -- Detecting CXX compile features
[1.198s] -- Detecting CXX compile features - done
[1.200s] -- Found ament_cmake: 0.9.12 (/opt/ros/foxy/share/ament_cmake/cmake)
[1.215s] -- Found PythonInterp: /usr/bin/python3 (found suitable version "3.8.10", minimum required is "3") 
[1.215s] -- Using PYTHON_EXECUTABLE: /usr/bin/python3
[1.329s] -- Found rosidl_default_generators: 1.0.1 (/opt/ros/foxy/share/rosidl_default_generators/cmake)
[1.330s] -- Using all available rosidl_typesupport_c: rosidl_typesupport_fastrtps_c;rosidl_typesupport_introspection_c
[1.334s] -- Found rosidl_adapter: 1.3.1 (/opt/ros/foxy/share/rosidl_adapter/cmake)
[2.283s] -- Found OpenSSL: /usr/lib/x86_64-linux-gnu/libcrypto.so (found version "1.1.1f")  
[3.215s] -- Found FastRTPS: /opt/ros/foxy/include  
[4.744s] -- Using all available rosidl_typesupport_cpp: rosidl_typesupport_fastrtps_cpp;rosidl_typesupport_introspection_cpp
[4.774s] -- Found PythonInterp: /usr/bin/python3 (found version "3.8.10") 
[4.844s] -- Found ament_cmake_ros: 0.9.2 (/opt/ros/foxy/share/ament_cmake_ros/cmake)
[8.072s] -- Using all available rosidl_typesupport_c: rosidl_typesupport_fastrtps_c;rosidl_typesupport_introspection_c
[8.076s] -- Using all available rosidl_typesupport_cpp: rosidl_typesupport_fastrtps_cpp;rosidl_typesupport_introspection_cpp
[8.092s] -- Found PythonInterp: /usr/bin/python3 (found suitable version "3.8.10", minimum required is "3.5") 
[8.092s] -- Found python_cmake_module: 0.8.1 (/opt/ros/foxy/share/python_cmake_module/cmake)
[8.401s] -- Found PythonLibs: /usr/lib/x86_64-linux-gnu/libpython3.8.so (found suitable version "3.8.10", minimum required is "3.5") 
[8.401s] -- Using PYTHON_EXECUTABLE: /usr/bin/python3
[8.401s] -- Using PYTHON_INCLUDE_DIRS: /usr/include/python3.8
[8.401s] -- Using PYTHON_LIBRARIES: /usr/lib/x86_64-linux-gnu/libpython3.8.so
[8.415s] -- Found PythonExtra: .so  
[8.476s] -- Found ament_lint_auto: 0.9.8 (/opt/ros/foxy/share/ament_lint_auto/cmake)
[8.488s] -- Added test 'copyright' to check source files copyright and LICENSE
[8.489s] -- Added test 'lint_cmake' to check CMake code style
[8.490s] -- Added test 'xmllint' to check XML markup files
[8.493s] -- Configuring done
[8.511s] -- Generating done
[8.513s] -- Build files have been written to: /home/shumy/ros2_ws/src/build/person_msgs
[8.520s] Invoked command in '/home/shumy/ros2_ws/src/build/person_msgs' returned '0': CMAKE_PREFIX_PATH=/home/shumy/ros2_ws/install/mypkg:/opt/ros/foxy /usr/bin/cmake /home/shumy/ros2_ws/src/person_msgs -DCMAKE_INSTALL_PREFIX=/home/shumy/ros2_ws/src/install/person_msgs
[8.523s] Invoking command in '/home/shumy/ros2_ws/src/build/person_msgs': CMAKE_PREFIX_PATH=/home/shumy/ros2_ws/install/mypkg:/opt/ros/foxy /usr/bin/cmake --build /home/shumy/ros2_ws/src/build/person_msgs -- -j16 -l16
[8.546s] [  3%] [34m[1mGenerating C code for ROS interfaces[0m
[8.546s] [35m[1mScanning dependencies of target person_msgs__cpp[0m
[8.552s] [  6%] [34m[1mGenerating C++ code for ROS interfaces[0m
[8.686s] [35m[1mScanning dependencies of target person_msgs__rosidl_generator_c[0m
[8.688s] [  6%] Built target person_msgs__cpp
[8.694s] [ 19%] [34m[1mGenerating C++ type support dispatch for ROS interfaces[0m
[8.694s] [ 19%] [34m[1mGenerating C++ type support for eProsima Fast-RTPS[0m
[8.694s] [ 19%] [34m[1mGenerating C++ introspection for ROS interfaces[0m
[8.694s] [ 19%] [32mBuilding C object CMakeFiles/person_msgs__rosidl_generator_c.dir/rosidl_generator_c/person_msgs/msg/detail/person__functions.c.o[0m
[8.724s] [ 22%] [32m[1mLinking C shared library libperson_msgs__rosidl_generator_c.so[0m
[8.816s] [ 22%] Built target person_msgs__rosidl_generator_c
[8.821s] [35m[1mScanning dependencies of target person_msgs__rosidl_typesupport_cpp[0m
[8.822s] [ 29%] [34m[1mGenerating C introspection for ROS interfaces[0m
[8.822s] [ 29%] [34m[1mGenerating C type support dispatch for ROS interfaces[0m
[8.829s] [ 32%] [32mBuilding CXX object CMakeFiles/person_msgs__rosidl_typesupport_cpp.dir/rosidl_typesupport_cpp/person_msgs/msg/person__type_support.cpp.o[0m
[8.836s] [35m[1mScanning dependencies of target person_msgs__rosidl_typesupport_fastrtps_cpp[0m
[8.845s] [ 35%] [32mBuilding CXX object CMakeFiles/person_msgs__rosidl_typesupport_fastrtps_cpp.dir/rosidl_typesupport_fastrtps_cpp/person_msgs/msg/detail/dds_fastrtps/person__type_support.cpp.o[0m
[8.851s] [35m[1mScanning dependencies of target person_msgs__rosidl_typesupport_introspection_cpp[0m
[8.860s] [ 38%] [32mBuilding CXX object CMakeFiles/person_msgs__rosidl_typesupport_introspection_cpp.dir/rosidl_typesupport_introspection_cpp/person_msgs/msg/detail/person__type_support.cpp.o[0m
[8.966s] [35m[1mScanning dependencies of target person_msgs__rosidl_typesupport_introspection_c[0m
[8.974s] [ 41%] [32mBuilding C object CMakeFiles/person_msgs__rosidl_typesupport_introspection_c.dir/rosidl_typesupport_introspection_c/person_msgs/msg/detail/person__type_support.c.o[0m
[8.994s] [35m[1mScanning dependencies of target person_msgs__rosidl_typesupport_c[0m
[8.996s] [ 45%] [32m[1mLinking C shared library libperson_msgs__rosidl_typesupport_introspection_c.so[0m
[9.001s] [ 48%] [32mBuilding CXX object CMakeFiles/person_msgs__rosidl_typesupport_c.dir/rosidl_typesupport_c/person_msgs/msg/person__type_support.cpp.o[0m
[9.024s] [ 51%] [32m[1mLinking CXX shared library libperson_msgs__rosidl_typesupport_c.so[0m
[9.066s] [ 54%] [32m[1mLinking CXX shared library libperson_msgs__rosidl_typesupport_cpp.so[0m
[9.073s] [ 58%] [32m[1mLinking CXX shared library libperson_msgs__rosidl_typesupport_introspection_cpp.so[0m
[9.110s] [ 58%] Built target person_msgs__rosidl_typesupport_introspection_c
[9.138s] [ 58%] Built target person_msgs__rosidl_typesupport_c
[9.171s] [ 61%] [32m[1mLinking CXX shared library libperson_msgs__rosidl_typesupport_fastrtps_cpp.so[0m
[9.180s] [ 61%] Built target person_msgs__rosidl_typesupport_cpp
[9.207s] [ 61%] Built target person_msgs__rosidl_typesupport_introspection_cpp
[9.286s] [ 61%] Built target person_msgs__rosidl_typesupport_fastrtps_cpp
[9.292s] [ 64%] [34m[1mGenerating C type support for eProsima Fast-RTPS[0m
[9.422s] [35m[1mScanning dependencies of target person_msgs__rosidl_typesupport_fastrtps_c[0m
[9.432s] [ 67%] [32mBuilding CXX object CMakeFiles/person_msgs__rosidl_typesupport_fastrtps_c.dir/rosidl_typesupport_fastrtps_c/person_msgs/msg/detail/person__type_support_c.cpp.o[0m
[9.661s] [ 70%] [32m[1mLinking CXX shared library libperson_msgs__rosidl_typesupport_fastrtps_c.so[0m
[9.771s] [ 70%] Built target person_msgs__rosidl_typesupport_fastrtps_c
[9.777s] [35m[1mScanning dependencies of target person_msgs[0m
[9.783s] [ 70%] Built target person_msgs
[9.788s] [35m[1mScanning dependencies of target person_msgs__py[0m
[9.794s] [ 74%] [34m[1mGenerating Python code for ROS interfaces[0m
[10.021s] [ 74%] Built target person_msgs__py
[10.027s] [35m[1mScanning dependencies of target person_msgs__python[0m
[10.038s] [ 77%] [32mBuilding C object CMakeFiles/person_msgs__python.dir/rosidl_generator_py/person_msgs/msg/_person_s.c.o[0m
[10.095s] [ 80%] [32m[1mLinking C shared library rosidl_generator_py/person_msgs/libperson_msgs__python.so[0m
[10.183s] [ 80%] Built target person_msgs__python
[10.190s] [35m[1mScanning dependencies of target person_msgs__rosidl_typesupport_introspection_c__pyext[0m
[10.190s] [35m[1mScanning dependencies of target person_msgs__rosidl_typesupport_fastrtps_c__pyext[0m
[10.190s] [35m[1mScanning dependencies of target person_msgs__rosidl_typesupport_c__pyext[0m
[10.201s] [ 90%] [32mBuilding C object CMakeFiles/person_msgs__rosidl_typesupport_fastrtps_c__pyext.dir/rosidl_generator_py/person_msgs/_person_msgs_s.ep.rosidl_typesupport_fastrtps_c.c.o[0m
[10.201s] [ 90%] [32mBuilding C object CMakeFiles/person_msgs__rosidl_typesupport_c__pyext.dir/rosidl_generator_py/person_msgs/_person_msgs_s.ep.rosidl_typesupport_c.c.o[0m
[10.201s] [ 90%] [32mBuilding C object CMakeFiles/person_msgs__rosidl_typesupport_introspection_c__pyext.dir/rosidl_generator_py/person_msgs/_person_msgs_s.ep.rosidl_typesupport_introspection_c.c.o[0m
[10.251s] [100%] [32m[1mLinking CXX shared library rosidl_generator_py/person_msgs/person_msgs_s__rosidl_typesupport_fastrtps_c.cpython-38-x86_64-linux-gnu.so[0m
[10.251s] [100%] [32m[1mLinking C shared library rosidl_generator_py/person_msgs/person_msgs_s__rosidl_typesupport_c.cpython-38-x86_64-linux-gnu.so[0m
[10.251s] [100%] [32m[1mLinking C shared library rosidl_generator_py/person_msgs/person_msgs_s__rosidl_typesupport_introspection_c.cpython-38-x86_64-linux-gnu.so[0m
[10.319s] [100%] Built target person_msgs__rosidl_typesupport_c__pyext
[10.319s] [100%] Built target person_msgs__rosidl_typesupport_introspection_c__pyext
[10.334s] [100%] Built target person_msgs__rosidl_typesupport_fastrtps_c__pyext
[10.341s] Invoked command in '/home/shumy/ros2_ws/src/build/person_msgs' returned '0': CMAKE_PREFIX_PATH=/home/shumy/ros2_ws/install/mypkg:/opt/ros/foxy /usr/bin/cmake --build /home/shumy/ros2_ws/src/build/person_msgs -- -j16 -l16
[10.378s] Invoking command in '/home/shumy/ros2_ws/src/build/person_msgs': CMAKE_PREFIX_PATH=/home/shumy/ros2_ws/install/mypkg:/opt/ros/foxy /usr/bin/cmake --install /home/shumy/ros2_ws/src/build/person_msgs
[10.383s] -- Install configuration: ""
[10.383s] -- Installing: /home/shumy/ros2_ws/src/install/person_msgs/share/ament_index/resource_index/rosidl_interfaces/person_msgs
[10.383s] -- Installing: /home/shumy/ros2_ws/src/install/person_msgs/include/person_msgs
[10.384s] -- Installing: /home/shumy/ros2_ws/src/install/person_msgs/include/person_msgs/msg
[10.384s] -- Installing: /home/shumy/ros2_ws/src/install/person_msgs/include/person_msgs/msg/person.h
[10.384s] -- Installing: /home/shumy/ros2_ws/src/install/person_msgs/include/person_msgs/msg/rosidl_generator_c__visibility_control.h
[10.384s] -- Installing: /home/shumy/ros2_ws/src/install/person_msgs/include/person_msgs/msg/detail
[10.384s] -- Installing: /home/shumy/ros2_ws/src/install/person_msgs/include/person_msgs/msg/detail/person__functions.c
[10.384s] -- Installing: /home/shumy/ros2_ws/src/install/person_msgs/include/person_msgs/msg/detail/person__type_support.h
[10.385s] -- Installing: /home/shumy/ros2_ws/src/install/person_msgs/include/person_msgs/msg/detail/person__functions.h
[10.385s] -- Installing: /home/shumy/ros2_ws/src/install/person_msgs/include/person_msgs/msg/detail/person__struct.h
[10.385s] -- Installing: /home/shumy/ros2_ws/src/install/person_msgs/share/person_msgs/environment/library_path.sh
[10.385s] -- Installing: /home/shumy/ros2_ws/src/install/person_msgs/share/person_msgs/environment/library_path.dsv
[10.385s] -- Installing: /home/shumy/ros2_ws/src/install/person_msgs/lib/libperson_msgs__rosidl_generator_c.so
[10.385s] -- Set runtime path of "/home/shumy/ros2_ws/src/install/person_msgs/lib/libperson_msgs__rosidl_generator_c.so" to ""
[10.385s] -- Up-to-date: /home/shumy/ros2_ws/src/install/person_msgs/include/person_msgs
[10.385s] -- Up-to-date: /home/shumy/ros2_ws/src/install/person_msgs/include/person_msgs/msg
[10.385s] -- Installing: /home/shumy/ros2_ws/src/install/person_msgs/include/person_msgs/msg/rosidl_typesupport_fastrtps_c__visibility_control.h
[10.385s] -- Up-to-date: /home/shumy/ros2_ws/src/install/person_msgs/include/person_msgs/msg/detail
[10.386s] -- Installing: /home/shumy/ros2_ws/src/install/person_msgs/include/person_msgs/msg/detail/person__rosidl_typesupport_fastrtps_c.h
[10.386s] -- Installing: /home/shumy/ros2_ws/src/install/person_msgs/lib/libperson_msgs__rosidl_typesupport_fastrtps_c.so
[10.386s] -- Set runtime path of "/home/shumy/ros2_ws/src/install/person_msgs/lib/libperson_msgs__rosidl_typesupport_fastrtps_c.so" to ""
[10.386s] -- Up-to-date: /home/shumy/ros2_ws/src/install/person_msgs/include/person_msgs
[10.386s] -- Up-to-date: /home/shumy/ros2_ws/src/install/person_msgs/include/person_msgs/msg
[10.386s] -- Installing: /home/shumy/ros2_ws/src/install/person_msgs/include/person_msgs/msg/rosidl_typesupport_fastrtps_cpp__visibility_control.h
[10.386s] -- Up-to-date: /home/shumy/ros2_ws/src/install/person_msgs/include/person_msgs/msg/detail
[10.386s] -- Installing: /home/shumy/ros2_ws/src/install/person_msgs/include/person_msgs/msg/detail/dds_fastrtps
[10.386s] -- Installing: /home/shumy/ros2_ws/src/install/person_msgs/include/person_msgs/msg/detail/person__rosidl_typesupport_fastrtps_cpp.hpp
[10.387s] -- Installing: /home/shumy/ros2_ws/src/install/person_msgs/lib/libperson_msgs__rosidl_typesupport_fastrtps_cpp.so
[10.387s] -- Set runtime path of "/home/shumy/ros2_ws/src/install/person_msgs/lib/libperson_msgs__rosidl_typesupport_fastrtps_cpp.so" to ""
[10.387s] -- Up-to-date: /home/shumy/ros2_ws/src/install/person_msgs/include/person_msgs
[10.387s] -- Up-to-date: /home/shumy/ros2_ws/src/install/person_msgs/include/person_msgs/msg
[10.387s] -- Installing: /home/shumy/ros2_ws/src/install/person_msgs/include/person_msgs/msg/rosidl_typesupport_introspection_c__visibility_control.h
[10.387s] -- Up-to-date: /home/shumy/ros2_ws/src/install/person_msgs/include/person_msgs/msg/detail
[10.387s] -- Installing: /home/shumy/ros2_ws/src/install/person_msgs/include/person_msgs/msg/detail/person__type_support.c
[10.387s] -- Installing: /home/shumy/ros2_ws/src/install/person_msgs/include/person_msgs/msg/detail/person__rosidl_typesupport_introspection_c.h
[10.388s] -- Installing: /home/shumy/ros2_ws/src/install/person_msgs/lib/libperson_msgs__rosidl_typesupport_introspection_c.so
[10.388s] -- Set runtime path of "/home/shumy/ros2_ws/src/install/person_msgs/lib/libperson_msgs__rosidl_typesupport_introspection_c.so" to ""
[10.388s] -- Installing: /home/shumy/ros2_ws/src/install/person_msgs/lib/libperson_msgs__rosidl_typesupport_c.so
[10.388s] -- Set runtime path of "/home/shumy/ros2_ws/src/install/person_msgs/lib/libperson_msgs__rosidl_typesupport_c.so" to ""
[10.388s] -- Up-to-date: /home/shumy/ros2_ws/src/install/person_msgs/include/person_msgs
[10.388s] -- Up-to-date: /home/shumy/ros2_ws/src/install/person_msgs/include/person_msgs/msg
[10.388s] -- Installing: /home/shumy/ros2_ws/src/install/person_msgs/include/person_msgs/msg/person.hpp
[10.388s] -- Installing: /home/shumy/ros2_ws/src/install/person_msgs/include/person_msgs/msg/rosidl_generator_cpp__visibility_control.hpp
[10.388s] -- Up-to-date: /home/shumy/ros2_ws/src/install/person_msgs/include/person_msgs/msg/detail
[10.389s] -- Installing: /home/shumy/ros2_ws/src/install/person_msgs/include/person_msgs/msg/detail/person__builder.hpp
[10.389s] -- Installing: /home/shumy/ros2_ws/src/install/person_msgs/include/person_msgs/msg/detail/person__type_support.hpp
[10.389s] -- Installing: /home/shumy/ros2_ws/src/install/person_msgs/include/person_msgs/msg/detail/person__traits.hpp
[10.389s] -- Installing: /home/shumy/ros2_ws/src/install/person_msgs/include/person_msgs/msg/detail/person__struct.hpp
[10.389s] -- Up-to-date: /home/shumy/ros2_ws/src/install/person_msgs/include/person_msgs
[10.389s] -- Up-to-date: /home/shumy/ros2_ws/src/install/person_msgs/include/person_msgs/msg
[10.389s] -- Up-to-date: /home/shumy/ros2_ws/src/install/person_msgs/include/person_msgs/msg/detail
[10.389s] -- Installing: /home/shumy/ros2_ws/src/install/person_msgs/include/person_msgs/msg/detail/person__rosidl_typesupport_introspection_cpp.hpp
[10.389s] -- Installing: /home/shumy/ros2_ws/src/install/person_msgs/include/person_msgs/msg/detail/person__type_support.cpp
[10.389s] -- Installing: /home/shumy/ros2_ws/src/install/person_msgs/lib/libperson_msgs__rosidl_typesupport_introspection_cpp.so
[10.389s] -- Set runtime path of "/home/shumy/ros2_ws/src/install/person_msgs/lib/libperson_msgs__rosidl_typesupport_introspection_cpp.so" to ""
[10.389s] -- Installing: /home/shumy/ros2_ws/src/install/person_msgs/lib/libperson_msgs__rosidl_typesupport_cpp.so
[10.389s] -- Set runtime path of "/home/shumy/ros2_ws/src/install/person_msgs/lib/libperson_msgs__rosidl_typesupport_cpp.so" to ""
[10.389s] -- Installing: /home/shumy/ros2_ws/src/install/person_msgs/share/person_msgs/environment/pythonpath.sh
[10.389s] -- Installing: /home/shumy/ros2_ws/src/install/person_msgs/share/person_msgs/environment/pythonpath.dsv
[10.390s] -- Installing: /home/shumy/ros2_ws/src/install/person_msgs/lib/python3.8/site-packages/person_msgs/__init__.py
[10.408s] Compiling '/home/shumy/ros2_ws/src/install/person_msgs/lib/python3.8/site-packages/person_msgs/__init__.py'...
[10.410s] -- Installing: /home/shumy/ros2_ws/src/install/person_msgs/lib/python3.8/site-packages/person_msgs/msg
[10.410s] -- Installing: /home/shumy/ros2_ws/src/install/person_msgs/lib/python3.8/site-packages/person_msgs/msg/_person.py
[10.411s] -- Installing: /home/shumy/ros2_ws/src/install/person_msgs/lib/python3.8/site-packages/person_msgs/msg/_person_s.c
[10.411s] -- Installing: /home/shumy/ros2_ws/src/install/person_msgs/lib/python3.8/site-packages/person_msgs/msg/__init__.py
[10.411s] -- Installing: /home/shumy/ros2_ws/src/install/person_msgs/lib/python3.8/site-packages/person_msgs/person_msgs_s__rosidl_typesupport_fastrtps_c.cpython-38-x86_64-linux-gnu.so
[10.411s] -- Set runtime path of "/home/shumy/ros2_ws/src/install/person_msgs/lib/python3.8/site-packages/person_msgs/person_msgs_s__rosidl_typesupport_fastrtps_c.cpython-38-x86_64-linux-gnu.so" to ""
[10.412s] -- Installing: /home/shumy/ros2_ws/src/install/person_msgs/lib/python3.8/site-packages/person_msgs/person_msgs_s__rosidl_typesupport_introspection_c.cpython-38-x86_64-linux-gnu.so
[10.412s] -- Set runtime path of "/home/shumy/ros2_ws/src/install/person_msgs/lib/python3.8/site-packages/person_msgs/person_msgs_s__rosidl_typesupport_introspection_c.cpython-38-x86_64-linux-gnu.so" to ""
[10.412s] -- Installing: /home/shumy/ros2_ws/src/install/person_msgs/lib/python3.8/site-packages/person_msgs/person_msgs_s__rosidl_typesupport_c.cpython-38-x86_64-linux-gnu.so
[10.412s] -- Set runtime path of "/home/shumy/ros2_ws/src/install/person_msgs/lib/python3.8/site-packages/person_msgs/person_msgs_s__rosidl_typesupport_c.cpython-38-x86_64-linux-gnu.so" to ""
[10.412s] -- Installing: /home/shumy/ros2_ws/src/install/person_msgs/lib/libperson_msgs__python.so
[10.413s] -- Set runtime path of "/home/shumy/ros2_ws/src/install/person_msgs/lib/libperson_msgs__python.so" to ""
[10.413s] -- Installing: /home/shumy/ros2_ws/src/install/person_msgs/share/person_msgs/msg/Person.idl
[10.413s] -- Installing: /home/shumy/ros2_ws/src/install/person_msgs/share/person_msgs/msg/Person.msg
[10.413s] -- Installing: /home/shumy/ros2_ws/src/install/person_msgs/share/ament_index/resource_index/package_run_dependencies/person_msgs
[10.413s] -- Installing: /home/shumy/ros2_ws/src/install/person_msgs/share/ament_index/resource_index/parent_prefix_path/person_msgs
[10.413s] -- Installing: /home/shumy/ros2_ws/src/install/person_msgs/share/person_msgs/environment/ament_prefix_path.sh
[10.413s] -- Installing: /home/shumy/ros2_ws/src/install/person_msgs/share/person_msgs/environment/ament_prefix_path.dsv
[10.414s] -- Installing: /home/shumy/ros2_ws/src/install/person_msgs/share/person_msgs/environment/path.sh
[10.414s] -- Installing: /home/shumy/ros2_ws/src/install/person_msgs/share/person_msgs/environment/path.dsv
[10.414s] -- Installing: /home/shumy/ros2_ws/src/install/person_msgs/share/person_msgs/local_setup.bash
[10.414s] -- Installing: /home/shumy/ros2_ws/src/install/person_msgs/share/person_msgs/local_setup.sh
[10.414s] -- Installing: /home/shumy/ros2_ws/src/install/person_msgs/share/person_msgs/local_setup.zsh
[10.414s] -- Installing: /home/shumy/ros2_ws/src/install/person_msgs/share/person_msgs/local_setup.dsv
[10.414s] -- Installing: /home/shumy/ros2_ws/src/install/person_msgs/share/person_msgs/package.dsv
[10.415s] -- Installing: /home/shumy/ros2_ws/src/install/person_msgs/share/ament_index/resource_index/packages/person_msgs
[10.415s] -- Installing: /home/shumy/ros2_ws/src/install/person_msgs/share/person_msgs/cmake/person_msgs__rosidl_generator_cExport.cmake
[10.415s] -- Installing: /home/shumy/ros2_ws/src/install/person_msgs/share/person_msgs/cmake/person_msgs__rosidl_generator_cExport-noconfig.cmake
[10.415s] -- Installing: /home/shumy/ros2_ws/src/install/person_msgs/share/person_msgs/cmake/person_msgs__rosidl_typesupport_introspection_cExport.cmake
[10.415s] -- Installing: /home/shumy/ros2_ws/src/install/person_msgs/share/person_msgs/cmake/person_msgs__rosidl_typesupport_introspection_cExport-noconfig.cmake
[10.415s] -- Installing: /home/shumy/ros2_ws/src/install/person_msgs/share/person_msgs/cmake/person_msgs__rosidl_typesupport_cExport.cmake
[10.415s] -- Installing: /home/shumy/ros2_ws/src/install/person_msgs/share/person_msgs/cmake/person_msgs__rosidl_typesupport_cExport-noconfig.cmake
[10.415s] -- Installing: /home/shumy/ros2_ws/src/install/person_msgs/share/person_msgs/cmake/person_msgs__rosidl_generator_cppExport.cmake
[10.416s] -- Installing: /home/shumy/ros2_ws/src/install/person_msgs/share/person_msgs/cmake/person_msgs__rosidl_typesupport_introspection_cppExport.cmake
[10.416s] -- Installing: /home/shumy/ros2_ws/src/install/person_msgs/share/person_msgs/cmake/person_msgs__rosidl_typesupport_introspection_cppExport-noconfig.cmake
[10.416s] -- Installing: /home/shumy/ros2_ws/src/install/person_msgs/share/person_msgs/cmake/person_msgs__rosidl_typesupport_cppExport.cmake
[10.416s] -- Installing: /home/shumy/ros2_ws/src/install/person_msgs/share/person_msgs/cmake/person_msgs__rosidl_typesupport_cppExport-noconfig.cmake
[10.416s] -- Installing: /home/shumy/ros2_ws/src/install/person_msgs/share/person_msgs/cmake/rosidl_cmake-extras.cmake
[10.416s] -- Installing: /home/shumy/ros2_ws/src/install/person_msgs/share/person_msgs/cmake/ament_cmake_export_dependencies-extras.cmake
[10.416s] -- Installing: /home/shumy/ros2_ws/src/install/person_msgs/share/person_msgs/cmake/ament_cmake_export_libraries-extras.cmake
[10.417s] -- Installing: /home/shumy/ros2_ws/src/install/person_msgs/share/person_msgs/cmake/ament_cmake_export_targets-extras.cmake
[10.417s] -- Installing: /home/shumy/ros2_ws/src/install/person_msgs/share/person_msgs/cmake/ament_cmake_export_include_directories-extras.cmake
[10.417s] -- Installing: /home/shumy/ros2_ws/src/install/person_msgs/share/person_msgs/cmake/rosidl_cmake_export_typesupport_libraries-extras.cmake
[10.417s] -- Installing: /home/shumy/ros2_ws/src/install/person_msgs/share/person_msgs/cmake/rosidl_cmake_export_typesupport_targets-extras.cmake
[10.417s] -- Installing: /home/shumy/ros2_ws/src/install/person_msgs/share/person_msgs/cmake/person_msgsConfig.cmake
[10.417s] -- Installing: /home/shumy/ros2_ws/src/install/person_msgs/share/person_msgs/cmake/person_msgsConfig-version.cmake
[10.417s] -- Installing: /home/shumy/ros2_ws/src/install/person_msgs/share/person_msgs/package.xml
[10.418s] Invoked command in '/home/shumy/ros2_ws/src/build/person_msgs' returned '0': CMAKE_PREFIX_PATH=/home/shumy/ros2_ws/install/mypkg:/opt/ros/foxy /usr/bin/cmake --install /home/shumy/ros2_ws/src/build/person_msgs
